<?xml version="1.0" encoding="UTF-8"?>
<coverage generated="1642204614533" clover="3.2.0">
  <project timestamp="1642204614533" name="All files">
    <metrics statements="246" coveredstatements="149" conditionals="87" coveredconditionals="28" methods="80" coveredmethods="45" elements="413" coveredelements="222" complexity="0" loc="246" ncloc="246" packages="24" files="61" classes="61"/>
    <package name="src">
      <metrics statements="3" coveredstatements="3" conditionals="0" coveredconditionals="0" methods="0" coveredmethods="0"/>
      <file name="index.js" path="/Users/paola.santollo/Documents/GitHub/react-apprenticeship-capstone1/src/index.js">
        <metrics statements="1" coveredstatements="1" conditionals="0" coveredconditionals="0" methods="0" coveredmethods="0"/>
        <line num="7" count="1" type="stmt"/>
      </file>
      <file name="theme.js" path="/Users/paola.santollo/Documents/GitHub/react-apprenticeship-capstone1/src/theme.js">
        <metrics statements="2" coveredstatements="2" conditionals="0" coveredconditionals="0" methods="0" coveredmethods="0"/>
        <line num="15" count="4" type="stmt"/>
        <line num="22" count="4" type="stmt"/>
      </file>
    </package>
    <package name="src.api">
      <metrics statements="1" coveredstatements="1" conditionals="0" coveredconditionals="0" methods="0" coveredmethods="0"/>
      <file name="youtube.js" path="/Users/paola.santollo/Documents/GitHub/react-apprenticeship-capstone1/src/api/youtube.js">
        <metrics statements="1" coveredstatements="1" conditionals="0" coveredconditionals="0" methods="0" coveredmethods="0"/>
        <line num="2" count="6" type="stmt"/>
      </file>
    </package>
    <package name="src.components.App">
      <metrics statements="1" coveredstatements="1" conditionals="0" coveredconditionals="0" methods="1" coveredmethods="1"/>
      <file name="App.component.jsx" path="/Users/paola.santollo/Documents/GitHub/react-apprenticeship-capstone1/src/components/App/App.component.jsx">
        <metrics statements="1" coveredstatements="1" conditionals="0" coveredconditionals="0" methods="1" coveredmethods="1"/>
        <line num="11" count="1" type="stmt"/>
      </file>
      <file name="index.js" path="/Users/paola.santollo/Documents/GitHub/react-apprenticeship-capstone1/src/components/App/index.js">
        <metrics statements="0" coveredstatements="0" conditionals="0" coveredconditionals="0" methods="0" coveredmethods="0"/>
      </file>
    </package>
    <package name="src.components.Button">
      <metrics statements="3" coveredstatements="3" conditionals="0" coveredconditionals="0" methods="2" coveredmethods="2"/>
      <file name="Button.component.jsx" path="/Users/paola.santollo/Documents/GitHub/react-apprenticeship-capstone1/src/components/Button/Button.component.jsx">
        <metrics statements="1" coveredstatements="1" conditionals="0" coveredconditionals="0" methods="1" coveredmethods="1"/>
        <line num="6" count="41" type="stmt"/>
      </file>
      <file name="Button.styles.jsx" path="/Users/paola.santollo/Documents/GitHub/react-apprenticeship-capstone1/src/components/Button/Button.styles.jsx">
        <metrics statements="2" coveredstatements="2" conditionals="0" coveredconditionals="0" methods="1" coveredmethods="1"/>
        <line num="3" count="7" type="stmt"/>
        <line num="10" count="41" type="stmt"/>
      </file>
      <file name="index.js" path="/Users/paola.santollo/Documents/GitHub/react-apprenticeship-capstone1/src/components/Button/index.js">
        <metrics statements="0" coveredstatements="0" conditionals="0" coveredconditionals="0" methods="0" coveredmethods="0"/>
      </file>
    </package>
    <package name="src.components.ChannelCard">
      <metrics statements="5" coveredstatements="5" conditionals="0" coveredconditionals="0" methods="1" coveredmethods="1"/>
      <file name="ChannelCard.component.jsx" path="/Users/paola.santollo/Documents/GitHub/react-apprenticeship-capstone1/src/components/ChannelCard/ChannelCard.component.jsx">
        <metrics statements="1" coveredstatements="1" conditionals="0" coveredconditionals="0" methods="1" coveredmethods="1"/>
        <line num="12" count="1" type="stmt"/>
      </file>
      <file name="ChannelCard.styles.jsx" path="/Users/paola.santollo/Documents/GitHub/react-apprenticeship-capstone1/src/components/ChannelCard/ChannelCard.styles.jsx">
        <metrics statements="4" coveredstatements="4" conditionals="0" coveredconditionals="0" methods="0" coveredmethods="0"/>
        <line num="3" count="4" type="stmt"/>
        <line num="19" count="4" type="stmt"/>
        <line num="32" count="4" type="stmt"/>
        <line num="36" count="4" type="stmt"/>
      </file>
      <file name="index.js" path="/Users/paola.santollo/Documents/GitHub/react-apprenticeship-capstone1/src/components/ChannelCard/index.js">
        <metrics statements="0" coveredstatements="0" conditionals="0" coveredconditionals="0" methods="0" coveredmethods="0"/>
      </file>
    </package>
    <package name="src.components.Header">
      <metrics statements="22" coveredstatements="11" conditionals="8" coveredconditionals="5" methods="8" coveredmethods="4"/>
      <file name="Header.component.jsx" path="/Users/paola.santollo/Documents/GitHub/react-apprenticeship-capstone1/src/components/Header/Header.component.jsx">
        <metrics statements="18" coveredstatements="7" conditionals="8" coveredconditionals="5" methods="7" coveredmethods="3"/>
        <line num="26" count="16" type="stmt"/>
        <line num="27" count="16" type="stmt"/>
        <line num="28" count="16" type="stmt"/>
        <line num="29" count="16" type="stmt"/>
        <line num="32" count="0" type="stmt"/>
        <line num="33" count="0" type="stmt"/>
        <line num="34" count="0" type="stmt"/>
        <line num="38" count="0" type="stmt"/>
        <line num="39" count="0" type="stmt"/>
        <line num="40" count="0" type="cond" truecount="0" falsecount="2"/>
        <line num="41" count="0" type="stmt"/>
        <line num="43" count="0" type="stmt"/>
        <line num="44" count="0" type="stmt"/>
        <line num="48" count="16" type="stmt"/>
        <line num="50" count="0" type="stmt"/>
        <line num="57" count="0" type="stmt"/>
        <line num="64" count="1" type="stmt"/>
        <line num="87" count="1" type="stmt"/>
      </file>
      <file name="Header.styles.jsx" path="/Users/paola.santollo/Documents/GitHub/react-apprenticeship-capstone1/src/components/Header/Header.styles.jsx">
        <metrics statements="4" coveredstatements="4" conditionals="0" coveredconditionals="0" methods="1" coveredmethods="1"/>
        <line num="3" count="4" type="stmt"/>
        <line num="4" count="16" type="stmt"/>
        <line num="17" count="4" type="stmt"/>
        <line num="22" count="4" type="stmt"/>
      </file>
      <file name="index.js" path="/Users/paola.santollo/Documents/GitHub/react-apprenticeship-capstone1/src/components/Header/index.js">
        <metrics statements="0" coveredstatements="0" conditionals="0" coveredconditionals="0" methods="0" coveredmethods="0"/>
      </file>
    </package>
    <package name="src.components.IconButton">
      <metrics statements="6" coveredstatements="6" conditionals="2" coveredconditionals="2" methods="2" coveredmethods="2"/>
      <file name="IconButton.component.jsx" path="/Users/paola.santollo/Documents/GitHub/react-apprenticeship-capstone1/src/components/IconButton/IconButton.component.jsx">
        <metrics statements="4" coveredstatements="4" conditionals="2" coveredconditionals="2" methods="1" coveredmethods="1"/>
        <line num="7" count="53" type="stmt"/>
        <line num="9" count="53" type="cond" truecount="2" falsecount="0"/>
        <line num="10" count="2" type="stmt"/>
        <line num="13" count="53" type="stmt"/>
      </file>
      <file name="IconButton.styles.jsx" path="/Users/paola.santollo/Documents/GitHub/react-apprenticeship-capstone1/src/components/IconButton/IconButton.styles.jsx">
        <metrics statements="2" coveredstatements="2" conditionals="0" coveredconditionals="0" methods="1" coveredmethods="1"/>
        <line num="3" count="9" type="stmt"/>
        <line num="7" count="53" type="stmt"/>
      </file>
      <file name="index.js" path="/Users/paola.santollo/Documents/GitHub/react-apprenticeship-capstone1/src/components/IconButton/index.js">
        <metrics statements="0" coveredstatements="0" conditionals="0" coveredconditionals="0" methods="0" coveredmethods="0"/>
      </file>
    </package>
    <package name="src.components.Input">
      <metrics statements="4" coveredstatements="4" conditionals="0" coveredconditionals="0" methods="3" coveredmethods="3"/>
      <file name="Input.component.jsx" path="/Users/paola.santollo/Documents/GitHub/react-apprenticeship-capstone1/src/components/Input/Input.component.jsx">
        <metrics statements="1" coveredstatements="1" conditionals="0" coveredconditionals="0" methods="1" coveredmethods="1"/>
        <line num="7" count="63" type="stmt"/>
      </file>
      <file name="Input.styles.jsx" path="/Users/paola.santollo/Documents/GitHub/react-apprenticeship-capstone1/src/components/Input/Input.styles.jsx">
        <metrics statements="3" coveredstatements="3" conditionals="0" coveredconditionals="0" methods="2" coveredmethods="2"/>
        <line num="3" count="7" type="stmt"/>
        <line num="4" count="63" type="stmt"/>
        <line num="7" count="63" type="stmt"/>
      </file>
      <file name="index.js" path="/Users/paola.santollo/Documents/GitHub/react-apprenticeship-capstone1/src/components/Input/index.js">
        <metrics statements="0" coveredstatements="0" conditionals="0" coveredconditionals="0" methods="0" coveredmethods="0"/>
      </file>
    </package>
    <package name="src.components.Layout">
      <metrics statements="3" coveredstatements="3" conditionals="2" coveredconditionals="1" methods="1" coveredmethods="1"/>
      <file name="Layout.component.jsx" path="/Users/paola.santollo/Documents/GitHub/react-apprenticeship-capstone1/src/components/Layout/Layout.component.jsx">
        <metrics statements="2" coveredstatements="2" conditionals="2" coveredconditionals="1" methods="1" coveredmethods="1"/>
        <line num="11" count="8" type="stmt"/>
        <line num="13" count="8" type="stmt"/>
      </file>
      <file name="Layout.styles.jsx" path="/Users/paola.santollo/Documents/GitHub/react-apprenticeship-capstone1/src/components/Layout/Layout.styles.jsx">
        <metrics statements="1" coveredstatements="1" conditionals="0" coveredconditionals="0" methods="0" coveredmethods="0"/>
        <line num="3" count="3" type="stmt"/>
      </file>
      <file name="index.js" path="/Users/paola.santollo/Documents/GitHub/react-apprenticeship-capstone1/src/components/Layout/index.js">
        <metrics statements="0" coveredstatements="0" conditionals="0" coveredconditionals="0" methods="0" coveredmethods="0"/>
      </file>
    </package>
    <package name="src.components.LoginForm">
      <metrics statements="11" coveredstatements="10" conditionals="2" coveredconditionals="1" methods="7" coveredmethods="6"/>
      <file name="LoginForm.component.jsx" path="/Users/paola.santollo/Documents/GitHub/react-apprenticeship-capstone1/src/components/LoginForm/LoginForm.component.jsx">
        <metrics statements="7" coveredstatements="6" conditionals="2" coveredconditionals="1" methods="5" coveredmethods="4"/>
        <line num="12" count="22" type="stmt"/>
        <line num="14" count="22" type="stmt"/>
        <line num="15" count="2" type="stmt"/>
        <line num="21" count="22" type="stmt"/>
        <line num="29" count="2" type="stmt"/>
        <line num="38" count="0" type="stmt"/>
        <line num="46" count="1" type="stmt"/>
      </file>
      <file name="LoginForm.styles.jsx" path="/Users/paola.santollo/Documents/GitHub/react-apprenticeship-capstone1/src/components/LoginForm/LoginForm.styles.jsx">
        <metrics statements="4" coveredstatements="4" conditionals="0" coveredconditionals="0" methods="2" coveredmethods="2"/>
        <line num="3" count="5" type="stmt"/>
        <line num="6" count="22" type="stmt"/>
        <line num="15" count="5" type="stmt"/>
        <line num="19" count="22" type="stmt"/>
      </file>
      <file name="index.js" path="/Users/paola.santollo/Documents/GitHub/react-apprenticeship-capstone1/src/components/LoginForm/index.js">
        <metrics statements="0" coveredstatements="0" conditionals="0" coveredconditionals="0" methods="0" coveredmethods="0"/>
      </file>
    </package>
    <package name="src.components.Menu">
      <metrics statements="5" coveredstatements="3" conditionals="2" coveredconditionals="1" methods="3" coveredmethods="1"/>
      <file name="Menu.component.jsx" path="/Users/paola.santollo/Documents/GitHub/react-apprenticeship-capstone1/src/components/Menu/Menu.component.jsx">
        <metrics statements="4" coveredstatements="2" conditionals="2" coveredconditionals="1" methods="3" coveredmethods="1"/>
        <line num="9" count="3" type="stmt"/>
        <line num="11" count="3" type="stmt"/>
        <line num="13" count="0" type="stmt"/>
        <line num="17" count="0" type="stmt"/>
      </file>
      <file name="Menu.styles.jsx" path="/Users/paola.santollo/Documents/GitHub/react-apprenticeship-capstone1/src/components/Menu/Menu.styles.jsx">
        <metrics statements="1" coveredstatements="1" conditionals="0" coveredconditionals="0" methods="0" coveredmethods="0"/>
        <line num="21" count="5" type="stmt"/>
      </file>
      <file name="index.js" path="/Users/paola.santollo/Documents/GitHub/react-apprenticeship-capstone1/src/components/Menu/index.js">
        <metrics statements="0" coveredstatements="0" conditionals="0" coveredconditionals="0" methods="0" coveredmethods="0"/>
      </file>
    </package>
    <package name="src.components.Modal">
      <metrics statements="8" coveredstatements="8" conditionals="2" coveredconditionals="2" methods="3" coveredmethods="3"/>
      <file name="Modal.component.jsx" path="/Users/paola.santollo/Documents/GitHub/react-apprenticeship-capstone1/src/components/Modal/Modal.component.jsx">
        <metrics statements="2" coveredstatements="2" conditionals="2" coveredconditionals="2" methods="1" coveredmethods="1"/>
        <line num="15" count="19" type="cond" truecount="2" falsecount="0"/>
        <line num="17" count="19" type="stmt"/>
      </file>
      <file name="Modal.styles.jsx" path="/Users/paola.santollo/Documents/GitHub/react-apprenticeship-capstone1/src/components/Modal/Modal.styles.jsx">
        <metrics statements="6" coveredstatements="6" conditionals="0" coveredconditionals="0" methods="2" coveredmethods="2"/>
        <line num="3" count="5" type="stmt"/>
        <line num="12" count="19" type="stmt"/>
        <line num="15" count="5" type="stmt"/>
        <line num="17" count="19" type="stmt"/>
        <line num="29" count="5" type="stmt"/>
        <line num="35" count="5" type="stmt"/>
      </file>
      <file name="index.js" path="/Users/paola.santollo/Documents/GitHub/react-apprenticeship-capstone1/src/components/Modal/index.js">
        <metrics statements="0" coveredstatements="0" conditionals="0" coveredconditionals="0" methods="0" coveredmethods="0"/>
      </file>
    </package>
    <package name="src.components.Private">
      <metrics statements="3" coveredstatements="3" conditionals="2" coveredconditionals="1" methods="2" coveredmethods="2"/>
      <file name="Private.component.jsx" path="/Users/paola.santollo/Documents/GitHub/react-apprenticeship-capstone1/src/components/Private/Private.component.jsx">
        <metrics statements="3" coveredstatements="3" conditionals="2" coveredconditionals="1" methods="2" coveredmethods="2"/>
        <line num="8" count="2" type="stmt"/>
        <line num="10" count="2" type="stmt"/>
        <line num="13" count="2" type="cond" truecount="1" falsecount="1"/>
      </file>
      <file name="index.js" path="/Users/paola.santollo/Documents/GitHub/react-apprenticeship-capstone1/src/components/Private/index.js">
        <metrics statements="0" coveredstatements="0" conditionals="0" coveredconditionals="0" methods="0" coveredmethods="0"/>
      </file>
    </package>
    <package name="src.components.SearchBar">
      <metrics statements="12" coveredstatements="7" conditionals="0" coveredconditionals="0" methods="4" coveredmethods="1"/>
      <file name="SearchBar.component.jsx" path="/Users/paola.santollo/Documents/GitHub/react-apprenticeship-capstone1/src/components/SearchBar/SearchBar.component.jsx">
        <metrics statements="9" coveredstatements="4" conditionals="0" coveredconditionals="0" methods="4" coveredmethods="1"/>
        <line num="15" count="18" type="stmt"/>
        <line num="16" count="18" type="stmt"/>
        <line num="18" count="18" type="stmt"/>
        <line num="19" count="0" type="stmt"/>
        <line num="20" count="0" type="stmt"/>
        <line num="22" count="0" type="stmt"/>
        <line num="25" count="0" type="stmt"/>
        <line num="27" count="0" type="stmt"/>
        <line num="30" count="18" type="stmt"/>
      </file>
      <file name="SearchBar.styles.jsx" path="/Users/paola.santollo/Documents/GitHub/react-apprenticeship-capstone1/src/components/SearchBar/SearchBar.styles.jsx">
        <metrics statements="3" coveredstatements="3" conditionals="0" coveredconditionals="0" methods="0" coveredmethods="0"/>
        <line num="3" count="5" type="stmt"/>
        <line num="10" count="5" type="stmt"/>
        <line num="32" count="5" type="stmt"/>
      </file>
      <file name="index.js" path="/Users/paola.santollo/Documents/GitHub/react-apprenticeship-capstone1/src/components/SearchBar/index.js">
        <metrics statements="0" coveredstatements="0" conditionals="0" coveredconditionals="0" methods="0" coveredmethods="0"/>
      </file>
    </package>
    <package name="src.components.Switch">
      <metrics statements="6" coveredstatements="6" conditionals="2" coveredconditionals="2" methods="2" coveredmethods="2"/>
      <file name="Switch.component.jsx" path="/Users/paola.santollo/Documents/GitHub/react-apprenticeship-capstone1/src/components/Switch/Switch.component.jsx">
        <metrics statements="1" coveredstatements="1" conditionals="2" coveredconditionals="2" methods="1" coveredmethods="1"/>
        <line num="11" count="18" type="stmt"/>
      </file>
      <file name="Switch.styles.jsx" path="/Users/paola.santollo/Documents/GitHub/react-apprenticeship-capstone1/src/components/Switch/Switch.styles.jsx">
        <metrics statements="5" coveredstatements="5" conditionals="0" coveredconditionals="0" methods="1" coveredmethods="1"/>
        <line num="3" count="5" type="stmt"/>
        <line num="7" count="5" type="stmt"/>
        <line num="32" count="5" type="stmt"/>
        <line num="49" count="5" type="stmt"/>
        <line num="52" count="17" type="stmt"/>
      </file>
      <file name="index.js" path="/Users/paola.santollo/Documents/GitHub/react-apprenticeship-capstone1/src/components/Switch/index.js">
        <metrics statements="0" coveredstatements="0" conditionals="0" coveredconditionals="0" methods="0" coveredmethods="0"/>
      </file>
    </package>
    <package name="src.components.VideoCard">
      <metrics statements="22" coveredstatements="16" conditionals="10" coveredconditionals="3" methods="5" coveredmethods="2"/>
      <file name="VideoCard.component.jsx" path="/Users/paola.santollo/Documents/GitHub/react-apprenticeship-capstone1/src/components/VideoCard/VideoCard.component.jsx">
        <metrics statements="17" coveredstatements="11" conditionals="10" coveredconditionals="3" methods="5" coveredmethods="2"/>
        <line num="19" count="2" type="stmt"/>
        <line num="20" count="2" type="stmt"/>
        <line num="29" count="2" type="stmt"/>
        <line num="30" count="2" type="stmt"/>
        <line num="33" count="2" type="cond" truecount="1" falsecount="1"/>
        <line num="34" count="0" type="stmt"/>
        <line num="36" count="2" type="stmt"/>
        <line num="37" count="1" type="cond" truecount="1" falsecount="1"/>
        <line num="38" count="0" type="stmt"/>
        <line num="40" count="1" type="stmt"/>
        <line num="44" count="2" type="stmt"/>
        <line num="45" count="0" type="stmt"/>
        <line num="46" count="0" type="stmt"/>
        <line num="49" count="2" type="stmt"/>
        <line num="50" count="0" type="stmt"/>
        <line num="51" count="0" type="stmt"/>
        <line num="54" count="2" type="stmt"/>
      </file>
      <file name="VideoCard.styles.jsx" path="/Users/paola.santollo/Documents/GitHub/react-apprenticeship-capstone1/src/components/VideoCard/VideoCard.styles.jsx">
        <metrics statements="5" coveredstatements="5" conditionals="0" coveredconditionals="0" methods="0" coveredmethods="0"/>
        <line num="15" count="5" type="stmt"/>
        <line num="22" count="5" type="stmt"/>
        <line num="26" count="5" type="stmt"/>
        <line num="31" count="5" type="stmt"/>
        <line num="53" count="5" type="stmt"/>
      </file>
      <file name="index.js" path="/Users/paola.santollo/Documents/GitHub/react-apprenticeship-capstone1/src/components/VideoCard/index.js">
        <metrics statements="0" coveredstatements="0" conditionals="0" coveredconditionals="0" methods="0" coveredmethods="0"/>
      </file>
    </package>
    <package name="src.pages.Favorites">
      <metrics statements="6" coveredstatements="5" conditionals="2" coveredconditionals="1" methods="2" coveredmethods="1"/>
      <file name="Favorites.page.jsx" path="/Users/paola.santollo/Documents/GitHub/react-apprenticeship-capstone1/src/pages/Favorites/Favorites.page.jsx">
        <metrics statements="3" coveredstatements="2" conditionals="2" coveredconditionals="1" methods="2" coveredmethods="1"/>
        <line num="11" count="1" type="stmt"/>
        <line num="13" count="1" type="stmt"/>
        <line num="18" count="0" type="stmt"/>
      </file>
      <file name="Favorites.styles.jsx" path="/Users/paola.santollo/Documents/GitHub/react-apprenticeship-capstone1/src/pages/Favorites/Favorites.styles.jsx">
        <metrics statements="3" coveredstatements="3" conditionals="0" coveredconditionals="0" methods="0" coveredmethods="0"/>
        <line num="3" count="3" type="stmt"/>
        <line num="10" count="3" type="stmt"/>
        <line num="14" count="3" type="stmt"/>
      </file>
      <file name="index.js" path="/Users/paola.santollo/Documents/GitHub/react-apprenticeship-capstone1/src/pages/Favorites/index.js">
        <metrics statements="0" coveredstatements="0" conditionals="0" coveredconditionals="0" methods="0" coveredmethods="0"/>
      </file>
    </package>
    <package name="src.pages.Home">
      <metrics statements="21" coveredstatements="11" conditionals="14" coveredconditionals="3" methods="5" coveredmethods="2"/>
      <file name="Home.page.jsx" path="/Users/paola.santollo/Documents/GitHub/react-apprenticeship-capstone1/src/pages/Home/Home.page.jsx">
        <metrics statements="19" coveredstatements="9" conditionals="14" coveredconditionals="3" methods="5" coveredmethods="2"/>
        <line num="9" count="4" type="stmt"/>
        <line num="10" count="4" type="stmt"/>
        <line num="11" count="4" type="stmt"/>
        <line num="12" count="4" type="stmt"/>
        <line num="14" count="4" type="stmt"/>
        <line num="15" count="4" type="cond" truecount="1" falsecount="1"/>
        <line num="16" count="4" type="stmt"/>
        <line num="17" count="4" type="stmt"/>
        <line num="19" count="0" type="stmt"/>
        <line num="20" count="0" type="stmt"/>
        <line num="21" count="0" type="stmt"/>
        <line num="22" count="0" type="cond" truecount="0" falsecount="2"/>
        <line num="23" count="0" type="stmt"/>
        <line num="27" count="0" type="stmt"/>
        <line num="29" count="0" type="cond" truecount="0" falsecount="2"/>
        <line num="30" count="0" type="stmt"/>
        <line num="32" count="0" type="stmt"/>
        <line num="41" count="4" type="stmt"/>
        <line num="59" count="0" type="cond" truecount="0" falsecount="2"/>
      </file>
      <file name="Home.styles.jsx" path="/Users/paola.santollo/Documents/GitHub/react-apprenticeship-capstone1/src/pages/Home/Home.styles.jsx">
        <metrics statements="2" coveredstatements="2" conditionals="0" coveredconditionals="0" methods="0" coveredmethods="0"/>
        <line num="3" count="3" type="stmt"/>
        <line num="7" count="3" type="stmt"/>
      </file>
      <file name="index.js" path="/Users/paola.santollo/Documents/GitHub/react-apprenticeship-capstone1/src/pages/Home/index.js">
        <metrics statements="0" coveredstatements="0" conditionals="0" coveredconditionals="0" methods="0" coveredmethods="0"/>
      </file>
    </package>
    <package name="src.pages.NotFound">
      <metrics statements="1" coveredstatements="1" conditionals="0" coveredconditionals="0" methods="1" coveredmethods="1"/>
      <file name="NotFound.page.jsx" path="/Users/paola.santollo/Documents/GitHub/react-apprenticeship-capstone1/src/pages/NotFound/NotFound.page.jsx">
        <metrics statements="1" coveredstatements="1" conditionals="0" coveredconditionals="0" methods="1" coveredmethods="1"/>
        <line num="6" count="1" type="stmt"/>
      </file>
      <file name="index.js" path="/Users/paola.santollo/Documents/GitHub/react-apprenticeship-capstone1/src/pages/NotFound/index.js">
        <metrics statements="0" coveredstatements="0" conditionals="0" coveredconditionals="0" methods="0" coveredmethods="0"/>
      </file>
    </package>
    <package name="src.pages.VideoDetail">
      <metrics statements="26" coveredstatements="7" conditionals="20" coveredconditionals="0" methods="7" coveredmethods="0"/>
      <file name="VideoDetail.page.jsx" path="/Users/paola.santollo/Documents/GitHub/react-apprenticeship-capstone1/src/pages/VideoDetail/VideoDetail.page.jsx">
        <metrics statements="19" coveredstatements="0" conditionals="20" coveredconditionals="0" methods="7" coveredmethods="0"/>
        <line num="21" count="0" type="stmt"/>
        <line num="22" count="0" type="stmt"/>
        <line num="23" count="0" type="stmt"/>
        <line num="25" count="0" type="stmt"/>
        <line num="28" count="0" type="cond" truecount="0" falsecount="2"/>
        <line num="30" count="0" type="stmt"/>
        <line num="33" count="0" type="stmt"/>
        <line num="34" count="0" type="cond" truecount="0" falsecount="2"/>
        <line num="35" count="0" type="stmt"/>
        <line num="37" count="0" type="stmt"/>
        <line num="41" count="0" type="stmt"/>
        <line num="42" count="0" type="stmt"/>
        <line num="43" count="0" type="stmt"/>
        <line num="46" count="0" type="stmt"/>
        <line num="47" count="0" type="stmt"/>
        <line num="48" count="0" type="stmt"/>
        <line num="51" count="0" type="stmt"/>
        <line num="97" count="0" type="cond" truecount="0" falsecount="2"/>
        <line num="113" count="0" type="stmt"/>
      </file>
      <file name="VideoDetail.styles.jsx" path="/Users/paola.santollo/Documents/GitHub/react-apprenticeship-capstone1/src/pages/VideoDetail/VideoDetail.styles.jsx">
        <metrics statements="7" coveredstatements="7" conditionals="0" coveredconditionals="0" methods="0" coveredmethods="0"/>
        <line num="3" count="2" type="stmt"/>
        <line num="8" count="2" type="stmt"/>
        <line num="16" count="2" type="stmt"/>
        <line num="21" count="2" type="stmt"/>
        <line num="25" count="2" type="stmt"/>
        <line num="47" count="2" type="stmt"/>
        <line num="54" count="2" type="stmt"/>
      </file>
      <file name="index.js" path="/Users/paola.santollo/Documents/GitHub/react-apprenticeship-capstone1/src/pages/VideoDetail/index.js">
        <metrics statements="0" coveredstatements="0" conditionals="0" coveredconditionals="0" methods="0" coveredmethods="0"/>
      </file>
    </package>
    <package name="src.providers">
      <metrics statements="39" coveredstatements="18" conditionals="13" coveredconditionals="2" methods="11" coveredmethods="4"/>
      <file name="Global.provider.jsx" path="/Users/paola.santollo/Documents/GitHub/react-apprenticeship-capstone1/src/providers/Global.provider.jsx">
        <metrics statements="39" coveredstatements="18" conditionals="13" coveredconditionals="2" methods="11" coveredmethods="4"/>
        <line num="7" count="12" type="stmt"/>
        <line num="10" count="53" type="stmt"/>
        <line num="11" count="53" type="cond" truecount="1" falsecount="1"/>
        <line num="12" count="0" type="stmt"/>
        <line num="14" count="53" type="stmt"/>
        <line num="19" count="28" type="stmt"/>
        <line num="31" count="28" type="cond" truecount="1" falsecount="8"/>
        <line num="33" count="0" type="stmt"/>
        <line num="39" count="0" type="stmt"/>
        <line num="45" count="0" type="stmt"/>
        <line num="50" count="0" type="stmt"/>
        <line num="55" count="0" type="stmt"/>
        <line num="60" count="28" type="stmt"/>
        <line num="65" count="0" type="stmt"/>
        <line num="71" count="0" type="stmt"/>
        <line num="76" count="0" type="stmt"/>
        <line num="80" count="28" type="stmt"/>
        <line num="82" count="28" type="stmt"/>
        <line num="83" count="14" type="stmt"/>
        <line num="84" count="14" type="stmt"/>
        <line num="85" count="14" type="stmt"/>
        <line num="91" count="28" type="stmt"/>
        <line num="92" count="0" type="stmt"/>
        <line num="94" count="0" type="stmt"/>
        <line num="98" count="0" type="stmt"/>
        <line num="102" count="0" type="stmt"/>
        <line num="105" count="0" type="stmt"/>
        <line num="111" count="28" type="stmt"/>
        <line num="112" count="0" type="stmt"/>
        <line num="116" count="0" type="stmt"/>
        <line num="120" count="0" type="stmt"/>
        <line num="123" count="28" type="stmt"/>
        <line num="124" count="0" type="cond" truecount="0" falsecount="2"/>
        <line num="127" count="0" type="stmt"/>
        <line num="130" count="28" type="stmt"/>
        <line num="131" count="0" type="stmt"/>
        <line num="137" count="28" type="stmt"/>
        <line num="138" count="0" type="stmt"/>
        <line num="144" count="28" type="stmt"/>
      </file>
      <file name="index.js" path="/Users/paola.santollo/Documents/GitHub/react-apprenticeship-capstone1/src/providers/index.js">
        <metrics statements="0" coveredstatements="0" conditionals="0" coveredconditionals="0" methods="0" coveredmethods="0"/>
      </file>
    </package>
    <package name="src.selectors">
      <metrics statements="2" coveredstatements="1" conditionals="0" coveredconditionals="0" methods="1" coveredmethods="1"/>
      <file name="getVideos.js" path="/Users/paola.santollo/Documents/GitHub/react-apprenticeship-capstone1/src/selectors/getVideos.js">
        <metrics statements="2" coveredstatements="1" conditionals="0" coveredconditionals="0" methods="1" coveredmethods="1"/>
        <line num="4" count="4" type="stmt"/>
        <line num="9" count="0" type="stmt"/>
      </file>
    </package>
    <package name="src.utils">
      <metrics statements="29" coveredstatements="9" conditionals="2" coveredconditionals="0" methods="6" coveredmethods="2"/>
      <file name="constants.js" path="/Users/paola.santollo/Documents/GitHub/react-apprenticeship-capstone1/src/utils/constants.js">
        <metrics statements="1" coveredstatements="1" conditionals="0" coveredconditionals="0" methods="0" coveredmethods="0"/>
        <line num="1" count="12" type="stmt"/>
      </file>
      <file name="storage.js" path="/Users/paola.santollo/Documents/GitHub/react-apprenticeship-capstone1/src/utils/storage.js">
        <metrics statements="28" coveredstatements="8" conditionals="2" coveredconditionals="0" methods="6" coveredmethods="2"/>
        <line num="1" count="12" type="stmt"/>
        <line num="3" count="14" type="stmt"/>
        <line num="4" count="14" type="stmt"/>
        <line num="5" count="14" type="stmt"/>
        <line num="7" count="0" type="stmt"/>
        <line num="8" count="0" type="stmt"/>
        <line num="13" count="0" type="stmt"/>
        <line num="17" count="12" type="stmt"/>
        <line num="19" count="3" type="stmt"/>
        <line num="20" count="3" type="stmt"/>
        <line num="21" count="3" type="stmt"/>
        <line num="23" count="0" type="stmt"/>
        <line num="24" count="0" type="stmt"/>
        <line num="29" count="0" type="stmt"/>
        <line num="30" count="0" type="stmt"/>
        <line num="31" count="0" type="cond" truecount="0" falsecount="2"/>
        <line num="32" count="0" type="stmt"/>
        <line num="33" count="0" type="stmt"/>
        <line num="34" count="0" type="stmt"/>
        <line num="36" count="0" type="stmt"/>
        <line num="37" count="0" type="stmt"/>
        <line num="38" count="0" type="stmt"/>
        <line num="43" count="0" type="stmt"/>
        <line num="44" count="0" type="stmt"/>
        <line num="45" count="0" type="stmt"/>
        <line num="46" count="0" type="stmt"/>
        <line num="48" count="0" type="stmt"/>
        <line num="49" count="0" type="stmt"/>
      </file>
    </package>
    <package name="src.utils.mocks">
      <metrics statements="7" coveredstatements="7" conditionals="4" coveredconditionals="4" methods="3" coveredmethods="3"/>
      <file name="login.api.js" path="/Users/paola.santollo/Documents/GitHub/react-apprenticeship-capstone1/src/utils/mocks/login.api.js">
        <metrics statements="6" coveredstatements="6" conditionals="4" coveredconditionals="4" methods="3" coveredmethods="3"/>
        <line num="1" count="13" type="stmt"/>
        <line num="9" count="2" type="stmt"/>
        <line num="10" count="2" type="stmt"/>
        <line num="11" count="2" type="cond" truecount="4" falsecount="0"/>
        <line num="12" count="1" type="stmt"/>
        <line num="14" count="1" type="stmt"/>
      </file>
      <file name="youtube-videos-mock.js" path="/Users/paola.santollo/Documents/GitHub/react-apprenticeship-capstone1/src/utils/mocks/youtube-videos-mock.js">
        <metrics statements="1" coveredstatements="1" conditionals="0" coveredconditionals="0" methods="0" coveredmethods="0"/>
        <line num="1" count="1" type="stmt"/>
      </file>
    </package>
  </project>
</coverage>
