{"/Users/paola.santollo/Documents/GitHub/react-apprenticeship-capstone1/src/index.js": {"path":"/Users/paola.santollo/Documents/GitHub/react-apprenticeship-capstone1/src/index.js","statementMap":{"0":{"start":{"line":7,"column":0},"end":{"line":12,"column":2}}},"fnMap":{},"branchMap":{},"s":{"0":0},"f":{},"b":{},"hash":"da50de95421cf8e14e5ef36692cebea7d1af3d53"}
,"/Users/paola.santollo/Documents/GitHub/react-apprenticeship-capstone1/src/theme.js": {"path":"/Users/paola.santollo/Documents/GitHub/react-apprenticeship-capstone1/src/theme.js","statementMap":{"0":{"start":{"line":15,"column":26},"end":{"line":20,"column":1}},"1":{"start":{"line":22,"column":25},"end":{"line":27,"column":1}}},"fnMap":{},"branchMap":{},"s":{"0":4,"1":4},"f":{},"b":{},"_coverageSchema":"43e27e138ebf9cfc5966b082cf9a028302ed4184","hash":"4843a8b5897b524adaa27d8954c3fc7798c3d5c1"}
,"/Users/paola.santollo/Documents/GitHub/react-apprenticeship-capstone1/src/components/App/App.component.jsx": {"path":"/Users/paola.santollo/Documents/GitHub/react-apprenticeship-capstone1/src/components/App/App.component.jsx","statementMap":{"0":{"start":{"line":13,"column":2},"end":{"line":34,"column":4}}},"fnMap":{"0":{"name":"App","decl":{"start":{"line":12,"column":9},"end":{"line":12,"column":12}},"loc":{"start":{"line":12,"column":15},"end":{"line":35,"column":1}},"line":12}},"branchMap":{},"s":{"0":2},"f":{"0":2},"b":{},"_coverageSchema":"43e27e138ebf9cfc5966b082cf9a028302ed4184","hash":"2cbc859fcbdaafed1fa6cfc3b8e5961d1441084c"}
,"/Users/paola.santollo/Documents/GitHub/react-apprenticeship-capstone1/src/components/App/index.js": {"path":"/Users/paola.santollo/Documents/GitHub/react-apprenticeship-capstone1/src/components/App/index.js","statementMap":{},"fnMap":{},"branchMap":{},"s":{},"f":{},"b":{},"hash":"3b3315e41b068052d3b542ea531c9d273e55fdb0"}
,"/Users/paola.santollo/Documents/GitHub/react-apprenticeship-capstone1/src/components/Button/Button.component.jsx": {"path":"/Users/paola.santollo/Documents/GitHub/react-apprenticeship-capstone1/src/components/Button/Button.component.jsx","statementMap":{"0":{"start":{"line":6,"column":2},"end":{"line":6,"column":64}}},"fnMap":{"0":{"name":"Button","decl":{"start":{"line":5,"column":9},"end":{"line":5,"column":15}},"loc":{"start":{"line":5,"column":36},"end":{"line":7,"column":1}},"line":5}},"branchMap":{},"s":{"0":25},"f":{"0":25},"b":{},"_coverageSchema":"43e27e138ebf9cfc5966b082cf9a028302ed4184","hash":"5e5e707275349b77412438680520b8092133ba9f"}
,"/Users/paola.santollo/Documents/GitHub/react-apprenticeship-capstone1/src/components/Button/Button.styles.jsx": {"path":"/Users/paola.santollo/Documents/GitHub/react-apprenticeship-capstone1/src/components/Button/Button.styles.jsx","statementMap":{"0":{"start":{"line":3,"column":28},"end":{"line":14,"column":1}},"1":{"start":{"line":10,"column":37},"end":{"line":10,"column":50}}},"fnMap":{"0":{"name":"(anonymous_0)","decl":{"start":{"line":10,"column":22},"end":{"line":10,"column":23}},"loc":{"start":{"line":10,"column":37},"end":{"line":10,"column":50}},"line":10}},"branchMap":{},"s":{"0":7,"1":25},"f":{"0":25},"b":{},"_coverageSchema":"43e27e138ebf9cfc5966b082cf9a028302ed4184","hash":"8a2440e3b892a43c965aa18889fd1125bbd29192"}
,"/Users/paola.santollo/Documents/GitHub/react-apprenticeship-capstone1/src/components/Button/index.js": {"path":"/Users/paola.santollo/Documents/GitHub/react-apprenticeship-capstone1/src/components/Button/index.js","statementMap":{},"fnMap":{},"branchMap":{},"s":{},"f":{},"b":{},"_coverageSchema":"43e27e138ebf9cfc5966b082cf9a028302ed4184","hash":"431ddc715cf2e1d817737fb6894fd597f4c0b35f"}
,"/Users/paola.santollo/Documents/GitHub/react-apprenticeship-capstone1/src/components/ChannelCard/ChannelCard.component.jsx": {"path":"/Users/paola.santollo/Documents/GitHub/react-apprenticeship-capstone1/src/components/ChannelCard/ChannelCard.component.jsx","statementMap":{"0":{"start":{"line":12,"column":2},"end":{"line":20,"column":4}}},"fnMap":{"0":{"name":"ChannelCard","decl":{"start":{"line":11,"column":9},"end":{"line":11,"column":20}},"loc":{"start":{"line":11,"column":51},"end":{"line":21,"column":1}},"line":11}},"branchMap":{},"s":{"0":4},"f":{"0":4},"b":{},"_coverageSchema":"43e27e138ebf9cfc5966b082cf9a028302ed4184","hash":"58dc1ecdf93dce5960602c69a45f4a2cbbc3b6a3"}
,"/Users/paola.santollo/Documents/GitHub/react-apprenticeship-capstone1/src/components/ChannelCard/ChannelCard.styles.jsx": {"path":"/Users/paola.santollo/Documents/GitHub/react-apprenticeship-capstone1/src/components/ChannelCard/ChannelCard.styles.jsx","statementMap":{"0":{"start":{"line":3,"column":31},"end":{"line":17,"column":1}},"1":{"start":{"line":19,"column":40},"end":{"line":30,"column":1}},"2":{"start":{"line":32,"column":27},"end":{"line":34,"column":1}},"3":{"start":{"line":36,"column":28},"end":{"line":40,"column":1}}},"fnMap":{},"branchMap":{},"s":{"0":4,"1":4,"2":4,"3":4},"f":{},"b":{},"_coverageSchema":"43e27e138ebf9cfc5966b082cf9a028302ed4184","hash":"8c291f60033f59b870e2eec583f256a372514d39"}
,"/Users/paola.santollo/Documents/GitHub/react-apprenticeship-capstone1/src/components/ChannelCard/index.js": {"path":"/Users/paola.santollo/Documents/GitHub/react-apprenticeship-capstone1/src/components/ChannelCard/index.js","statementMap":{},"fnMap":{},"branchMap":{},"s":{},"f":{},"b":{},"hash":"76775ea7c2df77c01aa455e2f3e36ee839e6ca6b"}
,"/Users/paola.santollo/Documents/GitHub/react-apprenticeship-capstone1/src/components/Header/Header.component.jsx": {"path":"/Users/paola.santollo/Documents/GitHub/react-apprenticeship-capstone1/src/components/Header/Header.component.jsx","statementMap":{"0":{"start":{"line":26,"column":18},"end":{"line":26,"column":30}},"1":{"start":{"line":27,"column":48},"end":{"line":27,"column":66}},"2":{"start":{"line":28,"column":34},"end":{"line":28,"column":49}},"3":{"start":{"line":29,"column":36},"end":{"line":29,"column":51}},"4":{"start":{"line":32,"column":4},"end":{"line":32,"column":27}},"5":{"start":{"line":33,"column":4},"end":{"line":33,"column":13}},"6":{"start":{"line":34,"column":4},"end":{"line":34,"column":22}},"7":{"start":{"line":38,"column":4},"end":{"line":38,"column":27}},"8":{"start":{"line":39,"column":4},"end":{"line":39,"column":21}},"9":{"start":{"line":40,"column":4},"end":{"line":40,"column":24}},"10":{"start":{"line":41,"column":4},"end":{"line":41,"column":22}},"11":{"start":{"line":44,"column":2},"end":{"line":86,"column":4}},"12":{"start":{"line":46,"column":49},"end":{"line":46,"column":68}},"13":{"start":{"line":50,"column":60},"end":{"line":50,"column":78}},"14":{"start":{"line":56,"column":35},"end":{"line":56,"column":52}},"15":{"start":{"line":79,"column":35},"end":{"line":79,"column":53}}},"fnMap":{"0":{"name":"Header","decl":{"start":{"line":25,"column":9},"end":{"line":25,"column":15}},"loc":{"start":{"line":25,"column":18},"end":{"line":87,"column":1}},"line":25},"1":{"name":"deAuthenticate","decl":{"start":{"line":31,"column":11},"end":{"line":31,"column":25}},"loc":{"start":{"line":31,"column":33},"end":{"line":35,"column":3}},"line":31},"2":{"name":"authenticate","decl":{"start":{"line":37,"column":11},"end":{"line":37,"column":23}},"loc":{"start":{"line":37,"column":42},"end":{"line":42,"column":3}},"line":37},"3":{"name":"(anonymous_3)","decl":{"start":{"line":46,"column":43},"end":{"line":46,"column":44}},"loc":{"start":{"line":46,"column":49},"end":{"line":46,"column":68}},"line":46},"4":{"name":"(anonymous_4)","decl":{"start":{"line":50,"column":54},"end":{"line":50,"column":55}},"loc":{"start":{"line":50,"column":60},"end":{"line":50,"column":78}},"line":50},"5":{"name":"(anonymous_5)","decl":{"start":{"line":56,"column":29},"end":{"line":56,"column":30}},"loc":{"start":{"line":56,"column":35},"end":{"line":56,"column":52}},"line":56},"6":{"name":"(anonymous_6)","decl":{"start":{"line":79,"column":29},"end":{"line":79,"column":30}},"loc":{"start":{"line":79,"column":35},"end":{"line":79,"column":53}},"line":79}},"branchMap":{"0":{"loc":{"start":{"line":49,"column":7},"end":{"line":61,"column":7}},"type":"cond-expr","locations":[{"start":{"line":50,"column":8},"end":{"line":54,"column":21}},{"start":{"line":56,"column":8},"end":{"line":60,"column":21}}],"line":49},"1":{"loc":{"start":{"line":63,"column":7},"end":{"line":63,"column":53}},"type":"binary-expr","locations":[{"start":{"line":63,"column":7},"end":{"line":63,"column":15}},{"start":{"line":63,"column":19},"end":{"line":63,"column":53}}],"line":63},"2":{"loc":{"start":{"line":72,"column":7},"end":{"line":84,"column":7}},"type":"cond-expr","locations":[{"start":{"line":73,"column":8},"end":{"line":77,"column":21}},{"start":{"line":79,"column":8},"end":{"line":83,"column":21}}],"line":72}},"s":{"0":10,"1":10,"2":10,"3":10,"4":0,"5":0,"6":0,"7":0,"8":0,"9":0,"10":0,"11":10,"12":0,"13":0,"14":0,"15":0},"f":{"0":10,"1":0,"2":0,"3":0,"4":0,"5":0,"6":0},"b":{"0":[0,10],"1":[10,0],"2":[0,10]},"_coverageSchema":"43e27e138ebf9cfc5966b082cf9a028302ed4184","hash":"388f25d9c3a8f094f9edd84412f26c93631a7b9d"}
,"/Users/paola.santollo/Documents/GitHub/react-apprenticeship-capstone1/src/components/Header/Header.styles.jsx": {"path":"/Users/paola.santollo/Documents/GitHub/react-apprenticeship-capstone1/src/components/Header/Header.styles.jsx","statementMap":{"0":{"start":{"line":3,"column":28},"end":{"line":15,"column":1}},"1":{"start":{"line":4,"column":37},"end":{"line":4,"column":47}},"2":{"start":{"line":17,"column":33},"end":{"line":20,"column":1}},"3":{"start":{"line":22,"column":38},"end":{"line":26,"column":1}}},"fnMap":{"0":{"name":"(anonymous_0)","decl":{"start":{"line":4,"column":22},"end":{"line":4,"column":23}},"loc":{"start":{"line":4,"column":37},"end":{"line":4,"column":47}},"line":4}},"branchMap":{},"s":{"0":4,"1":8,"2":4,"3":4},"f":{"0":8},"b":{},"_coverageSchema":"43e27e138ebf9cfc5966b082cf9a028302ed4184","hash":"58988804c97deed7208fbae624ab5cc912b8fbab"}
,"/Users/paola.santollo/Documents/GitHub/react-apprenticeship-capstone1/src/components/Header/index.js": {"path":"/Users/paola.santollo/Documents/GitHub/react-apprenticeship-capstone1/src/components/Header/index.js","statementMap":{},"fnMap":{},"branchMap":{},"s":{},"f":{},"b":{},"hash":"00b5ed2200ef98b43f082333c7f9e156de717bde"}
,"/Users/paola.santollo/Documents/GitHub/react-apprenticeship-capstone1/src/components/IconButton/IconButton.component.jsx": {"path":"/Users/paola.santollo/Documents/GitHub/react-apprenticeship-capstone1/src/components/IconButton/IconButton.component.jsx","statementMap":{"0":{"start":{"line":7,"column":15},"end":{"line":7,"column":16}},"1":{"start":{"line":9,"column":2},"end":{"line":11,"column":3}},"2":{"start":{"line":10,"column":4},"end":{"line":10,"column":15}},"3":{"start":{"line":13,"column":2},"end":{"line":18,"column":4}}},"fnMap":{"0":{"name":"IconButton","decl":{"start":{"line":6,"column":9},"end":{"line":6,"column":19}},"loc":{"start":{"line":6,"column":51},"end":{"line":19,"column":1}},"line":6}},"branchMap":{"0":{"loc":{"start":{"line":9,"column":2},"end":{"line":11,"column":3}},"type":"if","locations":[{"start":{"line":9,"column":2},"end":{"line":11,"column":3}},{"start":{"line":9,"column":2},"end":{"line":11,"column":3}}],"line":9}},"s":{"0":29,"1":29,"2":1,"3":29},"f":{"0":29},"b":{"0":[1,28]},"_coverageSchema":"43e27e138ebf9cfc5966b082cf9a028302ed4184","hash":"f2bf9fc35f0b2e563c1eb4c178c345e0cf6db4ca"}
,"/Users/paola.santollo/Documents/GitHub/react-apprenticeship-capstone1/src/components/IconButton/IconButton.styles.jsx": {"path":"/Users/paola.santollo/Documents/GitHub/react-apprenticeship-capstone1/src/components/IconButton/IconButton.styles.jsx","statementMap":{"0":{"start":{"line":3,"column":32},"end":{"line":8,"column":1}},"1":{"start":{"line":7,"column":24},"end":{"line":7,"column":35}}},"fnMap":{"0":{"name":"(anonymous_0)","decl":{"start":{"line":7,"column":13},"end":{"line":7,"column":14}},"loc":{"start":{"line":7,"column":24},"end":{"line":7,"column":35}},"line":7}},"branchMap":{},"s":{"0":9,"1":29},"f":{"0":29},"b":{},"_coverageSchema":"43e27e138ebf9cfc5966b082cf9a028302ed4184","hash":"44d258060509f3351b1421beced2039d137562cb"}
,"/Users/paola.santollo/Documents/GitHub/react-apprenticeship-capstone1/src/components/IconButton/index.js": {"path":"/Users/paola.santollo/Documents/GitHub/react-apprenticeship-capstone1/src/components/IconButton/index.js","statementMap":{},"fnMap":{},"branchMap":{},"s":{},"f":{},"b":{},"_coverageSchema":"43e27e138ebf9cfc5966b082cf9a028302ed4184","hash":"4a9e8084301512ca66ba04a96d4679ce6aff7eef"}
,"/Users/paola.santollo/Documents/GitHub/react-apprenticeship-capstone1/src/components/Input/Input.component.jsx": {"path":"/Users/paola.santollo/Documents/GitHub/react-apprenticeship-capstone1/src/components/Input/Input.component.jsx","statementMap":{"0":{"start":{"line":7,"column":2},"end":{"line":16,"column":4}}},"fnMap":{"0":{"name":"Input","decl":{"start":{"line":6,"column":9},"end":{"line":6,"column":14}},"loc":{"start":{"line":6,"column":59},"end":{"line":17,"column":1}},"line":6}},"branchMap":{},"s":{"0":39},"f":{"0":39},"b":{},"_coverageSchema":"43e27e138ebf9cfc5966b082cf9a028302ed4184","hash":"cb189fed68315dce48034156ef4c04dbf5e7c479"}
,"/Users/paola.santollo/Documents/GitHub/react-apprenticeship-capstone1/src/components/Input/Input.styles.jsx": {"path":"/Users/paola.santollo/Documents/GitHub/react-apprenticeship-capstone1/src/components/Input/Input.styles.jsx","statementMap":{"0":{"start":{"line":3,"column":27},"end":{"line":13,"column":1}},"1":{"start":{"line":4,"column":37},"end":{"line":4,"column":52}},"2":{"start":{"line":7,"column":26},"end":{"line":7,"column":36}}},"fnMap":{"0":{"name":"(anonymous_0)","decl":{"start":{"line":4,"column":22},"end":{"line":4,"column":23}},"loc":{"start":{"line":4,"column":37},"end":{"line":4,"column":52}},"line":4},"1":{"name":"(anonymous_1)","decl":{"start":{"line":7,"column":11},"end":{"line":7,"column":12}},"loc":{"start":{"line":7,"column":26},"end":{"line":7,"column":36}},"line":7}},"branchMap":{},"s":{"0":7,"1":39,"2":39},"f":{"0":39,"1":39},"b":{},"_coverageSchema":"43e27e138ebf9cfc5966b082cf9a028302ed4184","hash":"c2835de8fd3646c8284ff2d18d6b734864774a4b"}
,"/Users/paola.santollo/Documents/GitHub/react-apprenticeship-capstone1/src/components/Input/index.js": {"path":"/Users/paola.santollo/Documents/GitHub/react-apprenticeship-capstone1/src/components/Input/index.js","statementMap":{},"fnMap":{},"branchMap":{},"s":{},"f":{},"b":{},"_coverageSchema":"43e27e138ebf9cfc5966b082cf9a028302ed4184","hash":"9e61c7b03bb0ebff22a08eea73e24071ed407c1e"}
,"/Users/paola.santollo/Documents/GitHub/react-apprenticeship-capstone1/src/components/Layout/Layout.component.jsx": {"path":"/Users/paola.santollo/Documents/GitHub/react-apprenticeship-capstone1/src/components/Layout/Layout.component.jsx","statementMap":{"0":{"start":{"line":11,"column":20},"end":{"line":11,"column":38}},"1":{"start":{"line":13,"column":2},"end":{"line":21,"column":4}}},"fnMap":{"0":{"name":"Layout","decl":{"start":{"line":10,"column":9},"end":{"line":10,"column":15}},"loc":{"start":{"line":10,"column":30},"end":{"line":22,"column":1}},"line":10}},"branchMap":{"0":{"loc":{"start":{"line":15,"column":28},"end":{"line":15,"column":70}},"type":"cond-expr","locations":[{"start":{"line":15,"column":48},"end":{"line":15,"column":57}},{"start":{"line":15,"column":60},"end":{"line":15,"column":70}}],"line":15}},"s":{"0":6,"1":6},"f":{"0":6},"b":{"0":[0,6]},"_coverageSchema":"43e27e138ebf9cfc5966b082cf9a028302ed4184","hash":"4ad26cfb7eed062b82bd32e03882e7d827439070"}
,"/Users/paola.santollo/Documents/GitHub/react-apprenticeship-capstone1/src/components/Layout/Layout.styles.jsx": {"path":"/Users/paola.santollo/Documents/GitHub/react-apprenticeship-capstone1/src/components/Layout/Layout.styles.jsx","statementMap":{"0":{"start":{"line":3,"column":31},"end":{"line":16,"column":1}}},"fnMap":{},"branchMap":{},"s":{"0":3},"f":{},"b":{},"_coverageSchema":"43e27e138ebf9cfc5966b082cf9a028302ed4184","hash":"cca457fb9c17603d09cffdae540406d296454dfa"}
,"/Users/paola.santollo/Documents/GitHub/react-apprenticeship-capstone1/src/components/Layout/index.js": {"path":"/Users/paola.santollo/Documents/GitHub/react-apprenticeship-capstone1/src/components/Layout/index.js","statementMap":{},"fnMap":{},"branchMap":{},"s":{},"f":{},"b":{},"_coverageSchema":"43e27e138ebf9cfc5966b082cf9a028302ed4184","hash":"167c86031bb7417bcd0f1324eddf989ed91f9ecc"}
,"/Users/paola.santollo/Documents/GitHub/react-apprenticeship-capstone1/src/components/LoginForm/LoginForm.component.jsx": {"path":"/Users/paola.santollo/Documents/GitHub/react-apprenticeship-capstone1/src/components/LoginForm/LoginForm.component.jsx","statementMap":{"0":{"start":{"line":8,"column":36},"end":{"line":8,"column":76}},"1":{"start":{"line":10,"column":23},"end":{"line":15,"column":3}},"2":{"start":{"line":11,"column":4},"end":{"line":14,"column":7}},"3":{"start":{"line":17,"column":2},"end":{"line":43,"column":4}},"4":{"start":{"line":26,"column":31},"end":{"line":26,"column":77}},"5":{"start":{"line":34,"column":31},"end":{"line":34,"column":77}},"6":{"start":{"line":39,"column":30},"end":{"line":39,"column":60}}},"fnMap":{"0":{"name":"LoginForm","decl":{"start":{"line":7,"column":9},"end":{"line":7,"column":18}},"loc":{"start":{"line":7,"column":37},"end":{"line":44,"column":1}},"line":7},"1":{"name":"(anonymous_1)","decl":{"start":{"line":10,"column":23},"end":{"line":10,"column":24}},"loc":{"start":{"line":10,"column":49},"end":{"line":15,"column":3}},"line":10},"2":{"name":"(anonymous_2)","decl":{"start":{"line":26,"column":20},"end":{"line":26,"column":21}},"loc":{"start":{"line":26,"column":31},"end":{"line":26,"column":77}},"line":26},"3":{"name":"(anonymous_3)","decl":{"start":{"line":34,"column":20},"end":{"line":34,"column":21}},"loc":{"start":{"line":34,"column":31},"end":{"line":34,"column":77}},"line":34},"4":{"name":"(anonymous_4)","decl":{"start":{"line":39,"column":19},"end":{"line":39,"column":20}},"loc":{"start":{"line":39,"column":30},"end":{"line":39,"column":60}},"line":39}},"branchMap":{},"s":{"0":16,"1":16,"2":2,"3":16,"4":2,"5":0,"6":1},"f":{"0":16,"1":2,"2":2,"3":0,"4":1},"b":{},"_coverageSchema":"43e27e138ebf9cfc5966b082cf9a028302ed4184","hash":"f210fd4144516320e79e842158a88fdd0a55d4d9"}
,"/Users/paola.santollo/Documents/GitHub/react-apprenticeship-capstone1/src/components/LoginForm/LoginForm.styles.jsx": {"path":"/Users/paola.santollo/Documents/GitHub/react-apprenticeship-capstone1/src/components/LoginForm/LoginForm.styles.jsx","statementMap":{"0":{"start":{"line":3,"column":29},"end":{"line":13,"column":1}},"1":{"start":{"line":6,"column":37},"end":{"line":6,"column":47}},"2":{"start":{"line":15,"column":27},"end":{"line":20,"column":1}},"3":{"start":{"line":19,"column":26},"end":{"line":19,"column":36}}},"fnMap":{"0":{"name":"(anonymous_0)","decl":{"start":{"line":6,"column":22},"end":{"line":6,"column":23}},"loc":{"start":{"line":6,"column":37},"end":{"line":6,"column":47}},"line":6},"1":{"name":"(anonymous_1)","decl":{"start":{"line":19,"column":11},"end":{"line":19,"column":12}},"loc":{"start":{"line":19,"column":26},"end":{"line":19,"column":36}},"line":19}},"branchMap":{},"s":{"0":5,"1":14,"2":5,"3":14},"f":{"0":14,"1":14},"b":{},"_coverageSchema":"43e27e138ebf9cfc5966b082cf9a028302ed4184","hash":"07437a30ee2f4d9dd2a951a426912667457140b1"}
,"/Users/paola.santollo/Documents/GitHub/react-apprenticeship-capstone1/src/components/LoginForm/index.js": {"path":"/Users/paola.santollo/Documents/GitHub/react-apprenticeship-capstone1/src/components/LoginForm/index.js","statementMap":{},"fnMap":{},"branchMap":{},"s":{},"f":{},"b":{},"_coverageSchema":"43e27e138ebf9cfc5966b082cf9a028302ed4184","hash":"826d1f16cd86a5452731631754cbf73b9b253937"}
,"/Users/paola.santollo/Documents/GitHub/react-apprenticeship-capstone1/src/components/Menu/Menu.component.jsx": {"path":"/Users/paola.santollo/Documents/GitHub/react-apprenticeship-capstone1/src/components/Menu/Menu.component.jsx","statementMap":{"0":{"start":{"line":9,"column":20},"end":{"line":9,"column":38}},"1":{"start":{"line":11,"column":2},"end":{"line":22,"column":4}},"2":{"start":{"line":13,"column":34},"end":{"line":13,"column":52}},"3":{"start":{"line":17,"column":45},"end":{"line":17,"column":63}}},"fnMap":{"0":{"name":"Menu","decl":{"start":{"line":8,"column":9},"end":{"line":8,"column":13}},"loc":{"start":{"line":8,"column":31},"end":{"line":23,"column":1}},"line":8},"1":{"name":"(anonymous_1)","decl":{"start":{"line":13,"column":28},"end":{"line":13,"column":29}},"loc":{"start":{"line":13,"column":34},"end":{"line":13,"column":52}},"line":13},"2":{"name":"(anonymous_2)","decl":{"start":{"line":17,"column":39},"end":{"line":17,"column":40}},"loc":{"start":{"line":17,"column":45},"end":{"line":17,"column":63}},"line":17}},"branchMap":{"0":{"loc":{"start":{"line":16,"column":7},"end":{"line":20,"column":7}},"type":"binary-expr","locations":[{"start":{"line":16,"column":7},"end":{"line":16,"column":26}},{"start":{"line":17,"column":8},"end":{"line":19,"column":15}}],"line":16}},"s":{"0":4,"1":4,"2":0,"3":0},"f":{"0":4,"1":0,"2":0},"b":{"0":[4,0]},"_coverageSchema":"43e27e138ebf9cfc5966b082cf9a028302ed4184","hash":"86ff47c9be390db607002cb8adc70431d9ecf805"}
,"/Users/paola.santollo/Documents/GitHub/react-apprenticeship-capstone1/src/components/Menu/Menu.styles.jsx": {"path":"/Users/paola.santollo/Documents/GitHub/react-apprenticeship-capstone1/src/components/Menu/Menu.styles.jsx","statementMap":{"0":{"start":{"line":21,"column":23},"end":{"line":28,"column":1}}},"fnMap":{},"branchMap":{},"s":{"0":5},"f":{},"b":{},"_coverageSchema":"43e27e138ebf9cfc5966b082cf9a028302ed4184","hash":"dfa09dad230611e812397f380b845488c6377044"}
,"/Users/paola.santollo/Documents/GitHub/react-apprenticeship-capstone1/src/components/Menu/index.js": {"path":"/Users/paola.santollo/Documents/GitHub/react-apprenticeship-capstone1/src/components/Menu/index.js","statementMap":{},"fnMap":{},"branchMap":{},"s":{},"f":{},"b":{},"_coverageSchema":"43e27e138ebf9cfc5966b082cf9a028302ed4184","hash":"888bc668d92886ab436036801e4bba43795ec8ee"}
,"/Users/paola.santollo/Documents/GitHub/react-apprenticeship-capstone1/src/components/Modal/Modal.component.jsx": {"path":"/Users/paola.santollo/Documents/GitHub/react-apprenticeship-capstone1/src/components/Modal/Modal.component.jsx","statementMap":{"0":{"start":{"line":15,"column":28},"end":{"line":15,"column":51}},"1":{"start":{"line":17,"column":2},"end":{"line":30,"column":4}}},"fnMap":{"0":{"name":"Modal","decl":{"start":{"line":14,"column":9},"end":{"line":14,"column":14}},"loc":{"start":{"line":14,"column":48},"end":{"line":31,"column":1}},"line":14}},"branchMap":{"0":{"loc":{"start":{"line":15,"column":28},"end":{"line":15,"column":51}},"type":"cond-expr","locations":[{"start":{"line":15,"column":35},"end":{"line":15,"column":42}},{"start":{"line":15,"column":45},"end":{"line":15,"column":51}}],"line":15}},"s":{"0":11,"1":11},"f":{"0":11},"b":{"0":[2,9]},"_coverageSchema":"43e27e138ebf9cfc5966b082cf9a028302ed4184","hash":"6662231b568437611233a16d4863ecfcfbfadf6a"}
,"/Users/paola.santollo/Documents/GitHub/react-apprenticeship-capstone1/src/components/Modal/Modal.styles.jsx": {"path":"/Users/paola.santollo/Documents/GitHub/react-apprenticeship-capstone1/src/components/Modal/Modal.styles.jsx","statementMap":{"0":{"start":{"line":3,"column":27},"end":{"line":13,"column":1}},"1":{"start":{"line":12,"column":24},"end":{"line":12,"column":37}},"2":{"start":{"line":15,"column":31},"end":{"line":27,"column":1}},"3":{"start":{"line":17,"column":31},"end":{"line":17,"column":41}},"4":{"start":{"line":29,"column":29},"end":{"line":33,"column":1}},"5":{"start":{"line":35,"column":33},"end":{"line":38,"column":1}}},"fnMap":{"0":{"name":"(anonymous_0)","decl":{"start":{"line":12,"column":13},"end":{"line":12,"column":14}},"loc":{"start":{"line":12,"column":24},"end":{"line":12,"column":37}},"line":12},"1":{"name":"(anonymous_1)","decl":{"start":{"line":17,"column":16},"end":{"line":17,"column":17}},"loc":{"start":{"line":17,"column":31},"end":{"line":17,"column":41}},"line":17}},"branchMap":{},"s":{"0":5,"1":11,"2":5,"3":11,"4":5,"5":5},"f":{"0":11,"1":11},"b":{},"_coverageSchema":"43e27e138ebf9cfc5966b082cf9a028302ed4184","hash":"912d4b94f3d4f3f7f9557cbaf39cc9d240570ce3"}
,"/Users/paola.santollo/Documents/GitHub/react-apprenticeship-capstone1/src/components/Modal/index.js": {"path":"/Users/paola.santollo/Documents/GitHub/react-apprenticeship-capstone1/src/components/Modal/index.js","statementMap":{},"fnMap":{},"branchMap":{},"s":{},"f":{},"b":{},"_coverageSchema":"43e27e138ebf9cfc5966b082cf9a028302ed4184","hash":"fde92a4b3e2139f197f552ed78e19b175568eeab"}
,"/Users/paola.santollo/Documents/GitHub/react-apprenticeship-capstone1/src/components/Private/Private.component.jsx": {"path":"/Users/paola.santollo/Documents/GitHub/react-apprenticeship-capstone1/src/components/Private/Private.component.jsx","statementMap":{"0":{"start":{"line":8,"column":20},"end":{"line":8,"column":38}},"1":{"start":{"line":10,"column":2},"end":{"line":15,"column":4}},"2":{"start":{"line":13,"column":21},"end":{"line":13,"column":73}}},"fnMap":{"0":{"name":"Private","decl":{"start":{"line":7,"column":9},"end":{"line":7,"column":16}},"loc":{"start":{"line":7,"column":40},"end":{"line":16,"column":1}},"line":7},"1":{"name":"(anonymous_1)","decl":{"start":{"line":13,"column":14},"end":{"line":13,"column":15}},"loc":{"start":{"line":13,"column":21},"end":{"line":13,"column":73}},"line":13}},"branchMap":{"0":{"loc":{"start":{"line":13,"column":21},"end":{"line":13,"column":73}},"type":"cond-expr","locations":[{"start":{"line":13,"column":43},"end":{"line":13,"column":51}},{"start":{"line":13,"column":54},"end":{"line":13,"column":73}}],"line":13}},"s":{"0":2,"1":2,"2":2},"f":{"0":2,"1":2},"b":{"0":[0,2]},"_coverageSchema":"43e27e138ebf9cfc5966b082cf9a028302ed4184","hash":"274e0fda95b0fbbbe88917c8d6fc2ca8edd95c86"}
,"/Users/paola.santollo/Documents/GitHub/react-apprenticeship-capstone1/src/components/Private/index.js": {"path":"/Users/paola.santollo/Documents/GitHub/react-apprenticeship-capstone1/src/components/Private/index.js","statementMap":{},"fnMap":{},"branchMap":{},"s":{},"f":{},"b":{},"hash":"00b850f48d4ab3a51db7fd92f24a8eadd35efc7c"}
,"/Users/paola.santollo/Documents/GitHub/react-apprenticeship-capstone1/src/components/SearchBar/SearchBar.component.jsx": {"path":"/Users/paola.santollo/Documents/GitHub/react-apprenticeship-capstone1/src/components/SearchBar/SearchBar.component.jsx","statementMap":{"0":{"start":{"line":14,"column":34},"end":{"line":14,"column":52}},"1":{"start":{"line":16,"column":2},"end":{"line":31,"column":4}}},"fnMap":{"0":{"name":"SearchBar","decl":{"start":{"line":13,"column":9},"end":{"line":13,"column":18}},"loc":{"start":{"line":13,"column":21},"end":{"line":32,"column":1}},"line":13}},"branchMap":{},"s":{"0":10,"1":10},"f":{"0":10},"b":{},"_coverageSchema":"43e27e138ebf9cfc5966b082cf9a028302ed4184","hash":"d1d8145304e1f41e7e7f1f3c5efa263a82746505"}
,"/Users/paola.santollo/Documents/GitHub/react-apprenticeship-capstone1/src/components/SearchBar/SearchBar.styles.jsx": {"path":"/Users/paola.santollo/Documents/GitHub/react-apprenticeship-capstone1/src/components/SearchBar/SearchBar.styles.jsx","statementMap":{"0":{"start":{"line":3,"column":31},"end":{"line":8,"column":1}},"1":{"start":{"line":10,"column":29},"end":{"line":30,"column":1}},"2":{"start":{"line":32,"column":35},"end":{"line":37,"column":1}}},"fnMap":{},"branchMap":{},"s":{"0":5,"1":5,"2":5},"f":{},"b":{},"_coverageSchema":"43e27e138ebf9cfc5966b082cf9a028302ed4184","hash":"9e571d3ff956e1d8ad03ededc5117d03c0845942"}
,"/Users/paola.santollo/Documents/GitHub/react-apprenticeship-capstone1/src/components/SearchBar/index.js": {"path":"/Users/paola.santollo/Documents/GitHub/react-apprenticeship-capstone1/src/components/SearchBar/index.js","statementMap":{},"fnMap":{},"branchMap":{},"s":{},"f":{},"b":{},"_coverageSchema":"43e27e138ebf9cfc5966b082cf9a028302ed4184","hash":"6726ade1a3759201f4676f9f3b0ff5a269801a4b"}
,"/Users/paola.santollo/Documents/GitHub/react-apprenticeship-capstone1/src/components/Switch/Switch.component.jsx": {"path":"/Users/paola.santollo/Documents/GitHub/react-apprenticeship-capstone1/src/components/Switch/Switch.component.jsx","statementMap":{"0":{"start":{"line":11,"column":2},"end":{"line":19,"column":4}}},"fnMap":{"0":{"name":"Switch","decl":{"start":{"line":10,"column":9},"end":{"line":10,"column":15}},"loc":{"start":{"line":10,"column":47},"end":{"line":20,"column":1}},"line":10}},"branchMap":{"0":{"loc":{"start":{"line":13,"column":7},"end":{"line":13,"column":50}},"type":"binary-expr","locations":[{"start":{"line":13,"column":7},"end":{"line":13,"column":12}},{"start":{"line":13,"column":16},"end":{"line":13,"column":50}}],"line":13}},"s":{"0":10},"f":{"0":10},"b":{"0":[10,9]},"_coverageSchema":"43e27e138ebf9cfc5966b082cf9a028302ed4184","hash":"65ae416feb3f3c798c501352f4f7e2bd61a06b86"}
,"/Users/paola.santollo/Documents/GitHub/react-apprenticeship-capstone1/src/components/Switch/Switch.styles.jsx": {"path":"/Users/paola.santollo/Documents/GitHub/react-apprenticeship-capstone1/src/components/Switch/Switch.styles.jsx","statementMap":{"0":{"start":{"line":3,"column":27},"end":{"line":5,"column":1}},"1":{"start":{"line":7,"column":26},"end":{"line":30,"column":1}},"2":{"start":{"line":32,"column":28},"end":{"line":47,"column":1}},"3":{"start":{"line":49,"column":27},"end":{"line":53,"column":1}},"4":{"start":{"line":52,"column":26},"end":{"line":52,"column":36}}},"fnMap":{"0":{"name":"(anonymous_0)","decl":{"start":{"line":52,"column":11},"end":{"line":52,"column":12}},"loc":{"start":{"line":52,"column":26},"end":{"line":52,"column":36}},"line":52}},"branchMap":{},"s":{"0":5,"1":5,"2":5,"3":5,"4":9},"f":{"0":9},"b":{},"_coverageSchema":"43e27e138ebf9cfc5966b082cf9a028302ed4184","hash":"7612d93f14385604d271c185b69d1619d77a7afb"}
,"/Users/paola.santollo/Documents/GitHub/react-apprenticeship-capstone1/src/components/Switch/index.js": {"path":"/Users/paola.santollo/Documents/GitHub/react-apprenticeship-capstone1/src/components/Switch/index.js","statementMap":{},"fnMap":{},"branchMap":{},"s":{},"f":{},"b":{},"hash":"46fb629ba286eda99c5c9574060b51ff3a2b1cca"}
,"/Users/paola.santollo/Documents/GitHub/react-apprenticeship-capstone1/src/components/VideoCard/VideoCard.component.jsx": {"path":"/Users/paola.santollo/Documents/GitHub/react-apprenticeship-capstone1/src/components/VideoCard/VideoCard.component.jsx","statementMap":{"0":{"start":{"line":19,"column":20},"end":{"line":19,"column":38}},"1":{"start":{"line":20,"column":20},"end":{"line":27,"column":3}},"2":{"start":{"line":29,"column":30},"end":{"line":29,"column":45}},"3":{"start":{"line":30,"column":24},"end":{"line":30,"column":54}},"4":{"start":{"line":33,"column":4},"end":{"line":34,"column":54}},"5":{"start":{"line":34,"column":33},"end":{"line":34,"column":53}},"6":{"start":{"line":36,"column":2},"end":{"line":42,"column":13}},"7":{"start":{"line":37,"column":4},"end":{"line":41,"column":5}},"8":{"start":{"line":38,"column":6},"end":{"line":38,"column":22}},"9":{"start":{"line":40,"column":6},"end":{"line":40,"column":23}},"10":{"start":{"line":44,"column":21},"end":{"line":47,"column":3}},"11":{"start":{"line":45,"column":4},"end":{"line":45,"column":20}},"12":{"start":{"line":46,"column":4},"end":{"line":46,"column":36}},"13":{"start":{"line":49,"column":23},"end":{"line":52,"column":3}},"14":{"start":{"line":50,"column":4},"end":{"line":50,"column":21}},"15":{"start":{"line":51,"column":4},"end":{"line":51,"column":39}},"16":{"start":{"line":54,"column":2},"end":{"line":84,"column":4}}},"fnMap":{"0":{"name":"VideoCard","decl":{"start":{"line":18,"column":9},"end":{"line":18,"column":18}},"loc":{"start":{"line":18,"column":75},"end":{"line":85,"column":1}},"line":18},"1":{"name":"(anonymous_1)","decl":{"start":{"line":34,"column":23},"end":{"line":34,"column":24}},"loc":{"start":{"line":34,"column":33},"end":{"line":34,"column":53}},"line":34},"2":{"name":"(anonymous_2)","decl":{"start":{"line":36,"column":12},"end":{"line":36,"column":13}},"loc":{"start":{"line":36,"column":18},"end":{"line":42,"column":3}},"line":36},"3":{"name":"(anonymous_3)","decl":{"start":{"line":44,"column":21},"end":{"line":44,"column":22}},"loc":{"start":{"line":44,"column":27},"end":{"line":47,"column":3}},"line":44},"4":{"name":"(anonymous_4)","decl":{"start":{"line":49,"column":23},"end":{"line":49,"column":24}},"loc":{"start":{"line":49,"column":29},"end":{"line":52,"column":3}},"line":49}},"branchMap":{"0":{"loc":{"start":{"line":33,"column":4},"end":{"line":34,"column":54}},"type":"binary-expr","locations":[{"start":{"line":33,"column":4},"end":{"line":33,"column":26}},{"start":{"line":34,"column":4},"end":{"line":34,"column":54}}],"line":33},"1":{"loc":{"start":{"line":37,"column":4},"end":{"line":41,"column":5}},"type":"if","locations":[{"start":{"line":37,"column":4},"end":{"line":41,"column":5}},{"start":{"line":37,"column":4},"end":{"line":41,"column":5}}],"line":37},"2":{"loc":{"start":{"line":67,"column":11},"end":{"line":79,"column":11}},"type":"binary-expr","locations":[{"start":{"line":67,"column":11},"end":{"line":67,"column":30}},{"start":{"line":68,"column":12},"end":{"line":78,"column":25}}],"line":67},"3":{"loc":{"start":{"line":68,"column":33},"end":{"line":68,"column":65}},"type":"cond-expr","locations":[{"start":{"line":68,"column":40},"end":{"line":68,"column":52}},{"start":{"line":68,"column":55},"end":{"line":68,"column":65}}],"line":68},"4":{"loc":{"start":{"line":69,"column":15},"end":{"line":77,"column":15}},"type":"cond-expr","locations":[{"start":{"line":70,"column":16},"end":{"line":72,"column":36}},{"start":{"line":74,"column":16},"end":{"line":76,"column":36}}],"line":69}},"s":{"0":194,"1":194,"2":194,"3":194,"4":194,"5":0,"6":194,"7":73,"8":0,"9":73,"10":194,"11":0,"12":0,"13":194,"14":0,"15":0,"16":194},"f":{"0":194,"1":0,"2":73,"3":0,"4":0},"b":{"0":[194,0],"1":[0,73],"2":[194,0],"3":[0,0],"4":[0,0]},"_coverageSchema":"43e27e138ebf9cfc5966b082cf9a028302ed4184","hash":"ea722fc43443130a23dc035c0e4735624ef0f972"}
,"/Users/paola.santollo/Documents/GitHub/react-apprenticeship-capstone1/src/components/VideoCard/VideoCard.styles.jsx": {"path":"/Users/paola.santollo/Documents/GitHub/react-apprenticeship-capstone1/src/components/VideoCard/VideoCard.styles.jsx","statementMap":{"0":{"start":{"line":15,"column":29},"end":{"line":20,"column":1}},"1":{"start":{"line":22,"column":34},"end":{"line":24,"column":1}},"2":{"start":{"line":26,"column":33},"end":{"line":29,"column":1}},"3":{"start":{"line":31,"column":27},"end":{"line":33,"column":1}},"4":{"start":{"line":53,"column":33},"end":{"line":64,"column":1}}},"fnMap":{},"branchMap":{},"s":{"0":5,"1":5,"2":5,"3":5,"4":5},"f":{},"b":{},"_coverageSchema":"43e27e138ebf9cfc5966b082cf9a028302ed4184","hash":"4b01337d6a430a735c8bc792a5bb0b1f4cb6023c"}
,"/Users/paola.santollo/Documents/GitHub/react-apprenticeship-capstone1/src/components/VideoCard/index.js": {"path":"/Users/paola.santollo/Documents/GitHub/react-apprenticeship-capstone1/src/components/VideoCard/index.js","statementMap":{},"fnMap":{},"branchMap":{},"s":{},"f":{},"b":{},"_coverageSchema":"43e27e138ebf9cfc5966b082cf9a028302ed4184","hash":"e9644c6b86f166b49613a3171183b8713af01726"}
,"/Users/paola.santollo/Documents/GitHub/react-apprenticeship-capstone1/src/pages/Favorites/Favorites.page.jsx": {"path":"/Users/paola.santollo/Documents/GitHub/react-apprenticeship-capstone1/src/pages/Favorites/Favorites.page.jsx","statementMap":{"0":{"start":{"line":11,"column":24},"end":{"line":11,"column":54}},"1":{"start":{"line":13,"column":2},"end":{"line":35,"column":4}},"2":{"start":{"line":18,"column":12},"end":{"line":25,"column":14}}},"fnMap":{"0":{"name":"FavoritesPage","decl":{"start":{"line":10,"column":9},"end":{"line":10,"column":22}},"loc":{"start":{"line":10,"column":25},"end":{"line":36,"column":1}},"line":10},"1":{"name":"(anonymous_1)","decl":{"start":{"line":17,"column":29},"end":{"line":17,"column":30}},"loc":{"start":{"line":18,"column":12},"end":{"line":25,"column":14}},"line":18}},"branchMap":{"0":{"loc":{"start":{"line":15,"column":7},"end":{"line":33,"column":7}},"type":"cond-expr","locations":[{"start":{"line":16,"column":8},"end":{"line":27,"column":30}},{"start":{"line":29,"column":8},"end":{"line":32,"column":26}}],"line":15}},"s":{"0":1,"1":1,"2":0},"f":{"0":1,"1":0},"b":{"0":[0,1]},"_coverageSchema":"43e27e138ebf9cfc5966b082cf9a028302ed4184","hash":"2b46d6fd5b812bfdfc6349b273676d8d759b7af6"}
,"/Users/paola.santollo/Documents/GitHub/react-apprenticeship-capstone1/src/pages/Favorites/Favorites.styles.jsx": {"path":"/Users/paola.santollo/Documents/GitHub/react-apprenticeship-capstone1/src/pages/Favorites/Favorites.styles.jsx","statementMap":{"0":{"start":{"line":3,"column":31},"end":{"line":8,"column":1}},"1":{"start":{"line":10,"column":27},"end":{"line":12,"column":1}},"2":{"start":{"line":14,"column":35},"end":{"line":20,"column":1}}},"fnMap":{},"branchMap":{},"s":{"0":3,"1":3,"2":3},"f":{},"b":{},"_coverageSchema":"43e27e138ebf9cfc5966b082cf9a028302ed4184","hash":"57ef5228225c8e4aa86f0f7bc327d0e9dfea71d8"}
,"/Users/paola.santollo/Documents/GitHub/react-apprenticeship-capstone1/src/pages/Favorites/index.js": {"path":"/Users/paola.santollo/Documents/GitHub/react-apprenticeship-capstone1/src/pages/Favorites/index.js","statementMap":{},"fnMap":{},"branchMap":{},"s":{},"f":{},"b":{},"hash":"d753ab4e3d9347420e6860b8e6c97cb5566c1660"}
,"/Users/paola.santollo/Documents/GitHub/react-apprenticeship-capstone1/src/pages/Home/Home.page.jsx": {"path":"/Users/paola.santollo/Documents/GitHub/react-apprenticeship-capstone1/src/pages/Home/Home.page.jsx","statementMap":{"0":{"start":{"line":9,"column":19},"end":{"line":9,"column":45}},"1":{"start":{"line":10,"column":20},"end":{"line":10,"column":68}},"2":{"start":{"line":12,"column":2},"end":{"line":43,"column":4}},"3":{"start":{"line":26,"column":16},"end":{"line":35,"column":17}}},"fnMap":{"0":{"name":"HomePage","decl":{"start":{"line":8,"column":9},"end":{"line":8,"column":17}},"loc":{"start":{"line":8,"column":20},"end":{"line":44,"column":1}},"line":8},"1":{"name":"(anonymous_1)","decl":{"start":{"line":25,"column":14},"end":{"line":25,"column":15}},"loc":{"start":{"line":26,"column":16},"end":{"line":35,"column":17}},"line":26}},"branchMap":{"0":{"loc":{"start":{"line":14,"column":7},"end":{"line":41,"column":7}},"type":"cond-expr","locations":[{"start":{"line":15,"column":8},"end":{"line":38,"column":11}},{"start":{"line":40,"column":8},"end":{"line":40,"column":22}}],"line":14},"1":{"loc":{"start":{"line":16,"column":11},"end":{"line":22,"column":11}},"type":"binary-expr","locations":[{"start":{"line":16,"column":11},"end":{"line":16,"column":20}},{"start":{"line":17,"column":12},"end":{"line":21,"column":14}}],"line":16},"2":{"loc":{"start":{"line":26,"column":16},"end":{"line":35,"column":17}},"type":"binary-expr","locations":[{"start":{"line":26,"column":16},"end":{"line":26,"column":32}},{"start":{"line":27,"column":18},"end":{"line":34,"column":20}}],"line":26}},"s":{"0":3,"1":3,"2":3,"3":75},"f":{"0":3,"1":75},"b":{"0":[3,0],"1":[3,3],"2":[75,72]},"_coverageSchema":"43e27e138ebf9cfc5966b082cf9a028302ed4184","hash":"72d73cbe4bd309400897619e67fbcbcff3c90d20"}
,"/Users/paola.santollo/Documents/GitHub/react-apprenticeship-capstone1/src/pages/Home/Home.styles.jsx": {"path":"/Users/paola.santollo/Documents/GitHub/react-apprenticeship-capstone1/src/pages/Home/Home.styles.jsx","statementMap":{"0":{"start":{"line":3,"column":31},"end":{"line":5,"column":1}},"1":{"start":{"line":7,"column":35},"end":{"line":13,"column":1}}},"fnMap":{},"branchMap":{},"s":{"0":3,"1":3},"f":{},"b":{},"_coverageSchema":"43e27e138ebf9cfc5966b082cf9a028302ed4184","hash":"12b6b5ace278d47ea6de5f494e9a2a03c202575c"}
,"/Users/paola.santollo/Documents/GitHub/react-apprenticeship-capstone1/src/pages/Home/index.js": {"path":"/Users/paola.santollo/Documents/GitHub/react-apprenticeship-capstone1/src/pages/Home/index.js","statementMap":{},"fnMap":{},"branchMap":{},"s":{},"f":{},"b":{},"_coverageSchema":"43e27e138ebf9cfc5966b082cf9a028302ed4184","hash":"a3075b02b4af23067a77aaaea6787e0a0e13ad2f"}
,"/Users/paola.santollo/Documents/GitHub/react-apprenticeship-capstone1/src/pages/NotFound/NotFound.page.jsx": {"path":"/Users/paola.santollo/Documents/GitHub/react-apprenticeship-capstone1/src/pages/NotFound/NotFound.page.jsx","statementMap":{"0":{"start":{"line":6,"column":2},"end":{"line":10,"column":4}}},"fnMap":{"0":{"name":"NotFoundPage","decl":{"start":{"line":5,"column":9},"end":{"line":5,"column":21}},"loc":{"start":{"line":5,"column":24},"end":{"line":11,"column":1}},"line":5}},"branchMap":{},"s":{"0":1},"f":{"0":1},"b":{},"_coverageSchema":"43e27e138ebf9cfc5966b082cf9a028302ed4184","hash":"c07b2c4e9aa04b71e3fde8fd230ef94f63c00ad1"}
,"/Users/paola.santollo/Documents/GitHub/react-apprenticeship-capstone1/src/pages/NotFound/index.js": {"path":"/Users/paola.santollo/Documents/GitHub/react-apprenticeship-capstone1/src/pages/NotFound/index.js","statementMap":{},"fnMap":{},"branchMap":{},"s":{},"f":{},"b":{},"_coverageSchema":"43e27e138ebf9cfc5966b082cf9a028302ed4184","hash":"6bdcdea09bdf2ae494168b39e096ef9970f67da7"}
,"/Users/paola.santollo/Documents/GitHub/react-apprenticeship-capstone1/src/pages/VideoDetail/VideoDetail.page.jsx": {"path":"/Users/paola.santollo/Documents/GitHub/react-apprenticeship-capstone1/src/pages/VideoDetail/VideoDetail.page.jsx","statementMap":{"0":{"start":{"line":22,"column":20},"end":{"line":22,"column":38}},"1":{"start":{"line":23,"column":30},"end":{"line":23,"column":45}},"2":{"start":{"line":24,"column":24},"end":{"line":24,"column":54}},"3":{"start":{"line":27,"column":4},"end":{"line":30,"column":5}},"4":{"start":{"line":29,"column":16},"end":{"line":29,"column":65}},"5":{"start":{"line":32,"column":2},"end":{"line":38,"column":13}},"6":{"start":{"line":33,"column":4},"end":{"line":37,"column":5}},"7":{"start":{"line":34,"column":6},"end":{"line":34,"column":22}},"8":{"start":{"line":36,"column":6},"end":{"line":36,"column":23}},"9":{"start":{"line":40,"column":21},"end":{"line":43,"column":3}},"10":{"start":{"line":41,"column":4},"end":{"line":41,"column":20}},"11":{"start":{"line":42,"column":4},"end":{"line":42,"column":55}},"12":{"start":{"line":45,"column":23},"end":{"line":48,"column":3}},"13":{"start":{"line":46,"column":4},"end":{"line":46,"column":21}},"14":{"start":{"line":47,"column":4},"end":{"line":47,"column":58}},"15":{"start":{"line":50,"column":2},"end":{"line":125,"column":4}},"16":{"start":{"line":93,"column":18},"end":{"line":102,"column":19}},"17":{"start":{"line":109,"column":18},"end":{"line":116,"column":20}}},"fnMap":{"0":{"name":"VideoDetailPage","decl":{"start":{"line":21,"column":9},"end":{"line":21,"column":24}},"loc":{"start":{"line":21,"column":32},"end":{"line":126,"column":1}},"line":21},"1":{"name":"(anonymous_1)","decl":{"start":{"line":29,"column":6},"end":{"line":29,"column":7}},"loc":{"start":{"line":29,"column":16},"end":{"line":29,"column":65}},"line":29},"2":{"name":"(anonymous_2)","decl":{"start":{"line":32,"column":12},"end":{"line":32,"column":13}},"loc":{"start":{"line":32,"column":18},"end":{"line":38,"column":3}},"line":32},"3":{"name":"(anonymous_3)","decl":{"start":{"line":40,"column":21},"end":{"line":40,"column":22}},"loc":{"start":{"line":40,"column":27},"end":{"line":43,"column":3}},"line":40},"4":{"name":"(anonymous_4)","decl":{"start":{"line":45,"column":23},"end":{"line":45,"column":24}},"loc":{"start":{"line":45,"column":29},"end":{"line":48,"column":3}},"line":45},"5":{"name":"(anonymous_5)","decl":{"start":{"line":92,"column":16},"end":{"line":92,"column":17}},"loc":{"start":{"line":93,"column":18},"end":{"line":102,"column":19}},"line":93},"6":{"name":"(anonymous_6)","decl":{"start":{"line":108,"column":34},"end":{"line":108,"column":35}},"loc":{"start":{"line":109,"column":18},"end":{"line":116,"column":20}},"line":109}},"branchMap":{"0":{"loc":{"start":{"line":27,"column":4},"end":{"line":30,"column":5}},"type":"binary-expr","locations":[{"start":{"line":27,"column":4},"end":{"line":27,"column":26}},{"start":{"line":28,"column":4},"end":{"line":30,"column":5}}],"line":27},"1":{"loc":{"start":{"line":33,"column":4},"end":{"line":37,"column":5}},"type":"if","locations":[{"start":{"line":33,"column":4},"end":{"line":37,"column":5}},{"start":{"line":33,"column":4},"end":{"line":37,"column":5}}],"line":33},"2":{"loc":{"start":{"line":63,"column":13},"end":{"line":75,"column":13}},"type":"binary-expr","locations":[{"start":{"line":63,"column":13},"end":{"line":63,"column":32}},{"start":{"line":64,"column":14},"end":{"line":74,"column":27}}],"line":63},"3":{"loc":{"start":{"line":64,"column":35},"end":{"line":64,"column":67}},"type":"cond-expr","locations":[{"start":{"line":64,"column":42},"end":{"line":64,"column":54}},{"start":{"line":64,"column":57},"end":{"line":64,"column":67}}],"line":64},"4":{"loc":{"start":{"line":65,"column":17},"end":{"line":73,"column":17}},"type":"cond-expr","locations":[{"start":{"line":66,"column":18},"end":{"line":68,"column":38}},{"start":{"line":70,"column":18},"end":{"line":72,"column":38}}],"line":65},"5":{"loc":{"start":{"line":79,"column":11},"end":{"line":86,"column":11}},"type":"binary-expr","locations":[{"start":{"line":79,"column":11},"end":{"line":79,"column":51}},{"start":{"line":80,"column":12},"end":{"line":85,"column":15}}],"line":79},"6":{"loc":{"start":{"line":89,"column":11},"end":{"line":121,"column":11}},"type":"cond-expr","locations":[{"start":{"line":90,"column":12},"end":{"line":104,"column":34}},{"start":{"line":105,"column":14},"end":{"line":121,"column":11}}],"line":89},"7":{"loc":{"start":{"line":93,"column":18},"end":{"line":102,"column":19}},"type":"binary-expr","locations":[{"start":{"line":93,"column":18},"end":{"line":93,"column":34}},{"start":{"line":94,"column":20},"end":{"line":101,"column":22}}],"line":93},"8":{"loc":{"start":{"line":105,"column":14},"end":{"line":121,"column":11}},"type":"cond-expr","locations":[{"start":{"line":106,"column":12},"end":{"line":118,"column":34}},{"start":{"line":120,"column":12},"end":{"line":120,"column":39}}],"line":105},"9":{"loc":{"start":{"line":107,"column":15},"end":{"line":117,"column":18}},"type":"binary-expr","locations":[{"start":{"line":107,"column":15},"end":{"line":107,"column":28}},{"start":{"line":108,"column":16},"end":{"line":117,"column":18}}],"line":107}},"s":{"0":0,"1":0,"2":0,"3":0,"4":0,"5":0,"6":0,"7":0,"8":0,"9":0,"10":0,"11":0,"12":0,"13":0,"14":0,"15":0,"16":0,"17":0},"f":{"0":0,"1":0,"2":0,"3":0,"4":0,"5":0,"6":0},"b":{"0":[0,0],"1":[0,0],"2":[0,0],"3":[0,0],"4":[0,0],"5":[0,0],"6":[0,0],"7":[0,0],"8":[0,0],"9":[0,0]},"_coverageSchema":"43e27e138ebf9cfc5966b082cf9a028302ed4184","hash":"1d0cf6a064afaaa8e3f6c2453b02dd7399178266"}
,"/Users/paola.santollo/Documents/GitHub/react-apprenticeship-capstone1/src/pages/VideoDetail/VideoDetail.styles.jsx": {"path":"/Users/paola.santollo/Documents/GitHub/react-apprenticeship-capstone1/src/pages/VideoDetail/VideoDetail.styles.jsx","statementMap":{"0":{"start":{"line":3,"column":31},"end":{"line":6,"column":1}},"1":{"start":{"line":8,"column":35},"end":{"line":14,"column":1}},"2":{"start":{"line":16,"column":40},"end":{"line":19,"column":1}},"3":{"start":{"line":21,"column":34},"end":{"line":23,"column":1}},"4":{"start":{"line":25,"column":33},"end":{"line":28,"column":1}},"5":{"start":{"line":47,"column":33},"end":{"line":52,"column":1}},"6":{"start":{"line":54,"column":27},"end":{"line":70,"column":1}}},"fnMap":{},"branchMap":{},"s":{"0":2,"1":2,"2":2,"3":2,"4":2,"5":2,"6":2},"f":{},"b":{},"_coverageSchema":"43e27e138ebf9cfc5966b082cf9a028302ed4184","hash":"9c34497a4e4d3245174d0725aee1f138405a9021"}
,"/Users/paola.santollo/Documents/GitHub/react-apprenticeship-capstone1/src/pages/VideoDetail/index.js": {"path":"/Users/paola.santollo/Documents/GitHub/react-apprenticeship-capstone1/src/pages/VideoDetail/index.js","statementMap":{},"fnMap":{},"branchMap":{},"s":{},"f":{},"b":{},"_coverageSchema":"43e27e138ebf9cfc5966b082cf9a028302ed4184","hash":"b1efb9637e6d14ad805735e7c741055ebb04c616"}
,"/Users/paola.santollo/Documents/GitHub/react-apprenticeship-capstone1/src/providers/Global.provider.jsx": {"path":"/Users/paola.santollo/Documents/GitHub/react-apprenticeship-capstone1/src/providers/Global.provider.jsx","statementMap":{"0":{"start":{"line":7,"column":22},"end":{"line":7,"column":47}},"1":{"start":{"line":10,"column":18},"end":{"line":10,"column":43}},"2":{"start":{"line":11,"column":2},"end":{"line":13,"column":3}},"3":{"start":{"line":12,"column":4},"end":{"line":12,"column":70}},"4":{"start":{"line":14,"column":2},"end":{"line":14,"column":17}},"5":{"start":{"line":19,"column":23},"end":{"line":26,"column":3}},"6":{"start":{"line":29,"column":4},"end":{"line":64,"column":5}},"7":{"start":{"line":31,"column":8},"end":{"line":35,"column":10}},"8":{"start":{"line":37,"column":8},"end":{"line":41,"column":10}},"9":{"start":{"line":43,"column":8},"end":{"line":46,"column":10}},"10":{"start":{"line":48,"column":8},"end":{"line":51,"column":10}},"11":{"start":{"line":53,"column":8},"end":{"line":56,"column":10}},"12":{"start":{"line":58,"column":8},"end":{"line":61,"column":10}},"13":{"start":{"line":63,"column":8},"end":{"line":63,"column":26}},"14":{"start":{"line":67,"column":28},"end":{"line":67,"column":61}},"15":{"start":{"line":69,"column":2},"end":{"line":76,"column":9}},"16":{"start":{"line":70,"column":26},"end":{"line":70,"column":55}},"17":{"start":{"line":71,"column":28},"end":{"line":71,"column":50}},"18":{"start":{"line":72,"column":4},"end":{"line":75,"column":7}},"19":{"start":{"line":78,"column":16},"end":{"line":94,"column":8}},"20":{"start":{"line":79,"column":4},"end":{"line":93,"column":9}},"21":{"start":{"line":81,"column":8},"end":{"line":84,"column":11}},"22":{"start":{"line":85,"column":8},"end":{"line":88,"column":11}},"23":{"start":{"line":89,"column":8},"end":{"line":89,"column":44}},"24":{"start":{"line":92,"column":8},"end":{"line":92,"column":27}},"25":{"start":{"line":96,"column":17},"end":{"line":106,"column":8}},"26":{"start":{"line":97,"column":4},"end":{"line":100,"column":7}},"27":{"start":{"line":101,"column":4},"end":{"line":104,"column":7}},"28":{"start":{"line":105,"column":4},"end":{"line":105,"column":41}},"29":{"start":{"line":108,"column":22},"end":{"line":113,"column":3}},"30":{"start":{"line":109,"column":4},"end":{"line":111,"column":35}},"31":{"start":{"line":112,"column":4},"end":{"line":112,"column":33}},"32":{"start":{"line":115,"column":23},"end":{"line":120,"column":3}},"33":{"start":{"line":116,"column":4},"end":{"line":119,"column":7}},"34":{"start":{"line":122,"column":2},"end":{"line":135,"column":4}}},"fnMap":{"0":{"name":"useGlobalContext","decl":{"start":{"line":9,"column":9},"end":{"line":9,"column":25}},"loc":{"start":{"line":9,"column":28},"end":{"line":15,"column":1}},"line":9},"1":{"name":"GlobalProvider","decl":{"start":{"line":18,"column":9},"end":{"line":18,"column":23}},"loc":{"start":{"line":18,"column":38},"end":{"line":136,"column":1}},"line":18},"2":{"name":"reducer","decl":{"start":{"line":28,"column":11},"end":{"line":28,"column":18}},"loc":{"start":{"line":28,"column":34},"end":{"line":65,"column":3}},"line":28},"3":{"name":"(anonymous_3)","decl":{"start":{"line":69,"column":12},"end":{"line":69,"column":13}},"loc":{"start":{"line":69,"column":18},"end":{"line":76,"column":3}},"line":69},"4":{"name":"(anonymous_4)","decl":{"start":{"line":78,"column":28},"end":{"line":78,"column":29}},"loc":{"start":{"line":78,"column":43},"end":{"line":94,"column":3}},"line":78},"5":{"name":"(anonymous_5)","decl":{"start":{"line":80,"column":12},"end":{"line":80,"column":13}},"loc":{"start":{"line":80,"column":24},"end":{"line":90,"column":7}},"line":80},"6":{"name":"(anonymous_6)","decl":{"start":{"line":91,"column":13},"end":{"line":91,"column":14}},"loc":{"start":{"line":91,"column":24},"end":{"line":93,"column":7}},"line":91},"7":{"name":"(anonymous_7)","decl":{"start":{"line":96,"column":29},"end":{"line":96,"column":30}},"loc":{"start":{"line":96,"column":35},"end":{"line":106,"column":3}},"line":96},"8":{"name":"(anonymous_8)","decl":{"start":{"line":108,"column":22},"end":{"line":108,"column":23}},"loc":{"start":{"line":108,"column":28},"end":{"line":113,"column":3}},"line":108},"9":{"name":"(anonymous_9)","decl":{"start":{"line":115,"column":23},"end":{"line":115,"column":24}},"loc":{"start":{"line":115,"column":34},"end":{"line":120,"column":3}},"line":115}},"branchMap":{"0":{"loc":{"start":{"line":11,"column":2},"end":{"line":13,"column":3}},"type":"if","locations":[{"start":{"line":11,"column":2},"end":{"line":13,"column":3}},{"start":{"line":11,"column":2},"end":{"line":13,"column":3}}],"line":11},"1":{"loc":{"start":{"line":29,"column":4},"end":{"line":64,"column":5}},"type":"switch","locations":[{"start":{"line":30,"column":6},"end":{"line":35,"column":10}},{"start":{"line":36,"column":6},"end":{"line":41,"column":10}},{"start":{"line":42,"column":6},"end":{"line":46,"column":10}},{"start":{"line":47,"column":6},"end":{"line":51,"column":10}},{"start":{"line":52,"column":6},"end":{"line":56,"column":10}},{"start":{"line":57,"column":6},"end":{"line":61,"column":10}},{"start":{"line":62,"column":6},"end":{"line":63,"column":26}}],"line":29},"2":{"loc":{"start":{"line":109,"column":4},"end":{"line":111,"column":34}},"type":"cond-expr","locations":[{"start":{"line":110,"column":8},"end":{"line":110,"column":35}},{"start":{"line":111,"column":8},"end":{"line":111,"column":34}}],"line":109}},"s":{"0":12,"1":226,"2":226,"3":0,"4":226,"5":26,"6":25,"7":0,"8":0,"9":0,"10":0,"11":25,"12":0,"13":0,"14":26,"15":26,"16":12,"17":12,"18":12,"19":26,"20":0,"21":0,"22":0,"23":0,"24":0,"25":26,"26":0,"27":0,"28":0,"29":26,"30":0,"31":0,"32":26,"33":0,"34":26},"f":{"0":226,"1":26,"2":25,"3":12,"4":0,"5":0,"6":0,"7":0,"8":0,"9":0},"b":{"0":[0,226],"1":[0,0,0,0,25,0,0],"2":[0,0]},"_coverageSchema":"43e27e138ebf9cfc5966b082cf9a028302ed4184","hash":"d639c00385c87898c7d61e80889be5cf6f68642f"}
,"/Users/paola.santollo/Documents/GitHub/react-apprenticeship-capstone1/src/providers/index.js": {"path":"/Users/paola.santollo/Documents/GitHub/react-apprenticeship-capstone1/src/providers/index.js","statementMap":{},"fnMap":{},"branchMap":{},"s":{},"f":{},"b":{},"_coverageSchema":"43e27e138ebf9cfc5966b082cf9a028302ed4184","hash":"5e59742676bb95f0059dfa703ef7775476d8c6e0"}
,"/Users/paola.santollo/Documents/GitHub/react-apprenticeship-capstone1/src/utils/constants.js": {"path":"/Users/paola.santollo/Documents/GitHub/react-apprenticeship-capstone1/src/utils/constants.js","statementMap":{"0":{"start":{"line":1,"column":25},"end":{"line":1,"column":48}}},"fnMap":{},"branchMap":{},"s":{"0":12},"f":{},"b":{},"_coverageSchema":"43e27e138ebf9cfc5966b082cf9a028302ed4184","hash":"f64ed14071ba935c7f259e490be2f9b5cdafb6b3"}
,"/Users/paola.santollo/Documents/GitHub/react-apprenticeship-capstone1/src/utils/storage.js": {"path":"/Users/paola.santollo/Documents/GitHub/react-apprenticeship-capstone1/src/utils/storage.js","statementMap":{"0":{"start":{"line":1,"column":16},"end":{"line":15,"column":1}},"1":{"start":{"line":3,"column":4},"end":{"line":9,"column":5}},"2":{"start":{"line":4,"column":23},"end":{"line":4,"column":55}},"3":{"start":{"line":5,"column":6},"end":{"line":5,"column":34}},"4":{"start":{"line":7,"column":6},"end":{"line":7,"column":60}},"5":{"start":{"line":8,"column":6},"end":{"line":8,"column":18}},"6":{"start":{"line":13,"column":4},"end":{"line":13,"column":60}},"7":{"start":{"line":17,"column":25},"end":{"line":51,"column":1}},"8":{"start":{"line":19,"column":4},"end":{"line":25,"column":5}},"9":{"start":{"line":20,"column":23},"end":{"line":20,"column":57}},"10":{"start":{"line":21,"column":6},"end":{"line":21,"column":34}},"11":{"start":{"line":23,"column":6},"end":{"line":23,"column":62}},"12":{"start":{"line":24,"column":6},"end":{"line":24,"column":18}},"13":{"start":{"line":29,"column":21},"end":{"line":29,"column":70}},"14":{"start":{"line":30,"column":19},"end":{"line":30,"column":52}},"15":{"start":{"line":31,"column":4},"end":{"line":39,"column":5}},"16":{"start":{"line":32,"column":18},"end":{"line":32,"column":20}},"17":{"start":{"line":33,"column":6},"end":{"line":33,"column":25}},"18":{"start":{"line":34,"column":6},"end":{"line":34,"column":67}},"19":{"start":{"line":36,"column":21},"end":{"line":36,"column":29}},"20":{"start":{"line":37,"column":6},"end":{"line":37,"column":28}},"21":{"start":{"line":38,"column":6},"end":{"line":38,"column":70}},"22":{"start":{"line":43,"column":21},"end":{"line":43,"column":70}},"23":{"start":{"line":44,"column":19},"end":{"line":44,"column":27}},"24":{"start":{"line":45,"column":21},"end":{"line":47,"column":6}},"25":{"start":{"line":46,"column":6},"end":{"line":46,"column":40}},"26":{"start":{"line":48,"column":4},"end":{"line":48,"column":38}},"27":{"start":{"line":49,"column":4},"end":{"line":49,"column":68}}},"fnMap":{"0":{"name":"(anonymous_0)","decl":{"start":{"line":2,"column":2},"end":{"line":2,"column":3}},"loc":{"start":{"line":2,"column":11},"end":{"line":10,"column":3}},"line":2},"1":{"name":"(anonymous_1)","decl":{"start":{"line":12,"column":2},"end":{"line":12,"column":3}},"loc":{"start":{"line":12,"column":18},"end":{"line":14,"column":3}},"line":12},"2":{"name":"(anonymous_2)","decl":{"start":{"line":18,"column":2},"end":{"line":18,"column":3}},"loc":{"start":{"line":18,"column":13},"end":{"line":26,"column":3}},"line":18},"3":{"name":"(anonymous_3)","decl":{"start":{"line":28,"column":2},"end":{"line":28,"column":3}},"loc":{"start":{"line":28,"column":13},"end":{"line":40,"column":3}},"line":28},"4":{"name":"(anonymous_4)","decl":{"start":{"line":42,"column":2},"end":{"line":42,"column":3}},"loc":{"start":{"line":42,"column":16},"end":{"line":50,"column":3}},"line":42},"5":{"name":"(anonymous_5)","decl":{"start":{"line":45,"column":37},"end":{"line":45,"column":38}},"loc":{"start":{"line":45,"column":53},"end":{"line":47,"column":5}},"line":45}},"branchMap":{"0":{"loc":{"start":{"line":31,"column":4},"end":{"line":39,"column":5}},"type":"if","locations":[{"start":{"line":31,"column":4},"end":{"line":39,"column":5}},{"start":{"line":31,"column":4},"end":{"line":39,"column":5}}],"line":31}},"s":{"0":12,"1":12,"2":12,"3":12,"4":0,"5":0,"6":0,"7":12,"8":195,"9":195,"10":195,"11":0,"12":0,"13":0,"14":0,"15":0,"16":0,"17":0,"18":0,"19":0,"20":0,"21":0,"22":0,"23":0,"24":0,"25":0,"26":0,"27":0},"f":{"0":12,"1":0,"2":195,"3":0,"4":0,"5":0},"b":{"0":[0,0]},"_coverageSchema":"43e27e138ebf9cfc5966b082cf9a028302ed4184","hash":"81f49c8a2440ec2bea4c8d209a38b42a76ef5a67"}
,"/Users/paola.santollo/Documents/GitHub/react-apprenticeship-capstone1/src/utils/mocks/login.api.js": {"path":"/Users/paola.santollo/Documents/GitHub/react-apprenticeship-capstone1/src/utils/mocks/login.api.js","statementMap":{"0":{"start":{"line":1,"column":19},"end":{"line":6,"column":1}},"1":{"start":{"line":9,"column":2},"end":{"line":16,"column":5}},"2":{"start":{"line":10,"column":4},"end":{"line":15,"column":12}},"3":{"start":{"line":11,"column":6},"end":{"line":13,"column":7}},"4":{"start":{"line":12,"column":8},"end":{"line":12,"column":35}},"5":{"start":{"line":14,"column":6},"end":{"line":14,"column":63}}},"fnMap":{"0":{"name":"loginApi","decl":{"start":{"line":8,"column":30},"end":{"line":8,"column":38}},"loc":{"start":{"line":8,"column":59},"end":{"line":17,"column":1}},"line":8},"1":{"name":"(anonymous_1)","decl":{"start":{"line":9,"column":21},"end":{"line":9,"column":22}},"loc":{"start":{"line":9,"column":42},"end":{"line":16,"column":3}},"line":9},"2":{"name":"(anonymous_2)","decl":{"start":{"line":10,"column":15},"end":{"line":10,"column":16}},"loc":{"start":{"line":10,"column":21},"end":{"line":15,"column":5}},"line":10}},"branchMap":{"0":{"loc":{"start":{"line":11,"column":6},"end":{"line":13,"column":7}},"type":"if","locations":[{"start":{"line":11,"column":6},"end":{"line":13,"column":7}},{"start":{"line":11,"column":6},"end":{"line":13,"column":7}}],"line":11},"1":{"loc":{"start":{"line":11,"column":10},"end":{"line":11,"column":58}},"type":"binary-expr","locations":[{"start":{"line":11,"column":10},"end":{"line":11,"column":33}},{"start":{"line":11,"column":37},"end":{"line":11,"column":58}}],"line":11}},"s":{"0":13,"1":2,"2":2,"3":2,"4":1,"5":1},"f":{"0":2,"1":2,"2":2},"b":{"0":[1,1],"1":[2,1]},"_coverageSchema":"43e27e138ebf9cfc5966b082cf9a028302ed4184","hash":"b0078f2dc47cb2e5a74727d1c1d602b4fa90d61f"}
,"/Users/paola.santollo/Documents/GitHub/react-apprenticeship-capstone1/src/utils/mocks/youtube-videos-mock.js": {"path":"/Users/paola.santollo/Documents/GitHub/react-apprenticeship-capstone1/src/utils/mocks/youtube-videos-mock.js","statementMap":{"0":{"start":{"line":1,"column":33},"end":{"line":878,"column":1}}},"fnMap":{},"branchMap":{},"s":{"0":4},"f":{},"b":{},"_coverageSchema":"43e27e138ebf9cfc5966b082cf9a028302ed4184","hash":"2e9230b5308471ac4c4fa382a65e4a68d9f12044"}
}
