{"/Users/paola.santollo/Documents/GitHub/react-apprenticeship-capstone1/src/index.js": {"path":"/Users/paola.santollo/Documents/GitHub/react-apprenticeship-capstone1/src/index.js","statementMap":{"0":{"start":{"line":7,"column":0},"end":{"line":12,"column":2}}},"fnMap":{},"branchMap":{},"s":{"0":1},"f":{},"b":{},"_coverageSchema":"43e27e138ebf9cfc5966b082cf9a028302ed4184","hash":"da50de95421cf8e14e5ef36692cebea7d1af3d53"}
,"/Users/paola.santollo/Documents/GitHub/react-apprenticeship-capstone1/src/theme.js": {"path":"/Users/paola.santollo/Documents/GitHub/react-apprenticeship-capstone1/src/theme.js","statementMap":{"0":{"start":{"line":15,"column":26},"end":{"line":20,"column":1}},"1":{"start":{"line":22,"column":25},"end":{"line":27,"column":1}}},"fnMap":{},"branchMap":{},"s":{"0":4,"1":4},"f":{},"b":{},"_coverageSchema":"43e27e138ebf9cfc5966b082cf9a028302ed4184","hash":"4843a8b5897b524adaa27d8954c3fc7798c3d5c1"}
,"/Users/paola.santollo/Documents/GitHub/react-apprenticeship-capstone1/src/api/youtube.js": {"path":"/Users/paola.santollo/Documents/GitHub/react-apprenticeship-capstone1/src/api/youtube.js","statementMap":{"0":{"start":{"line":2,"column":12},"end":{"line":2,"column":53}}},"fnMap":{},"branchMap":{},"s":{"0":7},"f":{},"b":{},"_coverageSchema":"43e27e138ebf9cfc5966b082cf9a028302ed4184","hash":"058bb0efb0dcab14f8075f7cc13cf6f69b2f1137"}
,"/Users/paola.santollo/Documents/GitHub/react-apprenticeship-capstone1/src/components/App/App.component.jsx": {"path":"/Users/paola.santollo/Documents/GitHub/react-apprenticeship-capstone1/src/components/App/App.component.jsx","statementMap":{"0":{"start":{"line":11,"column":2},"end":{"line":29,"column":4}}},"fnMap":{"0":{"name":"App","decl":{"start":{"line":10,"column":9},"end":{"line":10,"column":12}},"loc":{"start":{"line":10,"column":15},"end":{"line":30,"column":1}},"line":10}},"branchMap":{},"s":{"0":1},"f":{"0":1},"b":{},"_coverageSchema":"43e27e138ebf9cfc5966b082cf9a028302ed4184","hash":"9c8f28c387095c30d55c47c290ae3aaac371a551"}
,"/Users/paola.santollo/Documents/GitHub/react-apprenticeship-capstone1/src/components/App/index.js": {"path":"/Users/paola.santollo/Documents/GitHub/react-apprenticeship-capstone1/src/components/App/index.js","statementMap":{},"fnMap":{},"branchMap":{},"s":{},"f":{},"b":{},"_coverageSchema":"43e27e138ebf9cfc5966b082cf9a028302ed4184","hash":"3b3315e41b068052d3b542ea531c9d273e55fdb0"}
,"/Users/paola.santollo/Documents/GitHub/react-apprenticeship-capstone1/src/components/Button/Button.component.jsx": {"path":"/Users/paola.santollo/Documents/GitHub/react-apprenticeship-capstone1/src/components/Button/Button.component.jsx","statementMap":{"0":{"start":{"line":6,"column":2},"end":{"line":6,"column":64}}},"fnMap":{"0":{"name":"Button","decl":{"start":{"line":5,"column":9},"end":{"line":5,"column":15}},"loc":{"start":{"line":5,"column":36},"end":{"line":7,"column":1}},"line":5}},"branchMap":{},"s":{"0":48},"f":{"0":48},"b":{},"_coverageSchema":"43e27e138ebf9cfc5966b082cf9a028302ed4184","hash":"5e5e707275349b77412438680520b8092133ba9f"}
,"/Users/paola.santollo/Documents/GitHub/react-apprenticeship-capstone1/src/components/Button/Button.styles.jsx": {"path":"/Users/paola.santollo/Documents/GitHub/react-apprenticeship-capstone1/src/components/Button/Button.styles.jsx","statementMap":{"0":{"start":{"line":3,"column":28},"end":{"line":14,"column":1}},"1":{"start":{"line":10,"column":37},"end":{"line":10,"column":50}}},"fnMap":{"0":{"name":"(anonymous_0)","decl":{"start":{"line":10,"column":22},"end":{"line":10,"column":23}},"loc":{"start":{"line":10,"column":37},"end":{"line":10,"column":50}},"line":10}},"branchMap":{},"s":{"0":7,"1":48},"f":{"0":48},"b":{},"_coverageSchema":"43e27e138ebf9cfc5966b082cf9a028302ed4184","hash":"8a2440e3b892a43c965aa18889fd1125bbd29192"}
,"/Users/paola.santollo/Documents/GitHub/react-apprenticeship-capstone1/src/components/Button/index.js": {"path":"/Users/paola.santollo/Documents/GitHub/react-apprenticeship-capstone1/src/components/Button/index.js","statementMap":{},"fnMap":{},"branchMap":{},"s":{},"f":{},"b":{},"_coverageSchema":"43e27e138ebf9cfc5966b082cf9a028302ed4184","hash":"431ddc715cf2e1d817737fb6894fd597f4c0b35f"}
,"/Users/paola.santollo/Documents/GitHub/react-apprenticeship-capstone1/src/components/ChannelCard/ChannelCard.component.jsx": {"path":"/Users/paola.santollo/Documents/GitHub/react-apprenticeship-capstone1/src/components/ChannelCard/ChannelCard.component.jsx","statementMap":{"0":{"start":{"line":12,"column":2},"end":{"line":20,"column":4}}},"fnMap":{"0":{"name":"ChannelCard","decl":{"start":{"line":11,"column":9},"end":{"line":11,"column":20}},"loc":{"start":{"line":11,"column":51},"end":{"line":21,"column":1}},"line":11}},"branchMap":{},"s":{"0":1},"f":{"0":1},"b":{},"_coverageSchema":"43e27e138ebf9cfc5966b082cf9a028302ed4184","hash":"58dc1ecdf93dce5960602c69a45f4a2cbbc3b6a3"}
,"/Users/paola.santollo/Documents/GitHub/react-apprenticeship-capstone1/src/components/ChannelCard/ChannelCard.styles.jsx": {"path":"/Users/paola.santollo/Documents/GitHub/react-apprenticeship-capstone1/src/components/ChannelCard/ChannelCard.styles.jsx","statementMap":{"0":{"start":{"line":3,"column":31},"end":{"line":17,"column":1}},"1":{"start":{"line":19,"column":40},"end":{"line":30,"column":1}},"2":{"start":{"line":32,"column":27},"end":{"line":34,"column":1}},"3":{"start":{"line":36,"column":28},"end":{"line":40,"column":1}}},"fnMap":{},"branchMap":{},"s":{"0":4,"1":4,"2":4,"3":4},"f":{},"b":{},"_coverageSchema":"43e27e138ebf9cfc5966b082cf9a028302ed4184","hash":"8c291f60033f59b870e2eec583f256a372514d39"}
,"/Users/paola.santollo/Documents/GitHub/react-apprenticeship-capstone1/src/components/ChannelCard/index.js": {"path":"/Users/paola.santollo/Documents/GitHub/react-apprenticeship-capstone1/src/components/ChannelCard/index.js","statementMap":{},"fnMap":{},"branchMap":{},"s":{},"f":{},"b":{},"hash":"76775ea7c2df77c01aa455e2f3e36ee839e6ca6b"}
,"/Users/paola.santollo/Documents/GitHub/react-apprenticeship-capstone1/src/components/Header/Header.component.jsx": {"path":"/Users/paola.santollo/Documents/GitHub/react-apprenticeship-capstone1/src/components/Header/Header.component.jsx","statementMap":{"0":{"start":{"line":26,"column":18},"end":{"line":26,"column":30}},"1":{"start":{"line":27,"column":48},"end":{"line":27,"column":66}},"2":{"start":{"line":28,"column":34},"end":{"line":28,"column":49}},"3":{"start":{"line":29,"column":36},"end":{"line":29,"column":51}},"4":{"start":{"line":32,"column":4},"end":{"line":32,"column":27}},"5":{"start":{"line":33,"column":4},"end":{"line":33,"column":13}},"6":{"start":{"line":34,"column":4},"end":{"line":34,"column":22}},"7":{"start":{"line":38,"column":4},"end":{"line":38,"column":27}},"8":{"start":{"line":39,"column":4},"end":{"line":39,"column":21}},"9":{"start":{"line":40,"column":4},"end":{"line":45,"column":5}},"10":{"start":{"line":41,"column":6},"end":{"line":41,"column":25}},"11":{"start":{"line":43,"column":6},"end":{"line":43,"column":26}},"12":{"start":{"line":44,"column":6},"end":{"line":44,"column":24}},"13":{"start":{"line":48,"column":2},"end":{"line":98,"column":4}},"14":{"start":{"line":53,"column":27},"end":{"line":53,"column":46}},"15":{"start":{"line":61,"column":25},"end":{"line":61,"column":43}},"16":{"start":{"line":68,"column":48},"end":{"line":68,"column":65}},"17":{"start":{"line":91,"column":53},"end":{"line":91,"column":71}}},"fnMap":{"0":{"name":"Header","decl":{"start":{"line":25,"column":9},"end":{"line":25,"column":15}},"loc":{"start":{"line":25,"column":18},"end":{"line":99,"column":1}},"line":25},"1":{"name":"deAuthenticate","decl":{"start":{"line":31,"column":11},"end":{"line":31,"column":25}},"loc":{"start":{"line":31,"column":33},"end":{"line":35,"column":3}},"line":31},"2":{"name":"authenticate","decl":{"start":{"line":37,"column":11},"end":{"line":37,"column":23}},"loc":{"start":{"line":37,"column":42},"end":{"line":46,"column":3}},"line":37},"3":{"name":"(anonymous_3)","decl":{"start":{"line":53,"column":21},"end":{"line":53,"column":22}},"loc":{"start":{"line":53,"column":27},"end":{"line":53,"column":46}},"line":53},"4":{"name":"(anonymous_4)","decl":{"start":{"line":61,"column":19},"end":{"line":61,"column":20}},"loc":{"start":{"line":61,"column":25},"end":{"line":61,"column":43}},"line":61},"5":{"name":"(anonymous_5)","decl":{"start":{"line":68,"column":42},"end":{"line":68,"column":43}},"loc":{"start":{"line":68,"column":48},"end":{"line":68,"column":65}},"line":68},"6":{"name":"(anonymous_6)","decl":{"start":{"line":91,"column":47},"end":{"line":91,"column":48}},"loc":{"start":{"line":91,"column":53},"end":{"line":91,"column":71}},"line":91}},"branchMap":{"0":{"loc":{"start":{"line":40,"column":4},"end":{"line":45,"column":5}},"type":"if","locations":[{"start":{"line":40,"column":4},"end":{"line":45,"column":5}},{"start":{"line":40,"column":4},"end":{"line":45,"column":5}}],"line":40},"1":{"loc":{"start":{"line":57,"column":7},"end":{"line":73,"column":7}},"type":"cond-expr","locations":[{"start":{"line":58,"column":8},"end":{"line":66,"column":21}},{"start":{"line":68,"column":8},"end":{"line":72,"column":21}}],"line":57},"2":{"loc":{"start":{"line":75,"column":7},"end":{"line":75,"column":53}},"type":"binary-expr","locations":[{"start":{"line":75,"column":7},"end":{"line":75,"column":15}},{"start":{"line":75,"column":19},"end":{"line":75,"column":53}}],"line":75},"3":{"loc":{"start":{"line":84,"column":7},"end":{"line":96,"column":7}},"type":"cond-expr","locations":[{"start":{"line":85,"column":8},"end":{"line":89,"column":21}},{"start":{"line":91,"column":8},"end":{"line":95,"column":21}}],"line":84}},"s":{"0":19,"1":19,"2":19,"3":19,"4":0,"5":0,"6":0,"7":0,"8":0,"9":0,"10":0,"11":0,"12":0,"13":19,"14":1,"15":1,"16":2,"17":1},"f":{"0":19,"1":0,"2":0,"3":1,"4":1,"5":2,"6":1},"b":{"0":[0,0],"1":[2,17],"2":[19,2],"3":[0,19]},"_coverageSchema":"43e27e138ebf9cfc5966b082cf9a028302ed4184","hash":"9b2865aa6cd670809e7405ab9acc6b814e781cf4"}
,"/Users/paola.santollo/Documents/GitHub/react-apprenticeship-capstone1/src/components/Header/Header.styles.jsx": {"path":"/Users/paola.santollo/Documents/GitHub/react-apprenticeship-capstone1/src/components/Header/Header.styles.jsx","statementMap":{"0":{"start":{"line":3,"column":28},"end":{"line":16,"column":1}},"1":{"start":{"line":4,"column":37},"end":{"line":4,"column":47}},"2":{"start":{"line":10,"column":47},"end":{"line":10,"column":62}},"3":{"start":{"line":18,"column":33},"end":{"line":21,"column":1}},"4":{"start":{"line":23,"column":38},"end":{"line":27,"column":1}}},"fnMap":{"0":{"name":"(anonymous_0)","decl":{"start":{"line":4,"column":22},"end":{"line":4,"column":23}},"loc":{"start":{"line":4,"column":37},"end":{"line":4,"column":47}},"line":4},"1":{"name":"(anonymous_1)","decl":{"start":{"line":10,"column":32},"end":{"line":10,"column":33}},"loc":{"start":{"line":10,"column":47},"end":{"line":10,"column":62}},"line":10}},"branchMap":{},"s":{"0":4,"1":18,"2":18,"3":4,"4":4},"f":{"0":18,"1":18},"b":{},"_coverageSchema":"43e27e138ebf9cfc5966b082cf9a028302ed4184","hash":"cd3e85653c2c60e024267d8bd37faac991f28ac3"}
,"/Users/paola.santollo/Documents/GitHub/react-apprenticeship-capstone1/src/components/Header/index.js": {"path":"/Users/paola.santollo/Documents/GitHub/react-apprenticeship-capstone1/src/components/Header/index.js","statementMap":{},"fnMap":{},"branchMap":{},"s":{},"f":{},"b":{},"hash":"00b5ed2200ef98b43f082333c7f9e156de717bde"}
,"/Users/paola.santollo/Documents/GitHub/react-apprenticeship-capstone1/src/components/IconButton/IconButton.component.jsx": {"path":"/Users/paola.santollo/Documents/GitHub/react-apprenticeship-capstone1/src/components/IconButton/IconButton.component.jsx","statementMap":{"0":{"start":{"line":7,"column":15},"end":{"line":7,"column":16}},"1":{"start":{"line":9,"column":2},"end":{"line":11,"column":3}},"2":{"start":{"line":10,"column":4},"end":{"line":10,"column":15}},"3":{"start":{"line":13,"column":2},"end":{"line":18,"column":4}}},"fnMap":{"0":{"name":"IconButton","decl":{"start":{"line":6,"column":9},"end":{"line":6,"column":19}},"loc":{"start":{"line":6,"column":58},"end":{"line":19,"column":1}},"line":6}},"branchMap":{"0":{"loc":{"start":{"line":9,"column":2},"end":{"line":11,"column":3}},"type":"if","locations":[{"start":{"line":9,"column":2},"end":{"line":11,"column":3}},{"start":{"line":9,"column":2},"end":{"line":11,"column":3}}],"line":9}},"s":{"0":59,"1":59,"2":3,"3":59},"f":{"0":59},"b":{"0":[3,56]},"_coverageSchema":"43e27e138ebf9cfc5966b082cf9a028302ed4184","hash":"7e542dac45c2da1a7c3fb5735ae7a3474f784789"}
,"/Users/paola.santollo/Documents/GitHub/react-apprenticeship-capstone1/src/components/IconButton/IconButton.styles.jsx": {"path":"/Users/paola.santollo/Documents/GitHub/react-apprenticeship-capstone1/src/components/IconButton/IconButton.styles.jsx","statementMap":{"0":{"start":{"line":3,"column":32},"end":{"line":8,"column":1}},"1":{"start":{"line":7,"column":24},"end":{"line":7,"column":35}}},"fnMap":{"0":{"name":"(anonymous_0)","decl":{"start":{"line":7,"column":13},"end":{"line":7,"column":14}},"loc":{"start":{"line":7,"column":24},"end":{"line":7,"column":35}},"line":7}},"branchMap":{},"s":{"0":10,"1":59},"f":{"0":59},"b":{},"_coverageSchema":"43e27e138ebf9cfc5966b082cf9a028302ed4184","hash":"44d258060509f3351b1421beced2039d137562cb"}
,"/Users/paola.santollo/Documents/GitHub/react-apprenticeship-capstone1/src/components/IconButton/index.js": {"path":"/Users/paola.santollo/Documents/GitHub/react-apprenticeship-capstone1/src/components/IconButton/index.js","statementMap":{},"fnMap":{},"branchMap":{},"s":{},"f":{},"b":{},"_coverageSchema":"43e27e138ebf9cfc5966b082cf9a028302ed4184","hash":"4a9e8084301512ca66ba04a96d4679ce6aff7eef"}
,"/Users/paola.santollo/Documents/GitHub/react-apprenticeship-capstone1/src/components/Input/Input.component.jsx": {"path":"/Users/paola.santollo/Documents/GitHub/react-apprenticeship-capstone1/src/components/Input/Input.component.jsx","statementMap":{"0":{"start":{"line":7,"column":2},"end":{"line":17,"column":4}}},"fnMap":{"0":{"name":"Input","decl":{"start":{"line":6,"column":9},"end":{"line":6,"column":14}},"loc":{"start":{"line":6,"column":66},"end":{"line":18,"column":1}},"line":6}},"branchMap":{},"s":{"0":73},"f":{"0":73},"b":{},"_coverageSchema":"43e27e138ebf9cfc5966b082cf9a028302ed4184","hash":"d7511f754108b3a92a30dcfaa7e3f9bc3524149d"}
,"/Users/paola.santollo/Documents/GitHub/react-apprenticeship-capstone1/src/components/Input/Input.styles.jsx": {"path":"/Users/paola.santollo/Documents/GitHub/react-apprenticeship-capstone1/src/components/Input/Input.styles.jsx","statementMap":{"0":{"start":{"line":3,"column":27},"end":{"line":13,"column":1}},"1":{"start":{"line":4,"column":37},"end":{"line":4,"column":52}},"2":{"start":{"line":7,"column":26},"end":{"line":7,"column":36}}},"fnMap":{"0":{"name":"(anonymous_0)","decl":{"start":{"line":4,"column":22},"end":{"line":4,"column":23}},"loc":{"start":{"line":4,"column":37},"end":{"line":4,"column":52}},"line":4},"1":{"name":"(anonymous_1)","decl":{"start":{"line":7,"column":11},"end":{"line":7,"column":12}},"loc":{"start":{"line":7,"column":26},"end":{"line":7,"column":36}},"line":7}},"branchMap":{},"s":{"0":7,"1":73,"2":73},"f":{"0":73,"1":73},"b":{},"_coverageSchema":"43e27e138ebf9cfc5966b082cf9a028302ed4184","hash":"c2835de8fd3646c8284ff2d18d6b734864774a4b"}
,"/Users/paola.santollo/Documents/GitHub/react-apprenticeship-capstone1/src/components/Input/index.js": {"path":"/Users/paola.santollo/Documents/GitHub/react-apprenticeship-capstone1/src/components/Input/index.js","statementMap":{},"fnMap":{},"branchMap":{},"s":{},"f":{},"b":{},"_coverageSchema":"43e27e138ebf9cfc5966b082cf9a028302ed4184","hash":"9e61c7b03bb0ebff22a08eea73e24071ed407c1e"}
,"/Users/paola.santollo/Documents/GitHub/react-apprenticeship-capstone1/src/components/Layout/Layout.component.jsx": {"path":"/Users/paola.santollo/Documents/GitHub/react-apprenticeship-capstone1/src/components/Layout/Layout.component.jsx","statementMap":{"0":{"start":{"line":11,"column":20},"end":{"line":11,"column":38}},"1":{"start":{"line":13,"column":2},"end":{"line":21,"column":4}}},"fnMap":{"0":{"name":"Layout","decl":{"start":{"line":10,"column":9},"end":{"line":10,"column":15}},"loc":{"start":{"line":10,"column":30},"end":{"line":22,"column":1}},"line":10}},"branchMap":{"0":{"loc":{"start":{"line":15,"column":28},"end":{"line":15,"column":70}},"type":"cond-expr","locations":[{"start":{"line":15,"column":48},"end":{"line":15,"column":57}},{"start":{"line":15,"column":60},"end":{"line":15,"column":70}}],"line":15}},"s":{"0":4,"1":4},"f":{"0":4},"b":{"0":[0,4]},"_coverageSchema":"43e27e138ebf9cfc5966b082cf9a028302ed4184","hash":"4ad26cfb7eed062b82bd32e03882e7d827439070"}
,"/Users/paola.santollo/Documents/GitHub/react-apprenticeship-capstone1/src/components/Layout/Layout.styles.jsx": {"path":"/Users/paola.santollo/Documents/GitHub/react-apprenticeship-capstone1/src/components/Layout/Layout.styles.jsx","statementMap":{"0":{"start":{"line":3,"column":31},"end":{"line":16,"column":1}}},"fnMap":{},"branchMap":{},"s":{"0":3},"f":{},"b":{},"_coverageSchema":"43e27e138ebf9cfc5966b082cf9a028302ed4184","hash":"cca457fb9c17603d09cffdae540406d296454dfa"}
,"/Users/paola.santollo/Documents/GitHub/react-apprenticeship-capstone1/src/components/Layout/index.js": {"path":"/Users/paola.santollo/Documents/GitHub/react-apprenticeship-capstone1/src/components/Layout/index.js","statementMap":{},"fnMap":{},"branchMap":{},"s":{},"f":{},"b":{},"_coverageSchema":"43e27e138ebf9cfc5966b082cf9a028302ed4184","hash":"167c86031bb7417bcd0f1324eddf989ed91f9ecc"}
,"/Users/paola.santollo/Documents/GitHub/react-apprenticeship-capstone1/src/components/LoginForm/LoginForm.component.jsx": {"path":"/Users/paola.santollo/Documents/GitHub/react-apprenticeship-capstone1/src/components/LoginForm/LoginForm.component.jsx","statementMap":{"0":{"start":{"line":12,"column":36},"end":{"line":12,"column":76}},"1":{"start":{"line":14,"column":23},"end":{"line":19,"column":3}},"2":{"start":{"line":15,"column":4},"end":{"line":18,"column":7}},"3":{"start":{"line":21,"column":2},"end":{"line":50,"column":4}},"4":{"start":{"line":30,"column":29},"end":{"line":30,"column":75}},"5":{"start":{"line":39,"column":29},"end":{"line":39,"column":75}},"6":{"start":{"line":47,"column":28},"end":{"line":47,"column":58}}},"fnMap":{"0":{"name":"LoginForm","decl":{"start":{"line":11,"column":9},"end":{"line":11,"column":18}},"loc":{"start":{"line":11,"column":44},"end":{"line":51,"column":1}},"line":11},"1":{"name":"(anonymous_1)","decl":{"start":{"line":14,"column":23},"end":{"line":14,"column":24}},"loc":{"start":{"line":14,"column":49},"end":{"line":19,"column":3}},"line":14},"2":{"name":"(anonymous_2)","decl":{"start":{"line":30,"column":18},"end":{"line":30,"column":19}},"loc":{"start":{"line":30,"column":29},"end":{"line":30,"column":75}},"line":30},"3":{"name":"(anonymous_3)","decl":{"start":{"line":39,"column":18},"end":{"line":39,"column":19}},"loc":{"start":{"line":39,"column":29},"end":{"line":39,"column":75}},"line":39},"4":{"name":"(anonymous_4)","decl":{"start":{"line":47,"column":17},"end":{"line":47,"column":18}},"loc":{"start":{"line":47,"column":28},"end":{"line":47,"column":58}},"line":47}},"branchMap":{"0":{"loc":{"start":{"line":42,"column":7},"end":{"line":44,"column":7}},"type":"binary-expr","locations":[{"start":{"line":42,"column":7},"end":{"line":42,"column":21}},{"start":{"line":43,"column":8},"end":{"line":43,"column":63}}],"line":42}},"s":{"0":25,"1":25,"2":2,"3":25,"4":1,"5":1,"6":1},"f":{"0":25,"1":2,"2":1,"3":1,"4":1},"b":{"0":[25,1]},"_coverageSchema":"43e27e138ebf9cfc5966b082cf9a028302ed4184","hash":"025f9739e5a3857842773f30e1fdbf35058878ba"}
,"/Users/paola.santollo/Documents/GitHub/react-apprenticeship-capstone1/src/components/LoginForm/LoginForm.styles.jsx": {"path":"/Users/paola.santollo/Documents/GitHub/react-apprenticeship-capstone1/src/components/LoginForm/LoginForm.styles.jsx","statementMap":{"0":{"start":{"line":3,"column":29},"end":{"line":13,"column":1}},"1":{"start":{"line":6,"column":37},"end":{"line":6,"column":47}},"2":{"start":{"line":15,"column":27},"end":{"line":20,"column":1}},"3":{"start":{"line":19,"column":26},"end":{"line":19,"column":36}}},"fnMap":{"0":{"name":"(anonymous_0)","decl":{"start":{"line":6,"column":22},"end":{"line":6,"column":23}},"loc":{"start":{"line":6,"column":37},"end":{"line":6,"column":47}},"line":6},"1":{"name":"(anonymous_1)","decl":{"start":{"line":19,"column":11},"end":{"line":19,"column":12}},"loc":{"start":{"line":19,"column":26},"end":{"line":19,"column":36}},"line":19}},"branchMap":{},"s":{"0":5,"1":25,"2":5,"3":25},"f":{"0":25,"1":25},"b":{},"_coverageSchema":"43e27e138ebf9cfc5966b082cf9a028302ed4184","hash":"07437a30ee2f4d9dd2a951a426912667457140b1"}
,"/Users/paola.santollo/Documents/GitHub/react-apprenticeship-capstone1/src/components/LoginForm/index.js": {"path":"/Users/paola.santollo/Documents/GitHub/react-apprenticeship-capstone1/src/components/LoginForm/index.js","statementMap":{},"fnMap":{},"branchMap":{},"s":{},"f":{},"b":{},"_coverageSchema":"43e27e138ebf9cfc5966b082cf9a028302ed4184","hash":"826d1f16cd86a5452731631754cbf73b9b253937"}
,"/Users/paola.santollo/Documents/GitHub/react-apprenticeship-capstone1/src/components/Menu/Menu.component.jsx": {"path":"/Users/paola.santollo/Documents/GitHub/react-apprenticeship-capstone1/src/components/Menu/Menu.component.jsx","statementMap":{"0":{"start":{"line":9,"column":20},"end":{"line":9,"column":38}},"1":{"start":{"line":11,"column":2},"end":{"line":22,"column":4}},"2":{"start":{"line":13,"column":34},"end":{"line":13,"column":52}},"3":{"start":{"line":17,"column":45},"end":{"line":17,"column":63}}},"fnMap":{"0":{"name":"Menu","decl":{"start":{"line":8,"column":9},"end":{"line":8,"column":13}},"loc":{"start":{"line":8,"column":31},"end":{"line":23,"column":1}},"line":8},"1":{"name":"(anonymous_1)","decl":{"start":{"line":13,"column":28},"end":{"line":13,"column":29}},"loc":{"start":{"line":13,"column":34},"end":{"line":13,"column":52}},"line":13},"2":{"name":"(anonymous_2)","decl":{"start":{"line":17,"column":39},"end":{"line":17,"column":40}},"loc":{"start":{"line":17,"column":45},"end":{"line":17,"column":63}},"line":17}},"branchMap":{"0":{"loc":{"start":{"line":16,"column":7},"end":{"line":20,"column":7}},"type":"binary-expr","locations":[{"start":{"line":16,"column":7},"end":{"line":16,"column":26}},{"start":{"line":17,"column":8},"end":{"line":19,"column":15}}],"line":16}},"s":{"0":6,"1":6,"2":1,"3":0},"f":{"0":6,"1":1,"2":0},"b":{"0":[6,0]},"_coverageSchema":"43e27e138ebf9cfc5966b082cf9a028302ed4184","hash":"86ff47c9be390db607002cb8adc70431d9ecf805"}
,"/Users/paola.santollo/Documents/GitHub/react-apprenticeship-capstone1/src/components/Menu/Menu.styles.jsx": {"path":"/Users/paola.santollo/Documents/GitHub/react-apprenticeship-capstone1/src/components/Menu/Menu.styles.jsx","statementMap":{"0":{"start":{"line":21,"column":23},"end":{"line":28,"column":1}}},"fnMap":{},"branchMap":{},"s":{"0":5},"f":{},"b":{},"_coverageSchema":"43e27e138ebf9cfc5966b082cf9a028302ed4184","hash":"dfa09dad230611e812397f380b845488c6377044"}
,"/Users/paola.santollo/Documents/GitHub/react-apprenticeship-capstone1/src/components/Menu/index.js": {"path":"/Users/paola.santollo/Documents/GitHub/react-apprenticeship-capstone1/src/components/Menu/index.js","statementMap":{},"fnMap":{},"branchMap":{},"s":{},"f":{},"b":{},"_coverageSchema":"43e27e138ebf9cfc5966b082cf9a028302ed4184","hash":"888bc668d92886ab436036801e4bba43795ec8ee"}
,"/Users/paola.santollo/Documents/GitHub/react-apprenticeship-capstone1/src/components/Modal/Modal.component.jsx": {"path":"/Users/paola.santollo/Documents/GitHub/react-apprenticeship-capstone1/src/components/Modal/Modal.component.jsx","statementMap":{"0":{"start":{"line":15,"column":28},"end":{"line":15,"column":51}},"1":{"start":{"line":17,"column":2},"end":{"line":30,"column":4}}},"fnMap":{"0":{"name":"Modal","decl":{"start":{"line":14,"column":9},"end":{"line":14,"column":14}},"loc":{"start":{"line":14,"column":55},"end":{"line":31,"column":1}},"line":14}},"branchMap":{"0":{"loc":{"start":{"line":15,"column":28},"end":{"line":15,"column":51}},"type":"cond-expr","locations":[{"start":{"line":15,"column":35},"end":{"line":15,"column":42}},{"start":{"line":15,"column":45},"end":{"line":15,"column":51}}],"line":15}},"s":{"0":21,"1":21},"f":{"0":21},"b":{"0":[3,18]},"_coverageSchema":"43e27e138ebf9cfc5966b082cf9a028302ed4184","hash":"8893d00602763df1733e2a75df18ba7aa45a3699"}
,"/Users/paola.santollo/Documents/GitHub/react-apprenticeship-capstone1/src/components/Modal/Modal.styles.jsx": {"path":"/Users/paola.santollo/Documents/GitHub/react-apprenticeship-capstone1/src/components/Modal/Modal.styles.jsx","statementMap":{"0":{"start":{"line":3,"column":27},"end":{"line":13,"column":1}},"1":{"start":{"line":12,"column":24},"end":{"line":12,"column":37}},"2":{"start":{"line":15,"column":31},"end":{"line":27,"column":1}},"3":{"start":{"line":17,"column":31},"end":{"line":17,"column":41}},"4":{"start":{"line":29,"column":29},"end":{"line":33,"column":1}},"5":{"start":{"line":35,"column":33},"end":{"line":38,"column":1}}},"fnMap":{"0":{"name":"(anonymous_0)","decl":{"start":{"line":12,"column":13},"end":{"line":12,"column":14}},"loc":{"start":{"line":12,"column":24},"end":{"line":12,"column":37}},"line":12},"1":{"name":"(anonymous_1)","decl":{"start":{"line":17,"column":16},"end":{"line":17,"column":17}},"loc":{"start":{"line":17,"column":31},"end":{"line":17,"column":41}},"line":17}},"branchMap":{},"s":{"0":5,"1":21,"2":5,"3":21,"4":5,"5":5},"f":{"0":21,"1":21},"b":{},"_coverageSchema":"43e27e138ebf9cfc5966b082cf9a028302ed4184","hash":"912d4b94f3d4f3f7f9557cbaf39cc9d240570ce3"}
,"/Users/paola.santollo/Documents/GitHub/react-apprenticeship-capstone1/src/components/Modal/index.js": {"path":"/Users/paola.santollo/Documents/GitHub/react-apprenticeship-capstone1/src/components/Modal/index.js","statementMap":{},"fnMap":{},"branchMap":{},"s":{},"f":{},"b":{},"_coverageSchema":"43e27e138ebf9cfc5966b082cf9a028302ed4184","hash":"fde92a4b3e2139f197f552ed78e19b175568eeab"}
,"/Users/paola.santollo/Documents/GitHub/react-apprenticeship-capstone1/src/components/Private/Private.component.jsx": {"path":"/Users/paola.santollo/Documents/GitHub/react-apprenticeship-capstone1/src/components/Private/Private.component.jsx","statementMap":{"0":{"start":{"line":8,"column":20},"end":{"line":8,"column":38}},"1":{"start":{"line":10,"column":2},"end":{"line":21,"column":4}},"2":{"start":{"line":14,"column":8},"end":{"line":18,"column":9}}},"fnMap":{"0":{"name":"Private","decl":{"start":{"line":7,"column":9},"end":{"line":7,"column":16}},"loc":{"start":{"line":7,"column":40},"end":{"line":22,"column":1}},"line":7},"1":{"name":"(anonymous_1)","decl":{"start":{"line":13,"column":14},"end":{"line":13,"column":15}},"loc":{"start":{"line":14,"column":8},"end":{"line":18,"column":9}},"line":14}},"branchMap":{"0":{"loc":{"start":{"line":14,"column":8},"end":{"line":18,"column":9}},"type":"cond-expr","locations":[{"start":{"line":15,"column":10},"end":{"line":15,"column":18}},{"start":{"line":17,"column":10},"end":{"line":17,"column":51}}],"line":14}},"s":{"0":2,"1":2,"2":2},"f":{"0":2,"1":2},"b":{"0":[0,2]},"_coverageSchema":"43e27e138ebf9cfc5966b082cf9a028302ed4184","hash":"650459de4e1409afe3e5d36c7c939bdfb2c2e017"}
,"/Users/paola.santollo/Documents/GitHub/react-apprenticeship-capstone1/src/components/Private/index.js": {"path":"/Users/paola.santollo/Documents/GitHub/react-apprenticeship-capstone1/src/components/Private/index.js","statementMap":{},"fnMap":{},"branchMap":{},"s":{},"f":{},"b":{},"hash":"00b850f48d4ab3a51db7fd92f24a8eadd35efc7c"}
,"/Users/paola.santollo/Documents/GitHub/react-apprenticeship-capstone1/src/components/SearchBar/SearchBar.component.jsx": {"path":"/Users/paola.santollo/Documents/GitHub/react-apprenticeship-capstone1/src/components/SearchBar/SearchBar.component.jsx","statementMap":{"0":{"start":{"line":15,"column":18},"end":{"line":15,"column":30}},"1":{"start":{"line":16,"column":52},"end":{"line":16,"column":70}},"2":{"start":{"line":18,"column":19},"end":{"line":25,"column":3}},"3":{"start":{"line":19,"column":4},"end":{"line":23,"column":23}},"4":{"start":{"line":21,"column":8},"end":{"line":21,"column":33}},"5":{"start":{"line":24,"column":4},"end":{"line":24,"column":22}},"6":{"start":{"line":27,"column":2},"end":{"line":43,"column":4}}},"fnMap":{"0":{"name":"SearchBar","decl":{"start":{"line":14,"column":9},"end":{"line":14,"column":18}},"loc":{"start":{"line":14,"column":21},"end":{"line":44,"column":1}},"line":14},"1":{"name":"(anonymous_1)","decl":{"start":{"line":18,"column":19},"end":{"line":18,"column":20}},"loc":{"start":{"line":18,"column":31},"end":{"line":25,"column":3}},"line":18},"2":{"name":"(anonymous_2)","decl":{"start":{"line":20,"column":12},"end":{"line":20,"column":13}},"loc":{"start":{"line":20,"column":24},"end":{"line":22,"column":7}},"line":20},"3":{"name":"(anonymous_3)","decl":{"start":{"line":23,"column":13},"end":{"line":23,"column":14}},"loc":{"start":{"line":23,"column":19},"end":{"line":23,"column":21}},"line":23}},"branchMap":{},"s":{"0":22,"1":22,"2":22,"3":1,"4":0,"5":1,"6":22},"f":{"0":22,"1":1,"2":0,"3":0},"b":{},"_coverageSchema":"43e27e138ebf9cfc5966b082cf9a028302ed4184","hash":"2fc6d21798e8b485f1633cfe068d9ec512ab61ad"}
,"/Users/paola.santollo/Documents/GitHub/react-apprenticeship-capstone1/src/components/SearchBar/SearchBar.styles.jsx": {"path":"/Users/paola.santollo/Documents/GitHub/react-apprenticeship-capstone1/src/components/SearchBar/SearchBar.styles.jsx","statementMap":{"0":{"start":{"line":3,"column":31},"end":{"line":8,"column":1}},"1":{"start":{"line":10,"column":29},"end":{"line":30,"column":1}},"2":{"start":{"line":32,"column":35},"end":{"line":37,"column":1}}},"fnMap":{},"branchMap":{},"s":{"0":5,"1":5,"2":5},"f":{},"b":{},"_coverageSchema":"43e27e138ebf9cfc5966b082cf9a028302ed4184","hash":"9e571d3ff956e1d8ad03ededc5117d03c0845942"}
,"/Users/paola.santollo/Documents/GitHub/react-apprenticeship-capstone1/src/components/SearchBar/index.js": {"path":"/Users/paola.santollo/Documents/GitHub/react-apprenticeship-capstone1/src/components/SearchBar/index.js","statementMap":{},"fnMap":{},"branchMap":{},"s":{},"f":{},"b":{},"_coverageSchema":"43e27e138ebf9cfc5966b082cf9a028302ed4184","hash":"6726ade1a3759201f4676f9f3b0ff5a269801a4b"}
,"/Users/paola.santollo/Documents/GitHub/react-apprenticeship-capstone1/src/components/Switch/Switch.component.jsx": {"path":"/Users/paola.santollo/Documents/GitHub/react-apprenticeship-capstone1/src/components/Switch/Switch.component.jsx","statementMap":{"0":{"start":{"line":11,"column":2},"end":{"line":19,"column":4}}},"fnMap":{"0":{"name":"Switch","decl":{"start":{"line":10,"column":9},"end":{"line":10,"column":15}},"loc":{"start":{"line":10,"column":47},"end":{"line":20,"column":1}},"line":10}},"branchMap":{"0":{"loc":{"start":{"line":13,"column":7},"end":{"line":13,"column":50}},"type":"binary-expr","locations":[{"start":{"line":13,"column":7},"end":{"line":13,"column":12}},{"start":{"line":13,"column":16},"end":{"line":13,"column":50}}],"line":13}},"s":{"0":20},"f":{"0":20},"b":{"0":[20,19]},"_coverageSchema":"43e27e138ebf9cfc5966b082cf9a028302ed4184","hash":"65ae416feb3f3c798c501352f4f7e2bd61a06b86"}
,"/Users/paola.santollo/Documents/GitHub/react-apprenticeship-capstone1/src/components/Switch/Switch.styles.jsx": {"path":"/Users/paola.santollo/Documents/GitHub/react-apprenticeship-capstone1/src/components/Switch/Switch.styles.jsx","statementMap":{"0":{"start":{"line":3,"column":27},"end":{"line":5,"column":1}},"1":{"start":{"line":7,"column":26},"end":{"line":30,"column":1}},"2":{"start":{"line":32,"column":28},"end":{"line":47,"column":1}},"3":{"start":{"line":49,"column":27},"end":{"line":53,"column":1}},"4":{"start":{"line":52,"column":26},"end":{"line":52,"column":36}}},"fnMap":{"0":{"name":"(anonymous_0)","decl":{"start":{"line":52,"column":11},"end":{"line":52,"column":12}},"loc":{"start":{"line":52,"column":26},"end":{"line":52,"column":36}},"line":52}},"branchMap":{},"s":{"0":5,"1":5,"2":5,"3":5,"4":19},"f":{"0":19},"b":{},"_coverageSchema":"43e27e138ebf9cfc5966b082cf9a028302ed4184","hash":"7612d93f14385604d271c185b69d1619d77a7afb"}
,"/Users/paola.santollo/Documents/GitHub/react-apprenticeship-capstone1/src/components/Switch/index.js": {"path":"/Users/paola.santollo/Documents/GitHub/react-apprenticeship-capstone1/src/components/Switch/index.js","statementMap":{},"fnMap":{},"branchMap":{},"s":{},"f":{},"b":{},"hash":"46fb629ba286eda99c5c9574060b51ff3a2b1cca"}
,"/Users/paola.santollo/Documents/GitHub/react-apprenticeship-capstone1/src/components/VideoCard/VideoCard.component.jsx": {"path":"/Users/paola.santollo/Documents/GitHub/react-apprenticeship-capstone1/src/components/VideoCard/VideoCard.component.jsx","statementMap":{"0":{"start":{"line":19,"column":20},"end":{"line":19,"column":38}},"1":{"start":{"line":20,"column":20},"end":{"line":27,"column":3}},"2":{"start":{"line":29,"column":30},"end":{"line":29,"column":45}},"3":{"start":{"line":30,"column":24},"end":{"line":30,"column":54}},"4":{"start":{"line":33,"column":4},"end":{"line":34,"column":54}},"5":{"start":{"line":34,"column":33},"end":{"line":34,"column":53}},"6":{"start":{"line":36,"column":2},"end":{"line":42,"column":13}},"7":{"start":{"line":37,"column":4},"end":{"line":41,"column":5}},"8":{"start":{"line":38,"column":6},"end":{"line":38,"column":22}},"9":{"start":{"line":40,"column":6},"end":{"line":40,"column":23}},"10":{"start":{"line":44,"column":21},"end":{"line":47,"column":3}},"11":{"start":{"line":45,"column":4},"end":{"line":45,"column":20}},"12":{"start":{"line":46,"column":4},"end":{"line":46,"column":36}},"13":{"start":{"line":49,"column":23},"end":{"line":52,"column":3}},"14":{"start":{"line":50,"column":4},"end":{"line":50,"column":21}},"15":{"start":{"line":51,"column":4},"end":{"line":51,"column":39}},"16":{"start":{"line":54,"column":2},"end":{"line":84,"column":4}}},"fnMap":{"0":{"name":"VideoCard","decl":{"start":{"line":18,"column":9},"end":{"line":18,"column":18}},"loc":{"start":{"line":18,"column":75},"end":{"line":85,"column":1}},"line":18},"1":{"name":"(anonymous_1)","decl":{"start":{"line":34,"column":23},"end":{"line":34,"column":24}},"loc":{"start":{"line":34,"column":33},"end":{"line":34,"column":53}},"line":34},"2":{"name":"(anonymous_2)","decl":{"start":{"line":36,"column":12},"end":{"line":36,"column":13}},"loc":{"start":{"line":36,"column":18},"end":{"line":42,"column":3}},"line":36},"3":{"name":"(anonymous_3)","decl":{"start":{"line":44,"column":21},"end":{"line":44,"column":22}},"loc":{"start":{"line":44,"column":27},"end":{"line":47,"column":3}},"line":44},"4":{"name":"(anonymous_4)","decl":{"start":{"line":49,"column":23},"end":{"line":49,"column":24}},"loc":{"start":{"line":49,"column":29},"end":{"line":52,"column":3}},"line":49}},"branchMap":{"0":{"loc":{"start":{"line":33,"column":4},"end":{"line":34,"column":54}},"type":"binary-expr","locations":[{"start":{"line":33,"column":4},"end":{"line":33,"column":26}},{"start":{"line":34,"column":4},"end":{"line":34,"column":54}}],"line":33},"1":{"loc":{"start":{"line":37,"column":4},"end":{"line":41,"column":5}},"type":"if","locations":[{"start":{"line":37,"column":4},"end":{"line":41,"column":5}},{"start":{"line":37,"column":4},"end":{"line":41,"column":5}}],"line":37},"2":{"loc":{"start":{"line":67,"column":11},"end":{"line":79,"column":11}},"type":"binary-expr","locations":[{"start":{"line":67,"column":11},"end":{"line":67,"column":30}},{"start":{"line":68,"column":12},"end":{"line":78,"column":25}}],"line":67},"3":{"loc":{"start":{"line":68,"column":46},"end":{"line":68,"column":78}},"type":"cond-expr","locations":[{"start":{"line":68,"column":53},"end":{"line":68,"column":65}},{"start":{"line":68,"column":68},"end":{"line":68,"column":78}}],"line":68},"4":{"loc":{"start":{"line":69,"column":15},"end":{"line":77,"column":15}},"type":"cond-expr","locations":[{"start":{"line":70,"column":16},"end":{"line":72,"column":36}},{"start":{"line":74,"column":16},"end":{"line":76,"column":36}}],"line":69}},"s":{"0":2,"1":2,"2":2,"3":2,"4":2,"5":0,"6":2,"7":1,"8":0,"9":1,"10":2,"11":0,"12":0,"13":2,"14":0,"15":0,"16":2},"f":{"0":2,"1":0,"2":1,"3":0,"4":0},"b":{"0":[2,0],"1":[0,1],"2":[2,0],"3":[0,0],"4":[0,0]},"_coverageSchema":"43e27e138ebf9cfc5966b082cf9a028302ed4184","hash":"8bd705b189ad5444b476fc6c5817a6f158e7a9c5"}
,"/Users/paola.santollo/Documents/GitHub/react-apprenticeship-capstone1/src/components/VideoCard/VideoCard.styles.jsx": {"path":"/Users/paola.santollo/Documents/GitHub/react-apprenticeship-capstone1/src/components/VideoCard/VideoCard.styles.jsx","statementMap":{"0":{"start":{"line":15,"column":29},"end":{"line":20,"column":1}},"1":{"start":{"line":22,"column":34},"end":{"line":24,"column":1}},"2":{"start":{"line":26,"column":33},"end":{"line":29,"column":1}},"3":{"start":{"line":31,"column":27},"end":{"line":33,"column":1}},"4":{"start":{"line":53,"column":33},"end":{"line":64,"column":1}}},"fnMap":{},"branchMap":{},"s":{"0":6,"1":6,"2":6,"3":6,"4":6},"f":{},"b":{},"_coverageSchema":"43e27e138ebf9cfc5966b082cf9a028302ed4184","hash":"4b01337d6a430a735c8bc792a5bb0b1f4cb6023c"}
,"/Users/paola.santollo/Documents/GitHub/react-apprenticeship-capstone1/src/components/VideoCard/index.js": {"path":"/Users/paola.santollo/Documents/GitHub/react-apprenticeship-capstone1/src/components/VideoCard/index.js","statementMap":{},"fnMap":{},"branchMap":{},"s":{},"f":{},"b":{},"_coverageSchema":"43e27e138ebf9cfc5966b082cf9a028302ed4184","hash":"e9644c6b86f166b49613a3171183b8713af01726"}
,"/Users/paola.santollo/Documents/GitHub/react-apprenticeship-capstone1/src/hooks/useFetch.js": {"path":"/Users/paola.santollo/Documents/GitHub/react-apprenticeship-capstone1/src/hooks/useFetch.js","statementMap":{"0":{"start":{"line":5,"column":24},"end":{"line":84,"column":1}},"1":{"start":{"line":6,"column":38},"end":{"line":6,"column":56}},"2":{"start":{"line":8,"column":23},"end":{"line":12,"column":3}},"3":{"start":{"line":15,"column":4},"end":{"line":34,"column":5}},"4":{"start":{"line":17,"column":8},"end":{"line":20,"column":10}},"5":{"start":{"line":22,"column":8},"end":{"line":25,"column":10}},"6":{"start":{"line":27,"column":8},"end":{"line":30,"column":10}},"7":{"start":{"line":33,"column":8},"end":{"line":33,"column":26}},"8":{"start":{"line":37,"column":33},"end":{"line":37,"column":66}},"9":{"start":{"line":39,"column":2},"end":{"line":81,"column":5}},"10":{"start":{"line":40,"column":4},"end":{"line":75,"column":5}},"11":{"start":{"line":41,"column":6},"end":{"line":64,"column":11}},"12":{"start":{"line":43,"column":10},"end":{"line":43,"column":35}},"13":{"start":{"line":44,"column":10},"end":{"line":47,"column":13}},"14":{"start":{"line":48,"column":10},"end":{"line":53,"column":11}},"15":{"start":{"line":49,"column":12},"end":{"line":52,"column":15}},"16":{"start":{"line":56,"column":10},"end":{"line":59,"column":13}},"17":{"start":{"line":60,"column":10},"end":{"line":63,"column":13}},"18":{"start":{"line":65,"column":11},"end":{"line":75,"column":5}},"19":{"start":{"line":66,"column":6},"end":{"line":69,"column":9}},"20":{"start":{"line":71,"column":6},"end":{"line":74,"column":9}},"21":{"start":{"line":83,"column":2},"end":{"line":83,"column":20}}},"fnMap":{"0":{"name":"(anonymous_0)","decl":{"start":{"line":5,"column":24},"end":{"line":5,"column":25}},"loc":{"start":{"line":5,"column":30},"end":{"line":84,"column":1}},"line":5},"1":{"name":"reducer","decl":{"start":{"line":14,"column":11},"end":{"line":14,"column":18}},"loc":{"start":{"line":14,"column":39},"end":{"line":35,"column":3}},"line":14},"2":{"name":"(anonymous_2)","decl":{"start":{"line":39,"column":12},"end":{"line":39,"column":13}},"loc":{"start":{"line":39,"column":18},"end":{"line":76,"column":3}},"line":39},"3":{"name":"(anonymous_3)","decl":{"start":{"line":42,"column":14},"end":{"line":42,"column":15}},"loc":{"start":{"line":42,"column":26},"end":{"line":54,"column":9}},"line":42},"4":{"name":"(anonymous_4)","decl":{"start":{"line":55,"column":15},"end":{"line":55,"column":16}},"loc":{"start":{"line":55,"column":26},"end":{"line":64,"column":9}},"line":55}},"branchMap":{"0":{"loc":{"start":{"line":15,"column":4},"end":{"line":34,"column":5}},"type":"switch","locations":[{"start":{"line":16,"column":6},"end":{"line":20,"column":10}},{"start":{"line":21,"column":6},"end":{"line":25,"column":10}},{"start":{"line":26,"column":6},"end":{"line":30,"column":10}},{"start":{"line":32,"column":6},"end":{"line":33,"column":26}}],"line":15},"1":{"loc":{"start":{"line":40,"column":4},"end":{"line":75,"column":5}},"type":"if","locations":[{"start":{"line":40,"column":4},"end":{"line":75,"column":5}},{"start":{"line":40,"column":4},"end":{"line":75,"column":5}}],"line":40},"2":{"loc":{"start":{"line":48,"column":10},"end":{"line":53,"column":11}},"type":"if","locations":[{"start":{"line":48,"column":10},"end":{"line":53,"column":11}},{"start":{"line":48,"column":10},"end":{"line":53,"column":11}}],"line":48},"3":{"loc":{"start":{"line":65,"column":11},"end":{"line":75,"column":5}},"type":"if","locations":[{"start":{"line":65,"column":11},"end":{"line":75,"column":5}},{"start":{"line":65,"column":11},"end":{"line":75,"column":5}}],"line":65}},"s":{"0":3,"1":4,"2":4,"3":0,"4":0,"5":0,"6":0,"7":0,"8":4,"9":4,"10":4,"11":4,"12":0,"13":0,"14":0,"15":0,"16":0,"17":0,"18":0,"19":0,"20":0,"21":4},"f":{"0":4,"1":0,"2":4,"3":0,"4":0},"b":{"0":[0,0,0,0],"1":[4,0],"2":[0,0],"3":[0,0]},"_coverageSchema":"43e27e138ebf9cfc5966b082cf9a028302ed4184","hash":"f22db53a755f5cf0741652d7cabd64f8c449e043"}
,"/Users/paola.santollo/Documents/GitHub/react-apprenticeship-capstone1/src/pages/Favorites/Favorites.page.jsx": {"path":"/Users/paola.santollo/Documents/GitHub/react-apprenticeship-capstone1/src/pages/Favorites/Favorites.page.jsx","statementMap":{"0":{"start":{"line":11,"column":24},"end":{"line":11,"column":54}},"1":{"start":{"line":13,"column":2},"end":{"line":35,"column":4}},"2":{"start":{"line":18,"column":12},"end":{"line":25,"column":14}}},"fnMap":{"0":{"name":"FavoritesPage","decl":{"start":{"line":10,"column":9},"end":{"line":10,"column":22}},"loc":{"start":{"line":10,"column":25},"end":{"line":36,"column":1}},"line":10},"1":{"name":"(anonymous_1)","decl":{"start":{"line":17,"column":29},"end":{"line":17,"column":30}},"loc":{"start":{"line":18,"column":12},"end":{"line":25,"column":14}},"line":18}},"branchMap":{"0":{"loc":{"start":{"line":15,"column":7},"end":{"line":33,"column":7}},"type":"cond-expr","locations":[{"start":{"line":16,"column":8},"end":{"line":27,"column":30}},{"start":{"line":29,"column":8},"end":{"line":32,"column":26}}],"line":15}},"s":{"0":1,"1":1,"2":0},"f":{"0":1,"1":0},"b":{"0":[0,1]},"_coverageSchema":"43e27e138ebf9cfc5966b082cf9a028302ed4184","hash":"2b46d6fd5b812bfdfc6349b273676d8d759b7af6"}
,"/Users/paola.santollo/Documents/GitHub/react-apprenticeship-capstone1/src/pages/Favorites/Favorites.styles.jsx": {"path":"/Users/paola.santollo/Documents/GitHub/react-apprenticeship-capstone1/src/pages/Favorites/Favorites.styles.jsx","statementMap":{"0":{"start":{"line":3,"column":31},"end":{"line":8,"column":1}},"1":{"start":{"line":10,"column":27},"end":{"line":12,"column":1}},"2":{"start":{"line":14,"column":35},"end":{"line":20,"column":1}}},"fnMap":{},"branchMap":{},"s":{"0":3,"1":3,"2":3},"f":{},"b":{},"_coverageSchema":"43e27e138ebf9cfc5966b082cf9a028302ed4184","hash":"57ef5228225c8e4aa86f0f7bc327d0e9dfea71d8"}
,"/Users/paola.santollo/Documents/GitHub/react-apprenticeship-capstone1/src/pages/Favorites/index.js": {"path":"/Users/paola.santollo/Documents/GitHub/react-apprenticeship-capstone1/src/pages/Favorites/index.js","statementMap":{},"fnMap":{},"branchMap":{},"s":{},"f":{},"b":{},"hash":"d753ab4e3d9347420e6860b8e6c97cb5566c1660"}
,"/Users/paola.santollo/Documents/GitHub/react-apprenticeship-capstone1/src/pages/Home/Home.page.jsx": {"path":"/Users/paola.santollo/Documents/GitHub/react-apprenticeship-capstone1/src/pages/Home/Home.page.jsx","statementMap":{"0":{"start":{"line":9,"column":20},"end":{"line":9,"column":38}},"1":{"start":{"line":10,"column":41},"end":{"line":10,"column":51}},"2":{"start":{"line":12,"column":2},"end":{"line":49,"column":4}},"3":{"start":{"line":30,"column":16},"end":{"line":39,"column":17}}},"fnMap":{"0":{"name":"HomePage","decl":{"start":{"line":8,"column":9},"end":{"line":8,"column":17}},"loc":{"start":{"line":8,"column":20},"end":{"line":50,"column":1}},"line":8},"1":{"name":"(anonymous_1)","decl":{"start":{"line":29,"column":14},"end":{"line":29,"column":15}},"loc":{"start":{"line":30,"column":16},"end":{"line":39,"column":17}},"line":30}},"branchMap":{"0":{"loc":{"start":{"line":14,"column":7},"end":{"line":47,"column":7}},"type":"cond-expr","locations":[{"start":{"line":15,"column":8},"end":{"line":42,"column":11}},{"start":{"line":43,"column":10},"end":{"line":47,"column":7}}],"line":14},"1":{"loc":{"start":{"line":16,"column":11},"end":{"line":26,"column":11}},"type":"binary-expr","locations":[{"start":{"line":16,"column":11},"end":{"line":16,"column":29}},{"start":{"line":17,"column":12},"end":{"line":25,"column":14}}],"line":16},"2":{"loc":{"start":{"line":30,"column":16},"end":{"line":39,"column":17}},"type":"binary-expr","locations":[{"start":{"line":30,"column":16},"end":{"line":30,"column":32}},{"start":{"line":31,"column":18},"end":{"line":38,"column":20}}],"line":30},"3":{"loc":{"start":{"line":43,"column":10},"end":{"line":47,"column":7}},"type":"cond-expr","locations":[{"start":{"line":44,"column":8},"end":{"line":44,"column":66}},{"start":{"line":46,"column":8},"end":{"line":46,"column":27}}],"line":43}},"s":{"0":4,"1":4,"2":4,"3":0},"f":{"0":4,"1":0},"b":{"0":[0,4],"1":[0,0],"2":[0,0],"3":[0,4]},"_coverageSchema":"43e27e138ebf9cfc5966b082cf9a028302ed4184","hash":"9d40f5af1d7c750ab6bc707e3da055413f8e9649"}
,"/Users/paola.santollo/Documents/GitHub/react-apprenticeship-capstone1/src/pages/Home/Home.styles.jsx": {"path":"/Users/paola.santollo/Documents/GitHub/react-apprenticeship-capstone1/src/pages/Home/Home.styles.jsx","statementMap":{"0":{"start":{"line":3,"column":31},"end":{"line":5,"column":1}},"1":{"start":{"line":7,"column":35},"end":{"line":13,"column":1}}},"fnMap":{},"branchMap":{},"s":{"0":3,"1":3},"f":{},"b":{},"_coverageSchema":"43e27e138ebf9cfc5966b082cf9a028302ed4184","hash":"12b6b5ace278d47ea6de5f494e9a2a03c202575c"}
,"/Users/paola.santollo/Documents/GitHub/react-apprenticeship-capstone1/src/pages/Home/index.js": {"path":"/Users/paola.santollo/Documents/GitHub/react-apprenticeship-capstone1/src/pages/Home/index.js","statementMap":{},"fnMap":{},"branchMap":{},"s":{},"f":{},"b":{},"_coverageSchema":"43e27e138ebf9cfc5966b082cf9a028302ed4184","hash":"a3075b02b4af23067a77aaaea6787e0a0e13ad2f"}
,"/Users/paola.santollo/Documents/GitHub/react-apprenticeship-capstone1/src/pages/NotFound/NotFound.page.jsx": {"path":"/Users/paola.santollo/Documents/GitHub/react-apprenticeship-capstone1/src/pages/NotFound/NotFound.page.jsx","statementMap":{"0":{"start":{"line":6,"column":2},"end":{"line":10,"column":4}}},"fnMap":{"0":{"name":"NotFoundPage","decl":{"start":{"line":5,"column":9},"end":{"line":5,"column":21}},"loc":{"start":{"line":5,"column":24},"end":{"line":11,"column":1}},"line":5}},"branchMap":{},"s":{"0":1},"f":{"0":1},"b":{},"_coverageSchema":"43e27e138ebf9cfc5966b082cf9a028302ed4184","hash":"c07b2c4e9aa04b71e3fde8fd230ef94f63c00ad1"}
,"/Users/paola.santollo/Documents/GitHub/react-apprenticeship-capstone1/src/pages/NotFound/index.js": {"path":"/Users/paola.santollo/Documents/GitHub/react-apprenticeship-capstone1/src/pages/NotFound/index.js","statementMap":{},"fnMap":{},"branchMap":{},"s":{},"f":{},"b":{},"hash":"6bdcdea09bdf2ae494168b39e096ef9970f67da7"}
,"/Users/paola.santollo/Documents/GitHub/react-apprenticeship-capstone1/src/pages/VideoDetail/VideoDetail.page.jsx": {"path":"/Users/paola.santollo/Documents/GitHub/react-apprenticeship-capstone1/src/pages/VideoDetail/VideoDetail.page.jsx","statementMap":{"0":{"start":{"line":21,"column":2},"end":{"line":21,"column":38}},"1":{"start":{"line":24,"column":4},"end":{"line":26,"column":42}},"2":{"start":{"line":29,"column":4},"end":{"line":31,"column":48}},"3":{"start":{"line":34,"column":4},"end":{"line":36,"column":46}},"4":{"start":{"line":38,"column":4},"end":{"line":40,"column":45}},"5":{"start":{"line":42,"column":20},"end":{"line":42,"column":38}},"6":{"start":{"line":43,"column":30},"end":{"line":43,"column":45}},"7":{"start":{"line":44,"column":24},"end":{"line":44,"column":54}},"8":{"start":{"line":47,"column":4},"end":{"line":50,"column":5}},"9":{"start":{"line":49,"column":16},"end":{"line":49,"column":65}},"10":{"start":{"line":52,"column":2},"end":{"line":58,"column":13}},"11":{"start":{"line":53,"column":4},"end":{"line":57,"column":5}},"12":{"start":{"line":54,"column":6},"end":{"line":54,"column":22}},"13":{"start":{"line":56,"column":6},"end":{"line":56,"column":23}},"14":{"start":{"line":60,"column":21},"end":{"line":63,"column":3}},"15":{"start":{"line":61,"column":4},"end":{"line":61,"column":20}},"16":{"start":{"line":62,"column":4},"end":{"line":62,"column":55}},"17":{"start":{"line":65,"column":23},"end":{"line":68,"column":3}},"18":{"start":{"line":66,"column":4},"end":{"line":66,"column":21}},"19":{"start":{"line":67,"column":4},"end":{"line":67,"column":58}},"20":{"start":{"line":70,"column":2},"end":{"line":146,"column":4}},"21":{"start":{"line":114,"column":18},"end":{"line":123,"column":19}},"22":{"start":{"line":130,"column":18},"end":{"line":137,"column":20}},"23":{"start":{"line":149,"column":0},"end":{"line":162,"column":2}}},"fnMap":{"0":{"name":"VideoDetailPage","decl":{"start":{"line":20,"column":9},"end":{"line":20,"column":24}},"loc":{"start":{"line":20,"column":32},"end":{"line":147,"column":1}},"line":20},"1":{"name":"(anonymous_1)","decl":{"start":{"line":49,"column":6},"end":{"line":49,"column":7}},"loc":{"start":{"line":49,"column":16},"end":{"line":49,"column":65}},"line":49},"2":{"name":"(anonymous_2)","decl":{"start":{"line":52,"column":12},"end":{"line":52,"column":13}},"loc":{"start":{"line":52,"column":18},"end":{"line":58,"column":3}},"line":52},"3":{"name":"(anonymous_3)","decl":{"start":{"line":60,"column":21},"end":{"line":60,"column":22}},"loc":{"start":{"line":60,"column":27},"end":{"line":63,"column":3}},"line":60},"4":{"name":"(anonymous_4)","decl":{"start":{"line":65,"column":23},"end":{"line":65,"column":24}},"loc":{"start":{"line":65,"column":29},"end":{"line":68,"column":3}},"line":65},"5":{"name":"(anonymous_5)","decl":{"start":{"line":113,"column":16},"end":{"line":113,"column":17}},"loc":{"start":{"line":114,"column":18},"end":{"line":123,"column":19}},"line":114},"6":{"name":"(anonymous_6)","decl":{"start":{"line":129,"column":34},"end":{"line":129,"column":35}},"loc":{"start":{"line":130,"column":18},"end":{"line":137,"column":20}},"line":130}},"branchMap":{"0":{"loc":{"start":{"line":24,"column":4},"end":{"line":26,"column":42}},"type":"cond-expr","locations":[{"start":{"line":25,"column":8},"end":{"line":25,"column":13}},{"start":{"line":26,"column":8},"end":{"line":26,"column":42}}],"line":24},"1":{"loc":{"start":{"line":29,"column":4},"end":{"line":31,"column":48}},"type":"cond-expr","locations":[{"start":{"line":30,"column":8},"end":{"line":30,"column":13}},{"start":{"line":31,"column":8},"end":{"line":31,"column":48}}],"line":29},"2":{"loc":{"start":{"line":34,"column":4},"end":{"line":36,"column":46}},"type":"cond-expr","locations":[{"start":{"line":35,"column":8},"end":{"line":35,"column":13}},{"start":{"line":36,"column":8},"end":{"line":36,"column":46}}],"line":34},"3":{"loc":{"start":{"line":38,"column":4},"end":{"line":40,"column":45}},"type":"cond-expr","locations":[{"start":{"line":39,"column":8},"end":{"line":39,"column":13}},{"start":{"line":40,"column":8},"end":{"line":40,"column":45}}],"line":38},"4":{"loc":{"start":{"line":47,"column":4},"end":{"line":50,"column":5}},"type":"binary-expr","locations":[{"start":{"line":47,"column":4},"end":{"line":47,"column":26}},{"start":{"line":48,"column":4},"end":{"line":50,"column":5}}],"line":47},"5":{"loc":{"start":{"line":53,"column":4},"end":{"line":57,"column":5}},"type":"if","locations":[{"start":{"line":53,"column":4},"end":{"line":57,"column":5}},{"start":{"line":53,"column":4},"end":{"line":57,"column":5}}],"line":53},"6":{"loc":{"start":{"line":83,"column":13},"end":{"line":98,"column":13}},"type":"binary-expr","locations":[{"start":{"line":83,"column":13},"end":{"line":83,"column":32}},{"start":{"line":84,"column":14},"end":{"line":97,"column":27}}],"line":83},"7":{"loc":{"start":{"line":86,"column":25},"end":{"line":86,"column":57}},"type":"cond-expr","locations":[{"start":{"line":86,"column":32},"end":{"line":86,"column":44}},{"start":{"line":86,"column":47},"end":{"line":86,"column":57}}],"line":86},"8":{"loc":{"start":{"line":88,"column":17},"end":{"line":96,"column":17}},"type":"cond-expr","locations":[{"start":{"line":89,"column":18},"end":{"line":91,"column":38}},{"start":{"line":93,"column":18},"end":{"line":95,"column":38}}],"line":88},"9":{"loc":{"start":{"line":102,"column":11},"end":{"line":107,"column":11}},"type":"binary-expr","locations":[{"start":{"line":102,"column":11},"end":{"line":102,"column":22}},{"start":{"line":103,"column":12},"end":{"line":106,"column":15}}],"line":102},"10":{"loc":{"start":{"line":110,"column":11},"end":{"line":142,"column":11}},"type":"cond-expr","locations":[{"start":{"line":111,"column":12},"end":{"line":125,"column":34}},{"start":{"line":126,"column":14},"end":{"line":142,"column":11}}],"line":110},"11":{"loc":{"start":{"line":114,"column":18},"end":{"line":123,"column":19}},"type":"binary-expr","locations":[{"start":{"line":114,"column":18},"end":{"line":114,"column":34}},{"start":{"line":115,"column":20},"end":{"line":122,"column":22}}],"line":114},"12":{"loc":{"start":{"line":126,"column":14},"end":{"line":142,"column":11}},"type":"cond-expr","locations":[{"start":{"line":127,"column":12},"end":{"line":139,"column":34}},{"start":{"line":141,"column":12},"end":{"line":141,"column":39}}],"line":126},"13":{"loc":{"start":{"line":128,"column":15},"end":{"line":138,"column":18}},"type":"binary-expr","locations":[{"start":{"line":128,"column":15},"end":{"line":128,"column":28}},{"start":{"line":129,"column":16},"end":{"line":138,"column":18}}],"line":128}},"s":{"0":2,"1":2,"2":2,"3":2,"4":2,"5":2,"6":2,"7":2,"8":2,"9":0,"10":2,"11":1,"12":0,"13":1,"14":2,"15":0,"16":0,"17":2,"18":0,"19":0,"20":2,"21":0,"22":0,"23":3},"f":{"0":2,"1":0,"2":1,"3":0,"4":0,"5":0,"6":0},"b":{"0":[2,0],"1":[2,0],"2":[2,0],"3":[2,0],"4":[2,0],"5":[0,1],"6":[2,0],"7":[0,0],"8":[0,0],"9":[2,2],"10":[0,2],"11":[0,0],"12":[0,2],"13":[0,0]},"_coverageSchema":"43e27e138ebf9cfc5966b082cf9a028302ed4184","hash":"94c0f3648b51f0100d3d12992291783a16049471"}
,"/Users/paola.santollo/Documents/GitHub/react-apprenticeship-capstone1/src/pages/VideoDetail/VideoDetail.styles.jsx": {"path":"/Users/paola.santollo/Documents/GitHub/react-apprenticeship-capstone1/src/pages/VideoDetail/VideoDetail.styles.jsx","statementMap":{"0":{"start":{"line":3,"column":31},"end":{"line":6,"column":1}},"1":{"start":{"line":8,"column":35},"end":{"line":14,"column":1}},"2":{"start":{"line":16,"column":40},"end":{"line":19,"column":1}},"3":{"start":{"line":21,"column":34},"end":{"line":23,"column":1}},"4":{"start":{"line":25,"column":33},"end":{"line":28,"column":1}},"5":{"start":{"line":47,"column":33},"end":{"line":52,"column":1}},"6":{"start":{"line":54,"column":27},"end":{"line":70,"column":1}}},"fnMap":{},"branchMap":{},"s":{"0":3,"1":3,"2":3,"3":3,"4":3,"5":3,"6":3},"f":{},"b":{},"_coverageSchema":"43e27e138ebf9cfc5966b082cf9a028302ed4184","hash":"9c34497a4e4d3245174d0725aee1f138405a9021"}
,"/Users/paola.santollo/Documents/GitHub/react-apprenticeship-capstone1/src/pages/VideoDetail/index.js": {"path":"/Users/paola.santollo/Documents/GitHub/react-apprenticeship-capstone1/src/pages/VideoDetail/index.js","statementMap":{},"fnMap":{},"branchMap":{},"s":{},"f":{},"b":{},"_coverageSchema":"43e27e138ebf9cfc5966b082cf9a028302ed4184","hash":"b1efb9637e6d14ad805735e7c741055ebb04c616"}
,"/Users/paola.santollo/Documents/GitHub/react-apprenticeship-capstone1/src/providers/Global.provider.jsx": {"path":"/Users/paola.santollo/Documents/GitHub/react-apprenticeship-capstone1/src/providers/Global.provider.jsx","statementMap":{"0":{"start":{"line":7,"column":22},"end":{"line":7,"column":47}},"1":{"start":{"line":10,"column":18},"end":{"line":10,"column":43}},"2":{"start":{"line":11,"column":2},"end":{"line":13,"column":3}},"3":{"start":{"line":12,"column":4},"end":{"line":12,"column":70}},"4":{"start":{"line":14,"column":2},"end":{"line":14,"column":17}},"5":{"start":{"line":19,"column":23},"end":{"line":29,"column":3}},"6":{"start":{"line":32,"column":4},"end":{"line":78,"column":5}},"7":{"start":{"line":34,"column":8},"end":{"line":38,"column":10}},"8":{"start":{"line":40,"column":8},"end":{"line":44,"column":10}},"9":{"start":{"line":46,"column":8},"end":{"line":49,"column":10}},"10":{"start":{"line":51,"column":8},"end":{"line":54,"column":10}},"11":{"start":{"line":56,"column":8},"end":{"line":59,"column":10}},"12":{"start":{"line":61,"column":8},"end":{"line":64,"column":10}},"13":{"start":{"line":66,"column":8},"end":{"line":70,"column":10}},"14":{"start":{"line":72,"column":8},"end":{"line":75,"column":10}},"15":{"start":{"line":77,"column":8},"end":{"line":77,"column":26}},"16":{"start":{"line":81,"column":28},"end":{"line":81,"column":61}},"17":{"start":{"line":83,"column":2},"end":{"line":90,"column":9}},"18":{"start":{"line":84,"column":26},"end":{"line":84,"column":55}},"19":{"start":{"line":85,"column":28},"end":{"line":85,"column":50}},"20":{"start":{"line":86,"column":4},"end":{"line":89,"column":7}},"21":{"start":{"line":92,"column":16},"end":{"line":110,"column":8}},"22":{"start":{"line":93,"column":4},"end":{"line":109,"column":9}},"23":{"start":{"line":95,"column":8},"end":{"line":98,"column":11}},"24":{"start":{"line":99,"column":8},"end":{"line":102,"column":11}},"25":{"start":{"line":103,"column":8},"end":{"line":103,"column":44}},"26":{"start":{"line":106,"column":8},"end":{"line":108,"column":11}},"27":{"start":{"line":112,"column":17},"end":{"line":122,"column":8}},"28":{"start":{"line":113,"column":4},"end":{"line":116,"column":7}},"29":{"start":{"line":117,"column":4},"end":{"line":120,"column":7}},"30":{"start":{"line":121,"column":4},"end":{"line":121,"column":41}},"31":{"start":{"line":124,"column":22},"end":{"line":129,"column":3}},"32":{"start":{"line":125,"column":4},"end":{"line":127,"column":35}},"33":{"start":{"line":128,"column":4},"end":{"line":128,"column":33}},"34":{"start":{"line":131,"column":23},"end":{"line":136,"column":3}},"35":{"start":{"line":132,"column":4},"end":{"line":135,"column":7}},"36":{"start":{"line":138,"column":27},"end":{"line":143,"column":3}},"37":{"start":{"line":139,"column":4},"end":{"line":142,"column":7}},"38":{"start":{"line":145,"column":2},"end":{"line":159,"column":4}}},"fnMap":{"0":{"name":"useGlobalContext","decl":{"start":{"line":9,"column":9},"end":{"line":9,"column":25}},"loc":{"start":{"line":9,"column":28},"end":{"line":15,"column":1}},"line":9},"1":{"name":"GlobalProvider","decl":{"start":{"line":18,"column":9},"end":{"line":18,"column":23}},"loc":{"start":{"line":18,"column":38},"end":{"line":160,"column":1}},"line":18},"2":{"name":"reducer","decl":{"start":{"line":31,"column":11},"end":{"line":31,"column":18}},"loc":{"start":{"line":31,"column":34},"end":{"line":79,"column":3}},"line":31},"3":{"name":"(anonymous_3)","decl":{"start":{"line":83,"column":12},"end":{"line":83,"column":13}},"loc":{"start":{"line":83,"column":18},"end":{"line":90,"column":3}},"line":83},"4":{"name":"(anonymous_4)","decl":{"start":{"line":92,"column":28},"end":{"line":92,"column":29}},"loc":{"start":{"line":92,"column":43},"end":{"line":110,"column":3}},"line":92},"5":{"name":"(anonymous_5)","decl":{"start":{"line":94,"column":12},"end":{"line":94,"column":13}},"loc":{"start":{"line":94,"column":24},"end":{"line":104,"column":7}},"line":94},"6":{"name":"(anonymous_6)","decl":{"start":{"line":105,"column":13},"end":{"line":105,"column":14}},"loc":{"start":{"line":105,"column":19},"end":{"line":109,"column":7}},"line":105},"7":{"name":"(anonymous_7)","decl":{"start":{"line":112,"column":29},"end":{"line":112,"column":30}},"loc":{"start":{"line":112,"column":35},"end":{"line":122,"column":3}},"line":112},"8":{"name":"(anonymous_8)","decl":{"start":{"line":124,"column":22},"end":{"line":124,"column":23}},"loc":{"start":{"line":124,"column":28},"end":{"line":129,"column":3}},"line":124},"9":{"name":"(anonymous_9)","decl":{"start":{"line":131,"column":23},"end":{"line":131,"column":24}},"loc":{"start":{"line":131,"column":34},"end":{"line":136,"column":3}},"line":131},"10":{"name":"(anonymous_10)","decl":{"start":{"line":138,"column":27},"end":{"line":138,"column":28}},"loc":{"start":{"line":138,"column":39},"end":{"line":143,"column":3}},"line":138}},"branchMap":{"0":{"loc":{"start":{"line":11,"column":2},"end":{"line":13,"column":3}},"type":"if","locations":[{"start":{"line":11,"column":2},"end":{"line":13,"column":3}},{"start":{"line":11,"column":2},"end":{"line":13,"column":3}}],"line":11},"1":{"loc":{"start":{"line":32,"column":4},"end":{"line":78,"column":5}},"type":"switch","locations":[{"start":{"line":33,"column":6},"end":{"line":38,"column":10}},{"start":{"line":39,"column":6},"end":{"line":44,"column":10}},{"start":{"line":45,"column":6},"end":{"line":49,"column":10}},{"start":{"line":50,"column":6},"end":{"line":54,"column":10}},{"start":{"line":55,"column":6},"end":{"line":59,"column":10}},{"start":{"line":60,"column":6},"end":{"line":64,"column":10}},{"start":{"line":65,"column":6},"end":{"line":70,"column":10}},{"start":{"line":71,"column":6},"end":{"line":75,"column":10}},{"start":{"line":76,"column":6},"end":{"line":77,"column":26}}],"line":32},"2":{"loc":{"start":{"line":125,"column":4},"end":{"line":127,"column":34}},"type":"cond-expr","locations":[{"start":{"line":126,"column":8},"end":{"line":126,"column":35}},{"start":{"line":127,"column":8},"end":{"line":127,"column":34}}],"line":125}},"s":{"0":12,"1":65,"2":65,"3":0,"4":65,"5":32,"6":32,"7":0,"8":0,"9":0,"10":0,"11":0,"12":32,"13":0,"14":0,"15":0,"16":32,"17":32,"18":16,"19":16,"20":16,"21":32,"22":0,"23":0,"24":0,"25":0,"26":0,"27":32,"28":0,"29":0,"30":0,"31":32,"32":0,"33":0,"34":32,"35":0,"36":32,"37":0,"38":32},"f":{"0":65,"1":32,"2":32,"3":16,"4":0,"5":0,"6":0,"7":0,"8":0,"9":0,"10":0},"b":{"0":[0,65],"1":[0,0,0,0,0,32,0,0,0],"2":[0,0]},"_coverageSchema":"43e27e138ebf9cfc5966b082cf9a028302ed4184","hash":"f5404d5c4f09568e35a638b425fabcc048660cd2"}
,"/Users/paola.santollo/Documents/GitHub/react-apprenticeship-capstone1/src/providers/index.js": {"path":"/Users/paola.santollo/Documents/GitHub/react-apprenticeship-capstone1/src/providers/index.js","statementMap":{},"fnMap":{},"branchMap":{},"s":{},"f":{},"b":{},"_coverageSchema":"43e27e138ebf9cfc5966b082cf9a028302ed4184","hash":"5e59742676bb95f0059dfa703ef7775476d8c6e0"}
,"/Users/paola.santollo/Documents/GitHub/react-apprenticeship-capstone1/src/selectors/getVideos.js": {"path":"/Users/paola.santollo/Documents/GitHub/react-apprenticeship-capstone1/src/selectors/getVideos.js","statementMap":{"0":{"start":{"line":4,"column":19},"end":{"line":8,"column":4}},"1":{"start":{"line":9,"column":2},"end":{"line":12,"column":4}}},"fnMap":{"0":{"name":"getVideos","decl":{"start":{"line":3,"column":30},"end":{"line":3,"column":39}},"loc":{"start":{"line":3,"column":46},"end":{"line":13,"column":1}},"line":3}},"branchMap":{},"s":{"0":6,"1":1},"f":{"0":6},"b":{},"_coverageSchema":"43e27e138ebf9cfc5966b082cf9a028302ed4184","hash":"6b444780c62f04e854507eb172a15624776bedd4"}
,"/Users/paola.santollo/Documents/GitHub/react-apprenticeship-capstone1/src/utils/constants.js": {"path":"/Users/paola.santollo/Documents/GitHub/react-apprenticeship-capstone1/src/utils/constants.js","statementMap":{"0":{"start":{"line":1,"column":25},"end":{"line":1,"column":48}}},"fnMap":{},"branchMap":{},"s":{"0":12},"f":{},"b":{},"_coverageSchema":"43e27e138ebf9cfc5966b082cf9a028302ed4184","hash":"f64ed14071ba935c7f259e490be2f9b5cdafb6b3"}
,"/Users/paola.santollo/Documents/GitHub/react-apprenticeship-capstone1/src/utils/storage.js": {"path":"/Users/paola.santollo/Documents/GitHub/react-apprenticeship-capstone1/src/utils/storage.js","statementMap":{"0":{"start":{"line":1,"column":16},"end":{"line":15,"column":1}},"1":{"start":{"line":3,"column":4},"end":{"line":9,"column":5}},"2":{"start":{"line":4,"column":23},"end":{"line":4,"column":55}},"3":{"start":{"line":5,"column":6},"end":{"line":5,"column":34}},"4":{"start":{"line":7,"column":6},"end":{"line":7,"column":60}},"5":{"start":{"line":8,"column":6},"end":{"line":8,"column":18}},"6":{"start":{"line":13,"column":4},"end":{"line":13,"column":60}},"7":{"start":{"line":17,"column":25},"end":{"line":51,"column":1}},"8":{"start":{"line":19,"column":4},"end":{"line":25,"column":5}},"9":{"start":{"line":20,"column":23},"end":{"line":20,"column":57}},"10":{"start":{"line":21,"column":6},"end":{"line":21,"column":34}},"11":{"start":{"line":23,"column":6},"end":{"line":23,"column":62}},"12":{"start":{"line":24,"column":6},"end":{"line":24,"column":18}},"13":{"start":{"line":29,"column":21},"end":{"line":29,"column":70}},"14":{"start":{"line":30,"column":19},"end":{"line":30,"column":52}},"15":{"start":{"line":31,"column":4},"end":{"line":39,"column":5}},"16":{"start":{"line":32,"column":18},"end":{"line":32,"column":20}},"17":{"start":{"line":33,"column":6},"end":{"line":33,"column":25}},"18":{"start":{"line":34,"column":6},"end":{"line":34,"column":67}},"19":{"start":{"line":36,"column":21},"end":{"line":36,"column":29}},"20":{"start":{"line":37,"column":6},"end":{"line":37,"column":28}},"21":{"start":{"line":38,"column":6},"end":{"line":38,"column":70}}},"fnMap":{"0":{"name":"(anonymous_0)","decl":{"start":{"line":2,"column":2},"end":{"line":2,"column":3}},"loc":{"start":{"line":2,"column":11},"end":{"line":10,"column":3}},"line":2},"1":{"name":"(anonymous_1)","decl":{"start":{"line":12,"column":2},"end":{"line":12,"column":3}},"loc":{"start":{"line":12,"column":18},"end":{"line":14,"column":3}},"line":12},"2":{"name":"(anonymous_2)","decl":{"start":{"line":18,"column":2},"end":{"line":18,"column":3}},"loc":{"start":{"line":18,"column":13},"end":{"line":26,"column":3}},"line":18},"3":{"name":"(anonymous_3)","decl":{"start":{"line":28,"column":2},"end":{"line":28,"column":3}},"loc":{"start":{"line":28,"column":13},"end":{"line":40,"column":3}},"line":28}},"branchMap":{"0":{"loc":{"start":{"line":31,"column":4},"end":{"line":39,"column":5}},"type":"if","locations":[{"start":{"line":31,"column":4},"end":{"line":39,"column":5}},{"start":{"line":31,"column":4},"end":{"line":39,"column":5}}],"line":31}},"s":{"0":12,"1":16,"2":16,"3":16,"4":16,"5":16,"6":0,"7":12,"8":5,"9":5,"10":5,"11":5,"12":5,"13":0,"14":0,"15":0,"16":0,"17":0,"18":0,"19":0,"20":0,"21":0},"f":{"0":16,"1":0,"2":5,"3":0},"b":{"0":[0,0]},"_coverageSchema":"43e27e138ebf9cfc5966b082cf9a028302ed4184","hash":"45100d003c52d8fea4cc92dec6eaed6756cd74eb"}
,"/Users/paola.santollo/Documents/GitHub/react-apprenticeship-capstone1/src/utils/mocks/login.api.js": {"path":"/Users/paola.santollo/Documents/GitHub/react-apprenticeship-capstone1/src/utils/mocks/login.api.js","statementMap":{"0":{"start":{"line":1,"column":19},"end":{"line":6,"column":1}},"1":{"start":{"line":9,"column":2},"end":{"line":16,"column":5}},"2":{"start":{"line":10,"column":4},"end":{"line":15,"column":12}},"3":{"start":{"line":11,"column":6},"end":{"line":13,"column":7}},"4":{"start":{"line":12,"column":8},"end":{"line":12,"column":35}},"5":{"start":{"line":14,"column":6},"end":{"line":14,"column":63}}},"fnMap":{"0":{"name":"loginApi","decl":{"start":{"line":8,"column":30},"end":{"line":8,"column":38}},"loc":{"start":{"line":8,"column":59},"end":{"line":17,"column":1}},"line":8},"1":{"name":"(anonymous_1)","decl":{"start":{"line":9,"column":21},"end":{"line":9,"column":22}},"loc":{"start":{"line":9,"column":42},"end":{"line":16,"column":3}},"line":9},"2":{"name":"(anonymous_2)","decl":{"start":{"line":10,"column":15},"end":{"line":10,"column":16}},"loc":{"start":{"line":10,"column":21},"end":{"line":15,"column":5}},"line":10}},"branchMap":{"0":{"loc":{"start":{"line":11,"column":6},"end":{"line":13,"column":7}},"type":"if","locations":[{"start":{"line":11,"column":6},"end":{"line":13,"column":7}},{"start":{"line":11,"column":6},"end":{"line":13,"column":7}}],"line":11},"1":{"loc":{"start":{"line":11,"column":10},"end":{"line":11,"column":58}},"type":"binary-expr","locations":[{"start":{"line":11,"column":10},"end":{"line":11,"column":33}},{"start":{"line":11,"column":37},"end":{"line":11,"column":58}}],"line":11}},"s":{"0":13,"1":2,"2":2,"3":2,"4":1,"5":1},"f":{"0":2,"1":2,"2":2},"b":{"0":[1,1],"1":[2,1]},"_coverageSchema":"43e27e138ebf9cfc5966b082cf9a028302ed4184","hash":"b0078f2dc47cb2e5a74727d1c1d602b4fa90d61f"}
,"/Users/paola.santollo/Documents/GitHub/react-apprenticeship-capstone1/src/utils/mocks/youtube-videos-mock.js": {"path":"/Users/paola.santollo/Documents/GitHub/react-apprenticeship-capstone1/src/utils/mocks/youtube-videos-mock.js","statementMap":{"0":{"start":{"line":1,"column":33},"end":{"line":878,"column":1}}},"fnMap":{},"branchMap":{},"s":{"0":1},"f":{},"b":{},"_coverageSchema":"43e27e138ebf9cfc5966b082cf9a028302ed4184","hash":"2e9230b5308471ac4c4fa382a65e4a68d9f12044"}
}
