TN:
SF:/Users/paola.santollo/Documents/GitHub/react-apprenticeship-capstone1/src/index.js
FNF:0
FNH:0
DA:7,0
LF:1
LH:0
BRF:0
BRH:0
end_of_record
TN:
SF:/Users/paola.santollo/Documents/GitHub/react-apprenticeship-capstone1/src/theme.js
FNF:0
FNH:0
DA:15,3
DA:22,3
LF:2
LH:2
BRF:0
BRH:0
end_of_record
TN:
SF:/Users/paola.santollo/Documents/GitHub/react-apprenticeship-capstone1/src/components/App/App.component.jsx
FN:12,App
FNF:1
FNH:1
FNDA:1,App
DA:13,1
LF:1
LH:1
BRF:0
BRH:0
end_of_record
TN:
SF:/Users/paola.santollo/Documents/GitHub/react-apprenticeship-capstone1/src/components/App/index.js
FNF:0
FNH:0
LF:0
LH:0
BRF:0
BRH:0
end_of_record
TN:
SF:/Users/paola.santollo/Documents/GitHub/react-apprenticeship-capstone1/src/components/Button/Button.component.jsx
FN:5,Button
FNF:1
FNH:1
FNDA:16,Button
DA:6,16
LF:1
LH:1
BRF:0
BRH:0
end_of_record
TN:
SF:/Users/paola.santollo/Documents/GitHub/react-apprenticeship-capstone1/src/components/Button/Button.styles.jsx
FN:10,(anonymous_0)
FNF:1
FNH:1
FNDA:16,(anonymous_0)
DA:3,6
DA:10,16
LF:2
LH:2
BRF:0
BRH:0
end_of_record
TN:
SF:/Users/paola.santollo/Documents/GitHub/react-apprenticeship-capstone1/src/components/Button/index.js
FNF:0
FNH:0
LF:0
LH:0
BRF:0
BRH:0
end_of_record
TN:
SF:/Users/paola.santollo/Documents/GitHub/react-apprenticeship-capstone1/src/components/ChannelCard/ChannelCard.component.jsx
FN:11,ChannelCard
FNF:1
FNH:1
FNDA:3,ChannelCard
DA:12,3
LF:1
LH:1
BRF:0
BRH:0
end_of_record
TN:
SF:/Users/paola.santollo/Documents/GitHub/react-apprenticeship-capstone1/src/components/ChannelCard/ChannelCard.styles.jsx
FNF:0
FNH:0
DA:3,3
DA:19,3
DA:32,3
DA:36,3
LF:4
LH:4
BRF:0
BRH:0
end_of_record
TN:
SF:/Users/paola.santollo/Documents/GitHub/react-apprenticeship-capstone1/src/components/ChannelCard/index.js
FNF:0
FNH:0
LF:0
LH:0
BRF:0
BRH:0
end_of_record
TN:
SF:/Users/paola.santollo/Documents/GitHub/react-apprenticeship-capstone1/src/components/Header/Header.component.jsx
FN:25,Header
FN:31,deAuthenticate
FN:37,authenticate
FN:46,(anonymous_3)
FN:50,(anonymous_4)
FN:56,(anonymous_5)
FN:79,(anonymous_6)
FNF:7
FNH:1
FNDA:6,Header
FNDA:0,deAuthenticate
FNDA:0,authenticate
FNDA:0,(anonymous_3)
FNDA:0,(anonymous_4)
FNDA:0,(anonymous_5)
FNDA:0,(anonymous_6)
DA:26,6
DA:27,6
DA:28,6
DA:29,6
DA:32,0
DA:33,0
DA:34,0
DA:38,0
DA:39,0
DA:40,0
DA:41,0
DA:44,6
DA:46,0
DA:50,0
DA:56,0
DA:79,0
LF:16
LH:5
BRDA:49,0,0,0
BRDA:49,0,1,6
BRDA:63,1,0,6
BRDA:63,1,1,0
BRDA:72,2,0,0
BRDA:72,2,1,6
BRF:6
BRH:3
end_of_record
TN:
SF:/Users/paola.santollo/Documents/GitHub/react-apprenticeship-capstone1/src/components/Header/Header.styles.jsx
FN:4,(anonymous_0)
FNF:1
FNH:1
FNDA:6,(anonymous_0)
DA:3,3
DA:4,6
DA:17,3
DA:22,3
LF:4
LH:4
BRF:0
BRH:0
end_of_record
TN:
SF:/Users/paola.santollo/Documents/GitHub/react-apprenticeship-capstone1/src/components/Header/index.js
FNF:0
FNH:0
LF:0
LH:0
BRF:0
BRH:0
end_of_record
TN:
SF:/Users/paola.santollo/Documents/GitHub/react-apprenticeship-capstone1/src/components/IconButton/IconButton.component.jsx
FN:6,IconButton
FNF:1
FNH:1
FNDA:23,IconButton
DA:7,23
DA:9,23
DA:10,1
DA:13,23
LF:4
LH:4
BRDA:9,0,0,1
BRDA:9,0,1,22
BRF:2
BRH:2
end_of_record
TN:
SF:/Users/paola.santollo/Documents/GitHub/react-apprenticeship-capstone1/src/components/IconButton/IconButton.styles.jsx
FN:7,(anonymous_0)
FNF:1
FNH:1
FNDA:23,(anonymous_0)
DA:3,5
DA:7,23
LF:2
LH:2
BRF:0
BRH:0
end_of_record
TN:
SF:/Users/paola.santollo/Documents/GitHub/react-apprenticeship-capstone1/src/components/IconButton/index.js
FNF:0
FNH:0
LF:0
LH:0
BRF:0
BRH:0
end_of_record
TN:
SF:/Users/paola.santollo/Documents/GitHub/react-apprenticeship-capstone1/src/components/Input/Input.component.jsx
FN:6,Input
FNF:1
FNH:1
FNDA:23,Input
DA:7,23
LF:1
LH:1
BRF:0
BRH:0
end_of_record
TN:
SF:/Users/paola.santollo/Documents/GitHub/react-apprenticeship-capstone1/src/components/Input/Input.styles.jsx
FN:4,(anonymous_0)
FN:7,(anonymous_1)
FNF:2
FNH:2
FNDA:23,(anonymous_0)
FNDA:23,(anonymous_1)
DA:3,6
DA:4,23
DA:7,23
LF:3
LH:3
BRF:0
BRH:0
end_of_record
TN:
SF:/Users/paola.santollo/Documents/GitHub/react-apprenticeship-capstone1/src/components/Input/index.js
FNF:0
FNH:0
LF:0
LH:0
BRF:0
BRH:0
end_of_record
TN:
SF:/Users/paola.santollo/Documents/GitHub/react-apprenticeship-capstone1/src/components/Layout/Layout.component.jsx
FN:10,Layout
FNF:1
FNH:1
FNDA:4,Layout
DA:11,4
DA:13,4
LF:2
LH:2
BRDA:15,0,0,0
BRDA:15,0,1,4
BRF:2
BRH:1
end_of_record
TN:
SF:/Users/paola.santollo/Documents/GitHub/react-apprenticeship-capstone1/src/components/Layout/Layout.styles.jsx
FNF:0
FNH:0
DA:3,2
LF:1
LH:1
BRF:0
BRH:0
end_of_record
TN:
SF:/Users/paola.santollo/Documents/GitHub/react-apprenticeship-capstone1/src/components/Layout/index.js
FNF:0
FNH:0
LF:0
LH:0
BRF:0
BRH:0
end_of_record
TN:
SF:/Users/paola.santollo/Documents/GitHub/react-apprenticeship-capstone1/src/components/LoginForm/LoginForm.component.jsx
FN:7,LoginForm
FN:10,(anonymous_1)
FN:26,(anonymous_2)
FN:34,(anonymous_3)
FN:39,(anonymous_4)
FNF:5
FNH:1
FNDA:7,LoginForm
FNDA:0,(anonymous_1)
FNDA:0,(anonymous_2)
FNDA:0,(anonymous_3)
FNDA:0,(anonymous_4)
DA:8,7
DA:10,7
DA:11,0
DA:17,7
DA:26,0
DA:34,0
DA:39,0
LF:7
LH:3
BRF:0
BRH:0
end_of_record
TN:
SF:/Users/paola.santollo/Documents/GitHub/react-apprenticeship-capstone1/src/components/LoginForm/LoginForm.styles.jsx
FN:6,(anonymous_0)
FN:19,(anonymous_1)
FNF:2
FNH:2
FNDA:7,(anonymous_0)
FNDA:7,(anonymous_1)
DA:3,4
DA:6,7
DA:15,4
DA:19,7
LF:4
LH:4
BRF:0
BRH:0
end_of_record
TN:
SF:/Users/paola.santollo/Documents/GitHub/react-apprenticeship-capstone1/src/components/LoginForm/index.js
FNF:0
FNH:0
LF:0
LH:0
BRF:0
BRH:0
end_of_record
TN:
SF:/Users/paola.santollo/Documents/GitHub/react-apprenticeship-capstone1/src/components/Menu/Menu.component.jsx
FN:8,Menu
FN:13,(anonymous_1)
FN:17,(anonymous_2)
FNF:3
FNH:1
FNDA:4,Menu
FNDA:0,(anonymous_1)
FNDA:0,(anonymous_2)
DA:9,4
DA:11,4
DA:13,0
DA:17,0
LF:4
LH:2
BRDA:16,0,0,4
BRDA:16,0,1,0
BRF:2
BRH:1
end_of_record
TN:
SF:/Users/paola.santollo/Documents/GitHub/react-apprenticeship-capstone1/src/components/Menu/Menu.styles.jsx
FNF:0
FNH:0
DA:21,4
LF:1
LH:1
BRF:0
BRH:0
end_of_record
TN:
SF:/Users/paola.santollo/Documents/GitHub/react-apprenticeship-capstone1/src/components/Menu/index.js
FNF:0
FNH:0
LF:0
LH:0
BRF:0
BRH:0
end_of_record
TN:
SF:/Users/paola.santollo/Documents/GitHub/react-apprenticeship-capstone1/src/components/Modal/Modal.component.jsx
FN:14,Modal
FNF:1
FNH:1
FNDA:9,Modal
DA:15,9
DA:17,9
LF:2
LH:2
BRDA:15,0,0,2
BRDA:15,0,1,7
BRF:2
BRH:2
end_of_record
TN:
SF:/Users/paola.santollo/Documents/GitHub/react-apprenticeship-capstone1/src/components/Modal/Modal.styles.jsx
FN:12,(anonymous_0)
FN:17,(anonymous_1)
FNF:2
FNH:2
FNDA:9,(anonymous_0)
FNDA:9,(anonymous_1)
DA:3,4
DA:12,9
DA:15,4
DA:17,9
DA:29,4
DA:35,4
LF:6
LH:6
BRF:0
BRH:0
end_of_record
TN:
SF:/Users/paola.santollo/Documents/GitHub/react-apprenticeship-capstone1/src/components/Modal/index.js
FNF:0
FNH:0
LF:0
LH:0
BRF:0
BRH:0
end_of_record
TN:
SF:/Users/paola.santollo/Documents/GitHub/react-apprenticeship-capstone1/src/components/Private/Private.component.jsx
FN:7,Private
FN:13,(anonymous_1)
FNF:2
FNH:2
FNDA:2,Private
FNDA:2,(anonymous_1)
DA:8,2
DA:10,2
DA:13,2
LF:3
LH:3
BRDA:13,0,0,0
BRDA:13,0,1,2
BRF:2
BRH:1
end_of_record
TN:
SF:/Users/paola.santollo/Documents/GitHub/react-apprenticeship-capstone1/src/components/Private/index.js
FNF:0
FNH:0
LF:0
LH:0
BRF:0
BRH:0
end_of_record
TN:
SF:/Users/paola.santollo/Documents/GitHub/react-apprenticeship-capstone1/src/components/SearchBar/SearchBar.component.jsx
FN:13,SearchBar
FNF:1
FNH:1
FNDA:8,SearchBar
DA:14,8
DA:16,8
LF:2
LH:2
BRF:0
BRH:0
end_of_record
TN:
SF:/Users/paola.santollo/Documents/GitHub/react-apprenticeship-capstone1/src/components/SearchBar/SearchBar.styles.jsx
FNF:0
FNH:0
DA:3,4
DA:10,4
DA:32,4
LF:3
LH:3
BRF:0
BRH:0
end_of_record
TN:
SF:/Users/paola.santollo/Documents/GitHub/react-apprenticeship-capstone1/src/components/SearchBar/index.js
FNF:0
FNH:0
LF:0
LH:0
BRF:0
BRH:0
end_of_record
TN:
SF:/Users/paola.santollo/Documents/GitHub/react-apprenticeship-capstone1/src/components/Switch/Switch.component.jsx
FN:10,Switch
FNF:1
FNH:1
FNDA:8,Switch
DA:11,8
LF:1
LH:1
BRDA:13,0,0,8
BRDA:13,0,1,7
BRF:2
BRH:2
end_of_record
TN:
SF:/Users/paola.santollo/Documents/GitHub/react-apprenticeship-capstone1/src/components/Switch/Switch.styles.jsx
FN:52,(anonymous_0)
FNF:1
FNH:1
FNDA:7,(anonymous_0)
DA:3,4
DA:7,4
DA:32,4
DA:49,4
DA:52,7
LF:5
LH:5
BRF:0
BRH:0
end_of_record
TN:
SF:/Users/paola.santollo/Documents/GitHub/react-apprenticeship-capstone1/src/components/Switch/index.js
FNF:0
FNH:0
LF:0
LH:0
BRF:0
BRH:0
end_of_record
TN:
SF:/Users/paola.santollo/Documents/GitHub/react-apprenticeship-capstone1/src/components/VideoCard/VideoCard.component.jsx
FN:12,VideoCard
FNF:1
FNH:1
FNDA:49,VideoCard
DA:21,49
DA:30,49
LF:2
LH:2
BRF:0
BRH:0
end_of_record
TN:
SF:/Users/paola.santollo/Documents/GitHub/react-apprenticeship-capstone1/src/components/VideoCard/VideoCard.styles.jsx
FNF:0
FNH:0
DA:15,4
DA:22,4
DA:43,4
LF:3
LH:3
BRF:0
BRH:0
end_of_record
TN:
SF:/Users/paola.santollo/Documents/GitHub/react-apprenticeship-capstone1/src/components/VideoCard/index.js
FNF:0
FNH:0
LF:0
LH:0
BRF:0
BRH:0
end_of_record
TN:
SF:/Users/paola.santollo/Documents/GitHub/react-apprenticeship-capstone1/src/pages/Favorites/Favorites.page.jsx
FN:11,FavoritesPage
FN:18,(anonymous_1)
FNF:2
FNH:1
FNDA:1,FavoritesPage
FNDA:0,(anonymous_1)
DA:12,1
DA:14,1
DA:19,0
LF:3
LH:2
BRDA:16,0,0,0
BRDA:16,0,1,1
BRF:2
BRH:1
end_of_record
TN:
SF:/Users/paola.santollo/Documents/GitHub/react-apprenticeship-capstone1/src/pages/Favorites/Favorites.styles.jsx
FNF:0
FNH:0
DA:3,2
DA:10,2
DA:14,2
LF:3
LH:3
BRF:0
BRH:0
end_of_record
TN:
SF:/Users/paola.santollo/Documents/GitHub/react-apprenticeship-capstone1/src/pages/Favorites/index.js
FNF:0
FNH:0
LF:0
LH:0
BRF:0
BRH:0
end_of_record
TN:
SF:/Users/paola.santollo/Documents/GitHub/react-apprenticeship-capstone1/src/pages/Home/Home.page.jsx
FN:8,HomePage
FN:25,(anonymous_1)
FNF:2
FNH:2
FNDA:2,HomePage
FNDA:50,(anonymous_1)
DA:9,2
DA:10,2
DA:12,2
DA:26,50
LF:4
LH:4
BRDA:14,0,0,2
BRDA:14,0,1,0
BRDA:16,1,0,2
BRDA:16,1,1,2
BRDA:26,2,0,50
BRDA:26,2,1,48
BRF:6
BRH:5
end_of_record
TN:
SF:/Users/paola.santollo/Documents/GitHub/react-apprenticeship-capstone1/src/pages/Home/Home.styles.jsx
FNF:0
FNH:0
DA:3,2
DA:7,2
LF:2
LH:2
BRF:0
BRH:0
end_of_record
TN:
SF:/Users/paola.santollo/Documents/GitHub/react-apprenticeship-capstone1/src/pages/Home/index.js
FNF:0
FNH:0
LF:0
LH:0
BRF:0
BRH:0
end_of_record
TN:
SF:/Users/paola.santollo/Documents/GitHub/react-apprenticeship-capstone1/src/pages/NotFound/NotFound.page.jsx
FN:5,NotFoundPage
FNF:1
FNH:1
FNDA:1,NotFoundPage
DA:6,1
LF:1
LH:1
BRF:0
BRH:0
end_of_record
TN:
SF:/Users/paola.santollo/Documents/GitHub/react-apprenticeship-capstone1/src/pages/NotFound/index.js
FNF:0
FNH:0
LF:0
LH:0
BRF:0
BRH:0
end_of_record
TN:
SF:/Users/paola.santollo/Documents/GitHub/react-apprenticeship-capstone1/src/pages/VideoDetail/VideoDetail.page.jsx
FN:21,VideoDetailPage
FN:26,(anonymous_1)
FN:75,(anonymous_2)
FN:91,(anonymous_3)
FNF:4
FNH:0
FNDA:0,VideoDetailPage
FNDA:0,(anonymous_1)
FNDA:0,(anonymous_2)
FNDA:0,(anonymous_3)
DA:22,0
DA:23,0
DA:24,0
DA:26,0
DA:27,0
DA:28,0
DA:31,0
DA:33,0
DA:76,0
DA:92,0
LF:10
LH:0
BRDA:46,0,0,0
BRDA:46,0,1,0
BRDA:48,1,0,0
BRDA:48,1,1,0
BRDA:62,2,0,0
BRDA:62,2,1,0
BRDA:72,3,0,0
BRDA:72,3,1,0
BRDA:76,4,0,0
BRDA:76,4,1,0
BRDA:88,5,0,0
BRDA:88,5,1,0
BRDA:90,6,0,0
BRDA:90,6,1,0
BRF:14
BRH:0
end_of_record
TN:
SF:/Users/paola.santollo/Documents/GitHub/react-apprenticeship-capstone1/src/pages/VideoDetail/VideoDetail.styles.jsx
FNF:0
FNH:0
DA:3,1
DA:8,1
DA:16,1
DA:21,1
DA:25,1
DA:47,1
DA:54,1
LF:7
LH:7
BRF:0
BRH:0
end_of_record
TN:
SF:/Users/paola.santollo/Documents/GitHub/react-apprenticeship-capstone1/src/pages/VideoDetail/index.js
FNF:0
FNH:0
LF:0
LH:0
BRF:0
BRH:0
end_of_record
TN:
SF:/Users/paola.santollo/Documents/GitHub/react-apprenticeship-capstone1/src/providers/Global.provider.jsx
FN:9,useGlobalContext
FN:18,GlobalProvider
FN:28,reducer
FN:69,(anonymous_3)
FN:78,(anonymous_4)
FN:80,(anonymous_5)
FN:91,(anonymous_6)
FN:96,(anonymous_7)
FN:108,(anonymous_8)
FN:115,(anonymous_9)
FNF:10
FNH:4
FNDA:24,useGlobalContext
FNDA:16,GlobalProvider
FNDA:16,reducer
FNDA:8,(anonymous_3)
FNDA:0,(anonymous_4)
FNDA:0,(anonymous_5)
FNDA:0,(anonymous_6)
FNDA:0,(anonymous_7)
FNDA:0,(anonymous_8)
FNDA:0,(anonymous_9)
DA:7,7
DA:10,24
DA:11,24
DA:12,0
DA:14,24
DA:19,16
DA:29,16
DA:31,0
DA:37,0
DA:43,0
DA:48,0
DA:53,16
DA:58,0
DA:63,0
DA:67,16
DA:69,16
DA:70,8
DA:71,8
DA:72,8
DA:78,16
DA:79,0
DA:81,0
DA:85,0
DA:89,0
DA:92,0
DA:96,16
DA:97,0
DA:101,0
DA:105,0
DA:108,16
DA:109,0
DA:112,0
DA:115,16
DA:116,0
DA:122,16
LF:35
LH:17
BRDA:11,0,0,0
BRDA:11,0,1,24
BRDA:29,1,0,0
BRDA:29,1,1,0
BRDA:29,1,2,0
BRDA:29,1,3,0
BRDA:29,1,4,16
BRDA:29,1,5,0
BRDA:29,1,6,0
BRDA:109,2,0,0
BRDA:109,2,1,0
BRF:11
BRH:2
end_of_record
TN:
SF:/Users/paola.santollo/Documents/GitHub/react-apprenticeship-capstone1/src/providers/index.js
FNF:0
FNH:0
LF:0
LH:0
BRF:0
BRH:0
end_of_record
TN:
SF:/Users/paola.santollo/Documents/GitHub/react-apprenticeship-capstone1/src/utils/constants.js
FNF:0
FNH:0
DA:1,7
LF:1
LH:1
BRF:0
BRH:0
end_of_record
TN:
SF:/Users/paola.santollo/Documents/GitHub/react-apprenticeship-capstone1/src/utils/storage.js
FN:2,(anonymous_0)
FN:12,(anonymous_1)
FN:18,(anonymous_2)
FN:28,(anonymous_3)
FNF:4
FNH:2
FNDA:8,(anonymous_0)
FNDA:0,(anonymous_1)
FNDA:1,(anonymous_2)
FNDA:0,(anonymous_3)
DA:1,8
DA:3,8
DA:4,8
DA:5,8
DA:7,0
DA:8,0
DA:13,0
DA:17,8
DA:19,1
DA:20,1
DA:21,1
DA:23,0
DA:24,0
DA:29,0
DA:30,0
DA:31,0
DA:32,0
DA:33,0
DA:34,0
DA:36,0
DA:37,0
DA:38,0
DA:40,0
DA:41,0
LF:24
LH:8
BRDA:31,0,0,0
BRDA:31,0,1,0
BRF:2
BRH:0
end_of_record
TN:
SF:/Users/paola.santollo/Documents/GitHub/react-apprenticeship-capstone1/src/utils/mocks/login.api.js
FN:8,loginApi
FN:9,(anonymous_1)
FN:10,(anonymous_2)
FNF:3
FNH:0
FNDA:0,loginApi
FNDA:0,(anonymous_1)
FNDA:0,(anonymous_2)
DA:1,7
DA:9,0
DA:10,0
DA:11,0
DA:12,0
DA:14,0
LF:6
LH:1
BRDA:11,0,0,0
BRDA:11,0,1,0
BRDA:11,1,0,0
BRDA:11,1,1,0
BRF:4
BRH:0
end_of_record
TN:
SF:/Users/paola.santollo/Documents/GitHub/react-apprenticeship-capstone1/src/utils/mocks/youtube-videos-mock.js
FNF:0
FNH:0
DA:1,3
LF:1
LH:1
BRF:0
BRH:0
end_of_record
