TN:
SF:/Users/paola.santollo/Documents/GitHub/react-apprenticeship-capstone1/src/index.js
FNF:0
FNH:0
DA:7,0
LF:1
LH:0
BRF:0
BRH:0
end_of_record
TN:
SF:/Users/paola.santollo/Documents/GitHub/react-apprenticeship-capstone1/src/theme.js
FNF:0
FNH:0
DA:15,3
DA:22,3
LF:2
LH:2
BRF:0
BRH:0
end_of_record
TN:
SF:/Users/paola.santollo/Documents/GitHub/react-apprenticeship-capstone1/src/components/App/App.component.jsx
FN:12,App
FNF:1
FNH:1
FNDA:1,App
DA:13,1
LF:1
LH:1
BRF:0
BRH:0
end_of_record
TN:
SF:/Users/paola.santollo/Documents/GitHub/react-apprenticeship-capstone1/src/components/App/index.js
FNF:0
FNH:0
LF:0
LH:0
BRF:0
BRH:0
end_of_record
TN:
SF:/Users/paola.santollo/Documents/GitHub/react-apprenticeship-capstone1/src/components/Button/Button.component.jsx
FN:5,Button
FNF:1
FNH:1
FNDA:16,Button
DA:6,16
LF:1
LH:1
BRF:0
BRH:0
end_of_record
TN:
SF:/Users/paola.santollo/Documents/GitHub/react-apprenticeship-capstone1/src/components/Button/Button.styles.jsx
FN:10,(anonymous_0)
FNF:1
FNH:1
FNDA:16,(anonymous_0)
DA:3,6
DA:10,16
LF:2
LH:2
BRF:0
BRH:0
end_of_record
TN:
SF:/Users/paola.santollo/Documents/GitHub/react-apprenticeship-capstone1/src/components/Button/index.js
FNF:0
FNH:0
LF:0
LH:0
BRF:0
BRH:0
end_of_record
TN:
SF:/Users/paola.santollo/Documents/GitHub/react-apprenticeship-capstone1/src/components/ChannelCard/ChannelCard.component.jsx
FN:11,ChannelCard
FNF:1
FNH:1
FNDA:3,ChannelCard
DA:12,3
LF:1
LH:1
BRF:0
BRH:0
end_of_record
TN:
SF:/Users/paola.santollo/Documents/GitHub/react-apprenticeship-capstone1/src/components/ChannelCard/ChannelCard.styles.jsx
FNF:0
FNH:0
DA:3,3
DA:19,3
DA:32,3
DA:36,3
LF:4
LH:4
BRF:0
BRH:0
end_of_record
TN:
SF:/Users/paola.santollo/Documents/GitHub/react-apprenticeship-capstone1/src/components/ChannelCard/index.js
FNF:0
FNH:0
LF:0
LH:0
BRF:0
BRH:0
end_of_record
TN:
SF:/Users/paola.santollo/Documents/GitHub/react-apprenticeship-capstone1/src/components/Header/Header.component.jsx
FN:25,Header
FN:31,deAuthenticate
FN:37,authenticate
FN:46,(anonymous_3)
FN:50,(anonymous_4)
FN:56,(anonymous_5)
FN:79,(anonymous_6)
FNF:7
FNH:1
FNDA:6,Header
FNDA:0,deAuthenticate
FNDA:0,authenticate
FNDA:0,(anonymous_3)
FNDA:0,(anonymous_4)
FNDA:0,(anonymous_5)
FNDA:0,(anonymous_6)
DA:26,6
DA:27,6
DA:28,6
DA:29,6
DA:32,0
DA:33,0
DA:34,0
DA:38,0
DA:39,0
DA:40,0
DA:41,0
DA:44,6
DA:46,0
DA:50,0
DA:56,0
DA:79,0
LF:16
LH:5
BRDA:49,0,0,0
BRDA:49,0,1,6
BRDA:63,1,0,6
BRDA:63,1,1,0
BRDA:72,2,0,0
BRDA:72,2,1,6
BRF:6
BRH:3
end_of_record
TN:
SF:/Users/paola.santollo/Documents/GitHub/react-apprenticeship-capstone1/src/components/Header/Header.styles.jsx
FN:4,(anonymous_0)
FNF:1
FNH:1
FNDA:6,(anonymous_0)
DA:3,3
DA:4,6
DA:17,3
DA:22,3
LF:4
LH:4
BRF:0
BRH:0
end_of_record
TN:
SF:/Users/paola.santollo/Documents/GitHub/react-apprenticeship-capstone1/src/components/Header/index.js
FNF:0
FNH:0
LF:0
LH:0
BRF:0
BRH:0
end_of_record
TN:
SF:/Users/paola.santollo/Documents/GitHub/react-apprenticeship-capstone1/src/components/IconButton/IconButton.component.jsx
FN:6,IconButton
FNF:1
FNH:1
FNDA:23,IconButton
DA:7,23
DA:9,23
DA:10,1
DA:13,23
LF:4
LH:4
BRDA:9,0,0,1
BRDA:9,0,1,22
BRF:2
BRH:2
end_of_record
TN:
SF:/Users/paola.santollo/Documents/GitHub/react-apprenticeship-capstone1/src/components/IconButton/IconButton.styles.jsx
FN:7,(anonymous_0)
FNF:1
FNH:1
FNDA:23,(anonymous_0)
DA:3,5
DA:7,23
LF:2
LH:2
BRF:0
BRH:0
end_of_record
TN:
SF:/Users/paola.santollo/Documents/GitHub/react-apprenticeship-capstone1/src/components/IconButton/index.js
FNF:0
FNH:0
LF:0
LH:0
BRF:0
BRH:0
end_of_record
TN:
SF:/Users/paola.santollo/Documents/GitHub/react-apprenticeship-capstone1/src/components/Input/Input.component.jsx
FN:6,Input
FNF:1
FNH:1
FNDA:23,Input
DA:7,23
LF:1
LH:1
BRF:0
BRH:0
end_of_record
TN:
SF:/Users/paola.santollo/Documents/GitHub/react-apprenticeship-capstone1/src/components/Input/Input.styles.jsx
FN:4,(anonymous_0)
FN:7,(anonymous_1)
FNF:2
FNH:2
FNDA:23,(anonymous_0)
FNDA:23,(anonymous_1)
DA:3,6
DA:4,23
DA:7,23
LF:3
LH:3
BRF:0
BRH:0
end_of_record
TN:
SF:/Users/paola.santollo/Documents/GitHub/react-apprenticeship-capstone1/src/components/Input/index.js
FNF:0
FNH:0
LF:0
LH:0
BRF:0
BRH:0
end_of_record
TN:
SF:/Users/paola.santollo/Documents/GitHub/react-apprenticeship-capstone1/src/components/Layout/Layout.component.jsx
FN:10,Layout
FNF:1
FNH:1
FNDA:4,Layout
DA:11,4
DA:13,4
LF:2
LH:2
BRDA:15,0,0,0
BRDA:15,0,1,4
BRF:2
BRH:1
end_of_record
TN:
SF:/Users/paola.santollo/Documents/GitHub/react-apprenticeship-capstone1/src/components/Layout/Layout.styles.jsx
FNF:0
FNH:0
DA:3,2
LF:1
LH:1
BRF:0
BRH:0
end_of_record
TN:
SF:/Users/paola.santollo/Documents/GitHub/react-apprenticeship-capstone1/src/components/Layout/index.js
FNF:0
FNH:0
LF:0
LH:0
BRF:0
BRH:0
end_of_record
TN:
SF:/Users/paola.santollo/Documents/GitHub/react-apprenticeship-capstone1/src/components/LoginForm/LoginForm.component.jsx
FN:7,LoginForm
FNF:1
FNH:1
FNDA:7,LoginForm
DA:8,7
LF:1
LH:1
BRF:0
BRH:0
end_of_record
TN:
SF:/Users/paola.santollo/Documents/GitHub/react-apprenticeship-capstone1/src/components/LoginForm/LoginForm.styles.jsx
FN:6,(anonymous_0)
FN:19,(anonymous_1)
FNF:2
FNH:2
FNDA:7,(anonymous_0)
FNDA:7,(anonymous_1)
DA:3,4
DA:6,7
DA:15,4
DA:19,7
LF:4
LH:4
BRF:0
BRH:0
end_of_record
TN:
SF:/Users/paola.santollo/Documents/GitHub/react-apprenticeship-capstone1/src/components/LoginForm/index.js
FNF:0
FNH:0
LF:0
LH:0
BRF:0
BRH:0
end_of_record
TN:
SF:/Users/paola.santollo/Documents/GitHub/react-apprenticeship-capstone1/src/components/Menu/Menu.component.jsx
FN:8,Menu
FN:13,(anonymous_1)
FN:17,(anonymous_2)
FNF:3
FNH:1
FNDA:4,Menu
FNDA:0,(anonymous_1)
FNDA:0,(anonymous_2)
DA:9,4
DA:11,4
DA:13,0
DA:17,0
LF:4
LH:2
BRDA:16,0,0,4
BRDA:16,0,1,0
BRF:2
BRH:1
end_of_record
TN:
SF:/Users/paola.santollo/Documents/GitHub/react-apprenticeship-capstone1/src/components/Menu/Menu.styles.jsx
FNF:0
FNH:0
DA:21,4
LF:1
LH:1
BRF:0
BRH:0
end_of_record
TN:
SF:/Users/paola.santollo/Documents/GitHub/react-apprenticeship-capstone1/src/components/Menu/index.js
FNF:0
FNH:0
LF:0
LH:0
BRF:0
BRH:0
end_of_record
TN:
SF:/Users/paola.santollo/Documents/GitHub/react-apprenticeship-capstone1/src/components/Modal/Modal.component.jsx
FN:14,Modal
FNF:1
FNH:1
FNDA:9,Modal
DA:15,9
DA:17,9
LF:2
LH:2
BRDA:15,0,0,2
BRDA:15,0,1,7
BRF:2
BRH:2
end_of_record
TN:
SF:/Users/paola.santollo/Documents/GitHub/react-apprenticeship-capstone1/src/components/Modal/Modal.styles.jsx
FN:12,(anonymous_0)
FN:17,(anonymous_1)
FNF:2
FNH:2
FNDA:9,(anonymous_0)
FNDA:9,(anonymous_1)
DA:3,4
DA:12,9
DA:15,4
DA:17,9
DA:29,4
DA:35,4
LF:6
LH:6
BRF:0
BRH:0
end_of_record
TN:
SF:/Users/paola.santollo/Documents/GitHub/react-apprenticeship-capstone1/src/components/Modal/index.js
FNF:0
FNH:0
LF:0
LH:0
BRF:0
BRH:0
end_of_record
TN:
SF:/Users/paola.santollo/Documents/GitHub/react-apprenticeship-capstone1/src/components/Private/Private.component.jsx
FN:7,Private
FN:13,(anonymous_1)
FNF:2
FNH:2
FNDA:2,Private
FNDA:2,(anonymous_1)
DA:8,2
DA:10,2
DA:13,2
LF:3
LH:3
BRDA:13,0,0,0
BRDA:13,0,1,2
BRF:2
BRH:1
end_of_record
TN:
SF:/Users/paola.santollo/Documents/GitHub/react-apprenticeship-capstone1/src/components/Private/index.js
FNF:0
FNH:0
LF:0
LH:0
BRF:0
BRH:0
end_of_record
TN:
SF:/Users/paola.santollo/Documents/GitHub/react-apprenticeship-capstone1/src/components/SearchBar/SearchBar.component.jsx
FN:13,SearchBar
FNF:1
FNH:1
FNDA:8,SearchBar
DA:14,8
DA:16,8
LF:2
LH:2
BRF:0
BRH:0
end_of_record
TN:
SF:/Users/paola.santollo/Documents/GitHub/react-apprenticeship-capstone1/src/components/SearchBar/SearchBar.styles.jsx
FNF:0
FNH:0
DA:3,4
DA:10,4
DA:32,4
LF:3
LH:3
BRF:0
BRH:0
end_of_record
TN:
SF:/Users/paola.santollo/Documents/GitHub/react-apprenticeship-capstone1/src/components/SearchBar/index.js
FNF:0
FNH:0
LF:0
LH:0
BRF:0
BRH:0
end_of_record
TN:
SF:/Users/paola.santollo/Documents/GitHub/react-apprenticeship-capstone1/src/components/Switch/Switch.component.jsx
FN:10,Switch
FNF:1
FNH:1
FNDA:8,Switch
DA:11,8
LF:1
LH:1
BRDA:13,0,0,8
BRDA:13,0,1,7
BRF:2
BRH:2
end_of_record
TN:
SF:/Users/paola.santollo/Documents/GitHub/react-apprenticeship-capstone1/src/components/Switch/Switch.styles.jsx
FN:52,(anonymous_0)
FNF:1
FNH:1
FNDA:7,(anonymous_0)
DA:3,4
DA:7,4
DA:32,4
DA:49,4
DA:52,7
LF:5
LH:5
BRF:0
BRH:0
end_of_record
TN:
SF:/Users/paola.santollo/Documents/GitHub/react-apprenticeship-capstone1/src/components/Switch/index.js
FNF:0
FNH:0
LF:0
LH:0
BRF:0
BRH:0
end_of_record
TN:
SF:/Users/paola.santollo/Documents/GitHub/react-apprenticeship-capstone1/src/components/VideoCard/VideoCard.component.jsx
FN:12,VideoCard
FNF:1
FNH:1
FNDA:49,VideoCard
DA:13,49
LF:1
LH:1
BRF:0
BRH:0
end_of_record
TN:
SF:/Users/paola.santollo/Documents/GitHub/react-apprenticeship-capstone1/src/components/VideoCard/VideoCard.styles.jsx
FNF:0
FNH:0
DA:15,4
DA:22,4
DA:43,4
LF:3
LH:3
BRF:0
BRH:0
end_of_record
TN:
SF:/Users/paola.santollo/Documents/GitHub/react-apprenticeship-capstone1/src/components/VideoCard/index.js
FNF:0
FNH:0
LF:0
LH:0
BRF:0
BRH:0
end_of_record
TN:
SF:/Users/paola.santollo/Documents/GitHub/react-apprenticeship-capstone1/src/pages/Favorites/Favorites.page.jsx
FN:6,FavoritesPage
FN:10,(anonymous_1)
FNF:2
FNH:1
FNDA:1,FavoritesPage
FNDA:0,(anonymous_1)
DA:7,1
DA:11,0
LF:2
LH:1
BRDA:9,0,0,0
BRDA:9,0,1,1
BRF:2
BRH:1
end_of_record
TN:
SF:/Users/paola.santollo/Documents/GitHub/react-apprenticeship-capstone1/src/pages/Favorites/Favorites.styles.jsx
FNF:0
FNH:0
DA:3,2
DA:10,2
LF:2
LH:2
BRF:0
BRH:0
end_of_record
TN:
SF:/Users/paola.santollo/Documents/GitHub/react-apprenticeship-capstone1/src/pages/Favorites/index.js
FNF:0
FNH:0
LF:0
LH:0
BRF:0
BRH:0
end_of_record
TN:
SF:/Users/paola.santollo/Documents/GitHub/react-apprenticeship-capstone1/src/pages/Home/Home.page.jsx
FN:8,HomePage
FN:25,(anonymous_1)
FNF:2
FNH:2
FNDA:2,HomePage
FNDA:50,(anonymous_1)
DA:9,2
DA:10,2
DA:12,2
DA:26,50
LF:4
LH:4
BRDA:14,0,0,2
BRDA:14,0,1,0
BRDA:16,1,0,2
BRDA:16,1,1,2
BRDA:26,2,0,50
BRDA:26,2,1,48
BRF:6
BRH:5
end_of_record
TN:
SF:/Users/paola.santollo/Documents/GitHub/react-apprenticeship-capstone1/src/pages/Home/Home.styles.jsx
FNF:0
FNH:0
DA:3,2
DA:7,2
LF:2
LH:2
BRF:0
BRH:0
end_of_record
TN:
SF:/Users/paola.santollo/Documents/GitHub/react-apprenticeship-capstone1/src/pages/Home/index.js
FNF:0
FNH:0
LF:0
LH:0
BRF:0
BRH:0
end_of_record
TN:
SF:/Users/paola.santollo/Documents/GitHub/react-apprenticeship-capstone1/src/pages/NotFound/NotFound.page.jsx
FN:5,NotFoundPage
FNF:1
FNH:1
FNDA:1,NotFoundPage
DA:6,1
LF:1
LH:1
BRF:0
BRH:0
end_of_record
TN:
SF:/Users/paola.santollo/Documents/GitHub/react-apprenticeship-capstone1/src/pages/NotFound/index.js
FNF:0
FNH:0
LF:0
LH:0
BRF:0
BRH:0
end_of_record
TN:
SF:/Users/paola.santollo/Documents/GitHub/react-apprenticeship-capstone1/src/pages/VideoDetail/VideoDetail.page.jsx
FN:20,VideoDetailPage
FN:38,(anonymous_1)
FN:66,(anonymous_2)
FNF:3
FNH:0
FNDA:0,VideoDetailPage
FNDA:0,(anonymous_1)
FNDA:0,(anonymous_2)
DA:21,0
DA:22,0
DA:24,0
DA:38,0
DA:67,0
LF:5
LH:0
BRDA:37,0,0,0
BRDA:37,0,1,0
BRDA:39,1,0,0
BRDA:39,1,1,0
BRDA:53,2,0,0
BRDA:53,2,1,0
BRDA:63,3,0,0
BRDA:63,3,1,0
BRDA:67,4,0,0
BRDA:67,4,1,0
BRF:10
BRH:0
end_of_record
TN:
SF:/Users/paola.santollo/Documents/GitHub/react-apprenticeship-capstone1/src/pages/VideoDetail/VideoDetail.styles.jsx
FNF:0
FNH:0
DA:3,1
DA:8,1
DA:16,1
DA:21,1
DA:25,1
DA:47,1
DA:54,1
LF:7
LH:7
BRF:0
BRH:0
end_of_record
TN:
SF:/Users/paola.santollo/Documents/GitHub/react-apprenticeship-capstone1/src/pages/VideoDetail/index.js
FNF:0
FNH:0
LF:0
LH:0
BRF:0
BRH:0
end_of_record
TN:
SF:/Users/paola.santollo/Documents/GitHub/react-apprenticeship-capstone1/src/providers/Global.provider.jsx
FN:8,useGlobalContext
FN:17,GlobalProvider
FN:25,reducer
FN:61,(anonymous_3)
FN:70,(anonymous_4)
FN:78,(anonymous_5)
FN:86,(anonymous_6)
FN:93,(anonymous_7)
FNF:8
FNH:4
FNDA:24,useGlobalContext
FNDA:16,GlobalProvider
FNDA:16,reducer
FNDA:8,(anonymous_3)
FNDA:0,(anonymous_4)
FNDA:0,(anonymous_5)
FNDA:0,(anonymous_6)
FNDA:0,(anonymous_7)
DA:6,7
DA:9,24
DA:10,24
DA:11,0
DA:13,24
DA:18,16
DA:26,16
DA:28,0
DA:34,0
DA:40,0
DA:45,0
DA:50,16
DA:55,0
DA:59,16
DA:61,16
DA:62,8
DA:63,8
DA:64,8
DA:70,16
DA:71,0
DA:75,0
DA:78,16
DA:79,0
DA:83,0
DA:86,16
DA:87,0
DA:90,0
DA:93,16
DA:94,0
DA:100,16
LF:30
LH:17
BRDA:10,0,0,0
BRDA:10,0,1,24
BRDA:26,1,0,0
BRDA:26,1,1,0
BRDA:26,1,2,0
BRDA:26,1,3,0
BRDA:26,1,4,16
BRDA:26,1,5,0
BRDA:87,2,0,0
BRDA:87,2,1,0
BRF:10
BRH:2
end_of_record
TN:
SF:/Users/paola.santollo/Documents/GitHub/react-apprenticeship-capstone1/src/providers/index.js
FNF:0
FNH:0
LF:0
LH:0
BRF:0
BRH:0
end_of_record
TN:
SF:/Users/paola.santollo/Documents/GitHub/react-apprenticeship-capstone1/src/utils/constants.js
FNF:0
FNH:0
DA:1,7
LF:1
LH:1
BRF:0
BRH:0
end_of_record
TN:
SF:/Users/paola.santollo/Documents/GitHub/react-apprenticeship-capstone1/src/utils/storage.js
FN:2,(anonymous_0)
FN:12,(anonymous_1)
FNF:2
FNH:1
FNDA:8,(anonymous_0)
FNDA:0,(anonymous_1)
DA:1,7
DA:3,8
DA:4,8
DA:5,8
DA:7,0
DA:8,0
DA:13,0
LF:7
LH:4
BRF:0
BRH:0
end_of_record
TN:
SF:/Users/paola.santollo/Documents/GitHub/react-apprenticeship-capstone1/src/utils/mocks/youtube-videos-mock.js
FNF:0
FNH:0
DA:1,3
LF:1
LH:1
BRF:0
BRH:0
end_of_record
